2017-09-23 21:35:46.611429: W tensorflow/core/platform/cpu_feature_guard.cc:45] The TensorFlow library wasn't compiled to use SSE4.1 instructions, but these are available on your machine and could speed up CPU computations.
2017-09-23 21:35:46.611455: W tensorflow/core/platform/cpu_feature_guard.cc:45] The TensorFlow library wasn't compiled to use SSE4.2 instructions, but these are available on your machine and could speed up CPU computations.
2017-09-23 21:35:46.611459: W tensorflow/core/platform/cpu_feature_guard.cc:45] The TensorFlow library wasn't compiled to use AVX instructions, but these are available on your machine and could speed up CPU computations.
2017-09-23 21:35:46.611461: W tensorflow/core/platform/cpu_feature_guard.cc:45] The TensorFlow library wasn't compiled to use AVX2 instructions, but these are available on your machine and could speed up CPU computations.
2017-09-23 21:35:46.611464: W tensorflow/core/platform/cpu_feature_guard.cc:45] The TensorFlow library wasn't compiled to use FMA instructions, but these are available on your machine and could speed up CPU computations.
2017-09-23 21:35:48.609189: I tensorflow/stream_executor/cuda/cuda_gpu_executor.cc:893] successful NUMA node read from SysFS had negative value (-1), but there must be at least one NUMA node, so returning NUMA node zero
2017-09-23 21:35:48.609587: I tensorflow/core/common_runtime/gpu/gpu_device.cc:940] Found device 0 with properties: 
name: Tesla K40c
major: 3 minor: 5 memoryClockRate (GHz) 0.745
pciBusID 0000:04:00.0
Total memory: 11.17GiB
Free memory: 11.10GiB
2017-09-23 21:35:48.609597: I tensorflow/core/common_runtime/gpu/gpu_device.cc:961] DMA: 0 
2017-09-23 21:35:48.609601: I tensorflow/core/common_runtime/gpu/gpu_device.cc:971] 0:   Y 
2017-09-23 21:35:48.609607: I tensorflow/core/common_runtime/gpu/gpu_device.cc:1030] Creating TensorFlow device (/gpu:0) -> (device: 0, name: Tesla K40c, pci bus id: 0000:04:00.0)
2017-09-23 21:35:49.171818: I tensorflow/core/common_runtime/gpu/pool_allocator.cc:247] PoolAllocator: After 3326 get requests, put_count=2569 evicted_count=1000 eviction_rate=0.389257 and unsatisfied allocation rate=0.558328
2017-09-23 21:35:49.171841: I tensorflow/core/common_runtime/gpu/pool_allocator.cc:259] Raising pool_size_limit_ from 100 to 110
2017-09-23 21:35:50.484389: I tensorflow/core/common_runtime/gpu/pool_allocator.cc:247] PoolAllocator: After 806 get requests, put_count=1825 evicted_count=1000 eviction_rate=0.547945 and unsatisfied allocation rate=0.00248139
2017-09-23 21:35:50.484415: I tensorflow/core/common_runtime/gpu/pool_allocator.cc:259] Raising pool_size_limit_ from 233 to 256
2017-09-23 21:35:52.097296: I tensorflow/core/common_runtime/gpu/pool_allocator.cc:247] PoolAllocator: After 3274 get requests, put_count=3104 evicted_count=1000 eviction_rate=0.322165 and unsatisfied allocation rate=0.372327
2017-09-23 21:35:52.097322: I tensorflow/core/common_runtime/gpu/pool_allocator.cc:259] Raising pool_size_limit_ from 542 to 596
2017-09-23 21:35:54.693139: I tensorflow/core/common_runtime/gpu/pool_allocator.cc:247] PoolAllocator: After 7595 get requests, put_count=7452 evicted_count=1000 eviction_rate=0.134192 and unsatisfied allocation rate=0.165635
2017-09-23 21:35:54.693165: I tensorflow/core/common_runtime/gpu/pool_allocator.cc:259] Raising pool_size_limit_ from 1273 to 1400
2017-09-23 21:40:41.180130: I tensorflow/core/common_runtime/gpu/pool_allocator.cc:247] PoolAllocator: After 4372847 get requests, put_count=4372850 evicted_count=6000 eviction_rate=0.0013721 and unsatisfied allocation rate=0.00141395
2017-09-23 21:47:27.018367: I tensorflow/core/common_runtime/gpu/pool_allocator.cc:247] PoolAllocator: After 11006964 get requests, put_count=11006965 evicted_count=16000 eviction_rate=0.00145363 and unsatisfied allocation rate=0.00147043
2017-09-23 21:53:57.085366: I tensorflow/core/common_runtime/gpu/pool_allocator.cc:247] PoolAllocator: After 17390548 get requests, put_count=17390547 evicted_count=26000 eviction_rate=0.00149507 and unsatisfied allocation rate=0.00150582
2017-09-23 22:00:38.012394: I tensorflow/core/common_runtime/gpu/pool_allocator.cc:247] PoolAllocator: After 23944631 get requests, put_count=23944634 evicted_count=36000 eviction_rate=0.00150347 and unsatisfied allocation rate=0.00151111
2017-09-23 22:07:12.081910: I tensorflow/core/common_runtime/gpu/pool_allocator.cc:247] PoolAllocator: After 30390576 get requests, put_count=30390574 evicted_count=46000 eviction_rate=0.00151363 and unsatisfied allocation rate=0.00151981
2017-09-23 22:13:36.575549: I tensorflow/core/common_runtime/gpu/pool_allocator.cc:247] PoolAllocator: After 36677535 get requests, put_count=36677535 evicted_count=56000 eviction_rate=0.00152682 and unsatisfied allocation rate=0.00153189
2017-09-23 22:20:11.899424: I tensorflow/core/common_runtime/gpu/pool_allocator.cc:247] PoolAllocator: After 43140579 get requests, put_count=43140582 evicted_count=66000 eviction_rate=0.00152988 and unsatisfied allocation rate=0.00153412
2017-09-23 22:26:35.344436: I tensorflow/core/common_runtime/gpu/pool_allocator.cc:247] PoolAllocator: After 49410682 get requests, put_count=49410684 evicted_count=76000 eviction_rate=0.00153813 and unsatisfied allocation rate=0.00154185
2017-09-23 22:33:11.461658: I tensorflow/core/common_runtime/gpu/pool_allocator.cc:247] PoolAllocator: After 55885714 get requests, put_count=55885714 evicted_count=86000 eviction_rate=0.00153885 and unsatisfied allocation rate=0.00154218
2017-09-23 22:39:49.702454: I tensorflow/core/common_runtime/gpu/pool_allocator.cc:247] PoolAllocator: After 62402138 get requests, put_count=62402137 evicted_count=96000 eviction_rate=0.00153841 and unsatisfied allocation rate=0.00154141
2017-09-23 22:46:14.588887: I tensorflow/core/common_runtime/gpu/pool_allocator.cc:247] PoolAllocator: After 68693315 get requests, put_count=68693315 evicted_count=106000 eviction_rate=0.00154309 and unsatisfied allocation rate=0.0015458
2017-09-23 22:52:31.189744: I tensorflow/core/common_runtime/gpu/pool_allocator.cc:247] PoolAllocator: After 74855906 get requests, put_count=74855909 evicted_count=116000 eviction_rate=0.00154964 and unsatisfied allocation rate=0.00155209
2017-09-23 22:58:46.165406: I tensorflow/core/common_runtime/gpu/pool_allocator.cc:247] PoolAllocator: After 80981925 get requests, put_count=80981924 evicted_count=126000 eviction_rate=0.0015559 and unsatisfied allocation rate=0.00155821
2017-09-23 23:05:32.509049: I tensorflow/core/common_runtime/gpu/pool_allocator.cc:247] PoolAllocator: After 87631244 get requests, put_count=87631245 evicted_count=136000 eviction_rate=0.00155196 and unsatisfied allocation rate=0.00155407
2017-09-23 23:12:02.537955: I tensorflow/core/common_runtime/gpu/pool_allocator.cc:247] PoolAllocator: After 94008526 get requests, put_count=94008527 evicted_count=146000 eviction_rate=0.00155305 and unsatisfied allocation rate=0.00155502
2017-09-23 23:18:25.045585: I tensorflow/core/common_runtime/gpu/pool_allocator.cc:247] PoolAllocator: After 100262741 get requests, put_count=100262742 evicted_count=156000 eviction_rate=0.00155591 and unsatisfied allocation rate=0.00155776
2017-09-23 23:25:22.679309: I tensorflow/core/common_runtime/gpu/pool_allocator.cc:247] PoolAllocator: After 107093964 get requests, put_count=107093966 evicted_count=166000 eviction_rate=0.00155004 and unsatisfied allocation rate=0.00155176
2017-09-23 23:32:06.873054: I tensorflow/core/common_runtime/gpu/pool_allocator.cc:247] PoolAllocator: After 113700903 get requests, put_count=113700905 evicted_count=176000 eviction_rate=0.00154792 and unsatisfied allocation rate=0.00154954
2017-09-23 23:38:49.570576: I tensorflow/core/common_runtime/gpu/pool_allocator.cc:247] PoolAllocator: After 120284885 get requests, put_count=120284883 evicted_count=186000 eviction_rate=0.00154633 and unsatisfied allocation rate=0.00154789
2017-09-23 23:45:26.961023: I tensorflow/core/common_runtime/gpu/pool_allocator.cc:247] PoolAllocator: After 126787215 get requests, put_count=126787217 evicted_count=196000 eviction_rate=0.0015459 and unsatisfied allocation rate=0.00154735
2017-09-23 23:52:04.990544: I tensorflow/core/common_runtime/gpu/pool_allocator.cc:247] PoolAllocator: After 133295387 get requests, put_count=133295390 evicted_count=206000 eviction_rate=0.00154544 and unsatisfied allocation rate=0.00154681
2017-09-23 23:58:20.784782: I tensorflow/core/common_runtime/gpu/pool_allocator.cc:247] PoolAllocator: After 139441372 get requests, put_count=139441374 evicted_count=216000 eviction_rate=0.00154904 and unsatisfied allocation rate=0.00155036
2017-09-24 00:04:35.320341: I tensorflow/core/common_runtime/gpu/pool_allocator.cc:247] PoolAllocator: After 145562932 get requests, put_count=145562930 evicted_count=226000 eviction_rate=0.00155259 and unsatisfied allocation rate=0.00155388
2017-09-24 00:11:17.678073: I tensorflow/core/common_runtime/gpu/pool_allocator.cc:247] PoolAllocator: After 152146304 get requests, put_count=152146303 evicted_count=236000 eviction_rate=0.00155114 and unsatisfied allocation rate=0.00155237
2017-09-24 00:17:48.899778: I tensorflow/core/common_runtime/gpu/pool_allocator.cc:247] PoolAllocator: After 158545321 get requests, put_count=158545322 evicted_count=246000 eviction_rate=0.00155161 and unsatisfied allocation rate=0.00155277
2017-09-24 00:24:17.388470: I tensorflow/core/common_runtime/gpu/pool_allocator.cc:247] PoolAllocator: After 164892874 get requests, put_count=164892873 evicted_count=256000 eviction_rate=0.00155252 and unsatisfied allocation rate=0.00155366
2017-09-24 00:30:53.117488: I tensorflow/core/common_runtime/gpu/pool_allocator.cc:247] PoolAllocator: After 171367605 get requests, put_count=171367606 evicted_count=266000 eviction_rate=0.00155222 and unsatisfied allocation rate=0.0015533
2017-09-24 00:37:25.637288: I tensorflow/core/common_runtime/gpu/pool_allocator.cc:247] PoolAllocator: After 177791173 get requests, put_count=177791172 evicted_count=276000 eviction_rate=0.00155238 and unsatisfied allocation rate=0.00155343
2017-09-24 00:44:11.550974: I tensorflow/core/common_runtime/gpu/pool_allocator.cc:247] PoolAllocator: After 184429069 get requests, put_count=184429072 evicted_count=286000 eviction_rate=0.00155073 and unsatisfied allocation rate=0.00155172
2017-09-24 00:50:26.227262: I tensorflow/core/common_runtime/gpu/pool_allocator.cc:247] PoolAllocator: After 190551783 get requests, put_count=190551786 evicted_count=296000 eviction_rate=0.00155338 and unsatisfied allocation rate=0.00155434
2017-09-24 00:57:03.571311: I tensorflow/core/common_runtime/gpu/pool_allocator.cc:247] PoolAllocator: After 197051445 get requests, put_count=197051444 evicted_count=306000 eviction_rate=0.00155289 and unsatisfied allocation rate=0.00155384
2017-09-24 01:03:45.877016: I tensorflow/core/common_runtime/gpu/pool_allocator.cc:247] PoolAllocator: After 203629692 get requests, put_count=203629692 evicted_count=316000 eviction_rate=0.00155184 and unsatisfied allocation rate=0.00155275
2017-09-24 01:10:06.413257: I tensorflow/core/common_runtime/gpu/pool_allocator.cc:247] PoolAllocator: After 209854925 get requests, put_count=209854925 evicted_count=326000 eviction_rate=0.00155345 and unsatisfied allocation rate=0.00155434
2017-09-24 01:16:54.036851: I tensorflow/core/common_runtime/gpu/pool_allocator.cc:247] PoolAllocator: After 216522282 get requests, put_count=216522207 evicted_count=336000 eviction_rate=0.0015518 and unsatisfied allocation rate=0.00155301
2017-09-24 01:23:32.345980: I tensorflow/core/common_runtime/gpu/pool_allocator.cc:247] PoolAllocator: After 223033053 get requests, put_count=223033054 evicted_count=346000 eviction_rate=0.00155134 and unsatisfied allocation rate=0.00155217
2017-09-24 01:30:07.067337: I tensorflow/core/common_runtime/gpu/pool_allocator.cc:247] PoolAllocator: After 229489195 get requests, put_count=229489193 evicted_count=356000 eviction_rate=0.00155127 and unsatisfied allocation rate=0.00155209
2017-09-24 01:36:45.648285: I tensorflow/core/common_runtime/gpu/pool_allocator.cc:247] PoolAllocator: After 236006279 get requests, put_count=236006282 evicted_count=366000 eviction_rate=0.00155081 and unsatisfied allocation rate=0.00155158
2017-09-24 01:43:27.245874: I tensorflow/core/common_runtime/gpu/pool_allocator.cc:247] PoolAllocator: After 242580767 get requests, put_count=242580770 evicted_count=376000 eviction_rate=0.00155 and unsatisfied allocation rate=0.00155075
2017-09-24 01:49:30.745809: I tensorflow/core/common_runtime/gpu/pool_allocator.cc:247] PoolAllocator: After 248525639 get requests, put_count=248525641 evicted_count=386000 eviction_rate=0.00155316 and unsatisfied allocation rate=0.0015539
2017-09-24 01:55:51.025780: I tensorflow/core/common_runtime/gpu/pool_allocator.cc:247] PoolAllocator: After 254740535 get requests, put_count=254740537 evicted_count=396000 eviction_rate=0.00155452 and unsatisfied allocation rate=0.00155525
2017-09-24 02:02:27.678423: I tensorflow/core/common_runtime/gpu/pool_allocator.cc:247] PoolAllocator: After 261225146 get requests, put_count=261225145 evicted_count=406000 eviction_rate=0.00155421 and unsatisfied allocation rate=0.00155493
2017-09-24 02:08:43.598973: I tensorflow/core/common_runtime/gpu/pool_allocator.cc:247] PoolAllocator: After 267369276 get requests, put_count=267369278 evicted_count=416000 eviction_rate=0.0015559 and unsatisfied allocation rate=0.00155659
2017-09-24 02:15:03.959752: I tensorflow/core/common_runtime/gpu/pool_allocator.cc:247] PoolAllocator: After 273596968 get requests, put_count=273596966 evicted_count=426000 eviction_rate=0.00155703 and unsatisfied allocation rate=0.00155772
2017-09-24 02:21:36.639442: I tensorflow/core/common_runtime/gpu/pool_allocator.cc:247] PoolAllocator: After 280014716 get requests, put_count=280014717 evicted_count=436000 eviction_rate=0.00155706 and unsatisfied allocation rate=0.00155772
2017-09-24 02:28:22.551002: I tensorflow/core/common_runtime/gpu/pool_allocator.cc:247] PoolAllocator: After 286654132 get requests, put_count=286654135 evicted_count=446000 eviction_rate=0.00155588 and unsatisfied allocation rate=0.00155652
2017-09-24 02:34:33.365616: I tensorflow/core/common_runtime/gpu/pool_allocator.cc:247] PoolAllocator: After 292719944 get requests, put_count=292719947 evicted_count=456000 eviction_rate=0.0015578 and unsatisfied allocation rate=0.00155843
2017-09-24 02:41:03.810092: I tensorflow/core/common_runtime/gpu/pool_allocator.cc:247] PoolAllocator: After 299108021 get requests, put_count=299108024 evicted_count=466000 eviction_rate=0.00155797 and unsatisfied allocation rate=0.00155858
2017-09-24 02:47:44.727880: I tensorflow/core/common_runtime/gpu/pool_allocator.cc:247] PoolAllocator: After 305664330 get requests, put_count=305664330 evicted_count=476000 eviction_rate=0.00155726 and unsatisfied allocation rate=0.00155787
2017-09-24 02:54:12.905007: I tensorflow/core/common_runtime/gpu/pool_allocator.cc:247] PoolAllocator: After 312011311 get requests, put_count=312011310 evicted_count=486000 eviction_rate=0.00155764 and unsatisfied allocation rate=0.00155824
2017-09-24 03:00:45.041837: I tensorflow/core/common_runtime/gpu/pool_allocator.cc:247] PoolAllocator: After 318421707 get requests, put_count=318421708 evicted_count=496000 eviction_rate=0.00155768 and unsatisfied allocation rate=0.00155826
2017-09-24 03:07:11.573827: I tensorflow/core/common_runtime/gpu/pool_allocator.cc:247] PoolAllocator: After 324743149 get requests, put_count=324743073 evicted_count=506000 eviction_rate=0.00155815 and unsatisfied allocation rate=0.00155896
2017-09-24 03:13:27.666595: I tensorflow/core/common_runtime/gpu/pool_allocator.cc:247] PoolAllocator: After 330893060 get requests, put_count=330893063 evicted_count=516000 eviction_rate=0.00155942 and unsatisfied allocation rate=0.00155997
2017-09-24 03:19:43.524592: I tensorflow/core/common_runtime/gpu/pool_allocator.cc:247] PoolAllocator: After 337041586 get requests, put_count=337041587 evicted_count=526000 eviction_rate=0.00156064 and unsatisfied allocation rate=0.00156119
2017-09-24 03:25:40.122838: I tensorflow/core/common_runtime/gpu/pool_allocator.cc:247] PoolAllocator: After 342869348 get requests, put_count=342869351 evicted_count=536000 eviction_rate=0.00156328 and unsatisfied allocation rate=0.00156381
2017-09-24 03:32:14.795350: I tensorflow/core/common_runtime/gpu/pool_allocator.cc:247] PoolAllocator: After 349325424 get requests, put_count=349325344 evicted_count=546000 eviction_rate=0.00156301 and unsatisfied allocation rate=0.00156377
2017-09-24 03:38:47.829986: I tensorflow/core/common_runtime/gpu/pool_allocator.cc:247] PoolAllocator: After 355750774 get requests, put_count=355750772 evicted_count=556000 eviction_rate=0.00156289 and unsatisfied allocation rate=0.00156342
2017-09-24 03:45:34.913061: I tensorflow/core/common_runtime/gpu/pool_allocator.cc:247] PoolAllocator: After 362407104 get requests, put_count=362407104 evicted_count=566000 eviction_rate=0.00156178 and unsatisfied allocation rate=0.00156229
2017-09-24 03:52:07.605524: I tensorflow/core/common_runtime/gpu/pool_allocator.cc:247] PoolAllocator: After 368832206 get requests, put_count=368832209 evicted_count=576000 eviction_rate=0.00156169 and unsatisfied allocation rate=0.00156218
2017-09-24 03:58:12.205800: I tensorflow/core/common_runtime/gpu/pool_allocator.cc:247] PoolAllocator: After 374794744 get requests, put_count=374794747 evicted_count=586000 eviction_rate=0.00156352 and unsatisfied allocation rate=0.00156401
2017-09-24 04:04:52.860516: I tensorflow/core/common_runtime/gpu/pool_allocator.cc:247] PoolAllocator: After 381346042 get requests, put_count=381346045 evicted_count=596000 eviction_rate=0.00156288 and unsatisfied allocation rate=0.00156336
2017-09-24 04:11:17.841473: I tensorflow/core/common_runtime/gpu/pool_allocator.cc:247] PoolAllocator: After 387637644 get requests, put_count=387637639 evicted_count=606000 eviction_rate=0.00156332 and unsatisfied allocation rate=0.00156381
2017-09-24 04:17:57.930061: I tensorflow/core/common_runtime/gpu/pool_allocator.cc:247] PoolAllocator: After 394182513 get requests, put_count=394182514 evicted_count=616000 eviction_rate=0.00156273 and unsatisfied allocation rate=0.0015632
2017-09-24 04:24:17.068817: I tensorflow/core/common_runtime/gpu/pool_allocator.cc:247] PoolAllocator: After 400379887 get requests, put_count=400379886 evicted_count=626000 eviction_rate=0.00156352 and unsatisfied allocation rate=0.00156398
2017-09-24 04:30:49.174594: I tensorflow/core/common_runtime/gpu/pool_allocator.cc:247] PoolAllocator: After 406792367 get requests, put_count=406792369 evicted_count=636000 eviction_rate=0.00156345 and unsatisfied allocation rate=0.0015639
2017-09-24 04:37:07.614725: I tensorflow/core/common_runtime/gpu/pool_allocator.cc:247] PoolAllocator: After 412978966 get requests, put_count=412978969 evicted_count=646000 eviction_rate=0.00156424 and unsatisfied allocation rate=0.00156469
2017-09-24 04:43:42.915911: I tensorflow/core/common_runtime/gpu/pool_allocator.cc:247] PoolAllocator: After 419444060 get requests, put_count=419444060 evicted_count=656000 eviction_rate=0.00156397 and unsatisfied allocation rate=0.00156442
2017-09-24 04:50:07.112129: I tensorflow/core/common_runtime/gpu/pool_allocator.cc:247] PoolAllocator: After 425724422 get requests, put_count=425724422 evicted_count=666000 eviction_rate=0.00156439 and unsatisfied allocation rate=0.00156483
2017-09-24 04:56:47.635437: I tensorflow/core/common_runtime/gpu/pool_allocator.cc:247] PoolAllocator: After 432272353 get requests, put_count=432272354 evicted_count=676000 eviction_rate=0.00156383 and unsatisfied allocation rate=0.00156426
2017-09-24 05:03:18.331490: I tensorflow/core/common_runtime/gpu/pool_allocator.cc:247] PoolAllocator: After 438661340 get requests, put_count=438661325 evicted_count=686000 eviction_rate=0.00156385 and unsatisfied allocation rate=0.00156431
2017-09-24 05:09:55.284861: I tensorflow/core/common_runtime/gpu/pool_allocator.cc:247] PoolAllocator: After 445153250 get requests, put_count=445153252 evicted_count=696000 eviction_rate=0.00156351 and unsatisfied allocation rate=0.00156392
2017-09-24 05:16:16.187656: I tensorflow/core/common_runtime/gpu/pool_allocator.cc:247] PoolAllocator: After 451380302 get requests, put_count=451380301 evicted_count=706000 eviction_rate=0.00156409 and unsatisfied allocation rate=0.00156451
2017-09-24 05:23:09.474522: I tensorflow/core/common_runtime/gpu/pool_allocator.cc:247] PoolAllocator: After 458135796 get requests, put_count=458135799 evicted_count=716000 eviction_rate=0.00156286 and unsatisfied allocation rate=0.00156325
2017-09-24 05:29:10.298025: I tensorflow/core/common_runtime/gpu/pool_allocator.cc:247] PoolAllocator: After 464038264 get requests, put_count=464038263 evicted_count=726000 eviction_rate=0.00156453 and unsatisfied allocation rate=0.00156493
2017-09-24 05:35:29.114176: I tensorflow/core/common_runtime/gpu/pool_allocator.cc:247] PoolAllocator: After 470231072 get requests, put_count=470231062 evicted_count=736000 eviction_rate=0.00156519 and unsatisfied allocation rate=0.0015656
2017-09-24 05:41:52.884015: I tensorflow/core/common_runtime/gpu/pool_allocator.cc:247] PoolAllocator: After 476502834 get requests, put_count=476502835 evicted_count=746000 eviction_rate=0.00156557 and unsatisfied allocation rate=0.00156596
2017-09-24 05:48:34.372191: I tensorflow/core/common_runtime/gpu/pool_allocator.cc:247] PoolAllocator: After 483069567 get requests, put_count=483069570 evicted_count=756000 eviction_rate=0.00156499 and unsatisfied allocation rate=0.00156537
2017-09-24 05:54:52.450584: I tensorflow/core/common_runtime/gpu/pool_allocator.cc:247] PoolAllocator: After 489249372 get requests, put_count=489249373 evicted_count=766000 eviction_rate=0.00156566 and unsatisfied allocation rate=0.00156604
2017-09-24 06:01:33.595524: I tensorflow/core/common_runtime/gpu/pool_allocator.cc:247] PoolAllocator: After 495816071 get requests, put_count=495816071 evicted_count=776000 eviction_rate=0.0015651 and unsatisfied allocation rate=0.00156547
2017-09-24 06:07:56.008018: I tensorflow/core/common_runtime/gpu/pool_allocator.cc:247] PoolAllocator: After 502066858 get requests, put_count=502066861 evicted_count=786000 eviction_rate=0.00156553 and unsatisfied allocation rate=0.00156589
2017-09-24 06:14:13.001182: I tensorflow/core/common_runtime/gpu/pool_allocator.cc:247] PoolAllocator: After 508228468 get requests, put_count=508228468 evicted_count=796000 eviction_rate=0.00156622 and unsatisfied allocation rate=0.00156659
2017-09-24 06:20:19.807147: I tensorflow/core/common_runtime/gpu/pool_allocator.cc:247] PoolAllocator: After 514224882 get requests, put_count=514224884 evicted_count=806000 eviction_rate=0.00156741 and unsatisfied allocation rate=0.00156777
2017-09-24 06:26:51.001482: I tensorflow/core/common_runtime/gpu/pool_allocator.cc:247] PoolAllocator: After 520622474 get requests, put_count=520622457 evicted_count=816000 eviction_rate=0.00156735 and unsatisfied allocation rate=0.00156774
2017-09-24 06:32:54.524858: I tensorflow/core/common_runtime/gpu/pool_allocator.cc:247] PoolAllocator: After 526566249 get requests, put_count=526566188 evicted_count=826000 eviction_rate=0.00156865 and unsatisfied allocation rate=0.00156912
2017-09-24 06:39:12.067833: I tensorflow/core/common_runtime/gpu/pool_allocator.cc:247] PoolAllocator: After 532741761 get requests, put_count=532741761 evicted_count=836000 eviction_rate=0.00156924 and unsatisfied allocation rate=0.00156959
2017-09-24 06:45:48.234598: I tensorflow/core/common_runtime/gpu/pool_allocator.cc:247] PoolAllocator: After 539219484 get requests, put_count=539219486 evicted_count=846000 eviction_rate=0.00156893 and unsatisfied allocation rate=0.00156928
2017-09-24 06:52:03.336338: I tensorflow/core/common_runtime/gpu/pool_allocator.cc:247] PoolAllocator: After 545353369 get requests, put_count=545353370 evicted_count=856000 eviction_rate=0.00156962 and unsatisfied allocation rate=0.00156996
2017-09-24 06:58:28.158045: I tensorflow/core/common_runtime/gpu/pool_allocator.cc:247] PoolAllocator: After 551646843 get requests, put_count=551646845 evicted_count=866000 eviction_rate=0.00156984 and unsatisfied allocation rate=0.00157018
2017-09-24 07:04:37.249382: I tensorflow/core/common_runtime/gpu/pool_allocator.cc:247] PoolAllocator: After 557685000 get requests, put_count=557685000 evicted_count=876000 eviction_rate=0.00157078 and unsatisfied allocation rate=0.00157111
2017-09-24 07:11:17.448294: I tensorflow/core/common_runtime/gpu/pool_allocator.cc:247] PoolAllocator: After 564226840 get requests, put_count=564226843 evicted_count=886000 eviction_rate=0.00157029 and unsatisfied allocation rate=0.00157061
2017-09-24 07:17:50.059212: I tensorflow/core/common_runtime/gpu/pool_allocator.cc:247] PoolAllocator: After 570644730 get requests, put_count=570644731 evicted_count=896000 eviction_rate=0.00157015 and unsatisfied allocation rate=0.00157048
2017-09-24 07:23:53.031135: I tensorflow/core/common_runtime/gpu/pool_allocator.cc:247] PoolAllocator: After 576578809 get requests, put_count=576578808 evicted_count=906000 eviction_rate=0.00157134 and unsatisfied allocation rate=0.00157166
2017-09-24 07:30:34.773413: I tensorflow/core/common_runtime/gpu/pool_allocator.cc:247] PoolAllocator: After 583145015 get requests, put_count=583145016 evicted_count=916000 eviction_rate=0.00157079 and unsatisfied allocation rate=0.00157111
2017-09-24 07:36:58.317951: I tensorflow/core/common_runtime/gpu/pool_allocator.cc:247] PoolAllocator: After 589415539 get requests, put_count=589415496 evicted_count=926000 eviction_rate=0.00157105 and unsatisfied allocation rate=0.00157144
2017-09-24 07:43:21.677890: I tensorflow/core/common_runtime/gpu/pool_allocator.cc:247] PoolAllocator: After 595684973 get requests, put_count=595684975 evicted_count=936000 eviction_rate=0.0015713 and unsatisfied allocation rate=0.00157161
2017-09-24 07:49:56.321300: I tensorflow/core/common_runtime/gpu/pool_allocator.cc:247] PoolAllocator: After 602140857 get requests, put_count=602140860 evicted_count=946000 eviction_rate=0.00157106 and unsatisfied allocation rate=0.00157136
2017-09-24 07:56:25.460283: I tensorflow/core/common_runtime/gpu/pool_allocator.cc:247] PoolAllocator: After 608503581 get requests, put_count=608503582 evicted_count=956000 eviction_rate=0.00157107 and unsatisfied allocation rate=0.00157137
2017-09-24 08:03:08.081062: I tensorflow/core/common_runtime/gpu/pool_allocator.cc:247] PoolAllocator: After 615086355 get requests, put_count=615086358 evicted_count=966000 eviction_rate=0.00157051 and unsatisfied allocation rate=0.00157081
2017-09-24 08:09:28.540019: I tensorflow/core/common_runtime/gpu/pool_allocator.cc:247] PoolAllocator: After 621312466 get requests, put_count=621312469 evicted_count=976000 eviction_rate=0.00157087 and unsatisfied allocation rate=0.00157116
2017-09-24 08:15:51.976626: I tensorflow/core/common_runtime/gpu/pool_allocator.cc:247] PoolAllocator: After 627582822 get requests, put_count=627582823 evicted_count=986000 eviction_rate=0.00157111 and unsatisfied allocation rate=0.0015714
2017-09-24 08:22:51.989800: I tensorflow/core/common_runtime/gpu/pool_allocator.cc:247] PoolAllocator: After 634450900 get requests, put_count=634450899 evicted_count=996000 eviction_rate=0.00156986 and unsatisfied allocation rate=0.00157016
2017-09-24 08:29:33.020092: I tensorflow/core/common_runtime/gpu/pool_allocator.cc:247] PoolAllocator: After 641009493 get requests, put_count=641009492 evicted_count=1006000 eviction_rate=0.0015694 and unsatisfied allocation rate=0.00156969
2017-09-24 08:36:13.171710: I tensorflow/core/common_runtime/gpu/pool_allocator.cc:247] PoolAllocator: After 647551199 get requests, put_count=647551201 evicted_count=1016000 eviction_rate=0.00156899 and unsatisfied allocation rate=0.00156927
2017-09-24 08:42:33.296916: I tensorflow/core/common_runtime/gpu/pool_allocator.cc:247] PoolAllocator: After 653769161 get requests, put_count=653769159 evicted_count=1026000 eviction_rate=0.00156936 and unsatisfied allocation rate=0.00156965
2017-09-24 08:48:36.004162: I tensorflow/core/common_runtime/gpu/pool_allocator.cc:247] PoolAllocator: After 659700384 get requests, put_count=659700387 evicted_count=1036000 eviction_rate=0.00157041 and unsatisfied allocation rate=0.00157069
2017-09-24 08:54:55.131231: I tensorflow/core/common_runtime/gpu/pool_allocator.cc:247] PoolAllocator: After 665904133 get requests, put_count=665904134 evicted_count=1046000 eviction_rate=0.0015708 and unsatisfied allocation rate=0.00157107
2017-09-24 09:01:22.167448: I tensorflow/core/common_runtime/gpu/pool_allocator.cc:247] PoolAllocator: After 672230138 get requests, put_count=672230141 evicted_count=1056000 eviction_rate=0.00157089 and unsatisfied allocation rate=0.00157116
2017-09-24 09:08:21.302729: I tensorflow/core/common_runtime/gpu/pool_allocator.cc:247] PoolAllocator: After 679081575 get requests, put_count=679081576 evicted_count=1066000 eviction_rate=0.00156977 and unsatisfied allocation rate=0.00157004
2017-09-24 09:14:44.097966: I tensorflow/core/common_runtime/gpu/pool_allocator.cc:247] PoolAllocator: After 685338097 get requests, put_count=685338100 evicted_count=1076000 eviction_rate=0.00157003 and unsatisfied allocation rate=0.0015703
2017-09-24 09:20:49.408662: I tensorflow/core/common_runtime/gpu/pool_allocator.cc:247] PoolAllocator: After 691312479 get requests, put_count=691312482 evicted_count=1086000 eviction_rate=0.00157092 and unsatisfied allocation rate=0.00157119
2017-09-24 09:27:02.902688: I tensorflow/core/common_runtime/gpu/pool_allocator.cc:247] PoolAllocator: After 697420128 get requests, put_count=697420129 evicted_count=1096000 eviction_rate=0.00157151 and unsatisfied allocation rate=0.00157177
