2017-10-04 12:14:42.838345: W tensorflow/core/platform/cpu_feature_guard.cc:45] The TensorFlow library wasn't compiled to use SSE4.1 instructions, but these are available on your machine and could speed up CPU computations.
2017-10-04 12:14:42.838370: W tensorflow/core/platform/cpu_feature_guard.cc:45] The TensorFlow library wasn't compiled to use SSE4.2 instructions, but these are available on your machine and could speed up CPU computations.
2017-10-04 12:14:42.838374: W tensorflow/core/platform/cpu_feature_guard.cc:45] The TensorFlow library wasn't compiled to use AVX instructions, but these are available on your machine and could speed up CPU computations.
2017-10-04 12:14:42.838377: W tensorflow/core/platform/cpu_feature_guard.cc:45] The TensorFlow library wasn't compiled to use AVX2 instructions, but these are available on your machine and could speed up CPU computations.
2017-10-04 12:14:42.838380: W tensorflow/core/platform/cpu_feature_guard.cc:45] The TensorFlow library wasn't compiled to use FMA instructions, but these are available on your machine and could speed up CPU computations.
2017-10-04 12:14:44.831417: I tensorflow/stream_executor/cuda/cuda_gpu_executor.cc:893] successful NUMA node read from SysFS had negative value (-1), but there must be at least one NUMA node, so returning NUMA node zero
2017-10-04 12:14:44.831809: I tensorflow/core/common_runtime/gpu/gpu_device.cc:940] Found device 0 with properties: 
name: Tesla K40c
major: 3 minor: 5 memoryClockRate (GHz) 0.745
pciBusID 0000:04:00.0
Total memory: 11.17GiB
Free memory: 11.10GiB
2017-10-04 12:14:44.831820: I tensorflow/core/common_runtime/gpu/gpu_device.cc:961] DMA: 0 
2017-10-04 12:14:44.831824: I tensorflow/core/common_runtime/gpu/gpu_device.cc:971] 0:   Y 
2017-10-04 12:14:44.831831: I tensorflow/core/common_runtime/gpu/gpu_device.cc:1030] Creating TensorFlow device (/gpu:0) -> (device: 0, name: Tesla K40c, pci bus id: 0000:04:00.0)
2017-10-04 12:14:45.442926: I tensorflow/core/common_runtime/gpu/pool_allocator.cc:247] PoolAllocator: After 3371 get requests, put_count=3014 evicted_count=1000 eviction_rate=0.331785 and unsatisfied allocation rate=0.432216
2017-10-04 12:14:45.442950: I tensorflow/core/common_runtime/gpu/pool_allocator.cc:259] Raising pool_size_limit_ from 100 to 110
2017-10-04 12:14:47.592444: I tensorflow/core/common_runtime/gpu/pool_allocator.cc:247] PoolAllocator: After 4614 get requests, put_count=4619 evicted_count=1000 eviction_rate=0.216497 and unsatisfied allocation rate=0.220633
2017-10-04 12:14:47.592471: I tensorflow/core/common_runtime/gpu/pool_allocator.cc:259] Raising pool_size_limit_ from 256 to 281
2017-10-04 12:18:05.208342: I tensorflow/core/common_runtime/gpu/pool_allocator.cc:247] PoolAllocator: After 1079022 get requests, put_count=1079024 evicted_count=2000 eviction_rate=0.00185353 and unsatisfied allocation rate=0.00190172
