[iter]    0
[loss]    2466.4681
[trn_acc] 0.4700
[val_acc] 0.5200
[val_same_acc] 0.4860
[val_mean_acc] 0.5030

[iter]    1
[loss]    1140.4783
[trn_acc] 0.6400
[val_acc] 0.5160
[val_same_acc] 0.5260
[val_mean_acc] 0.5210

[iter]    2
[loss]    995.2967
[trn_acc] 0.6200
[val_acc] 0.5520
[val_same_acc] 0.5500
[val_mean_acc] 0.5510

[iter]    3
[loss]    938.0139
[trn_acc] 0.7500
[val_acc] 0.6160
[val_same_acc] 0.5760
[val_mean_acc] 0.5960

[iter]    4
[loss]    892.4694
[trn_acc] 0.7000
[val_acc] 0.6160
[val_same_acc] 0.5920
[val_mean_acc] 0.6040

[iter]    5
[loss]    860.2736
[trn_acc] 0.7600
[val_acc] 0.6680
[val_same_acc] 0.6180
[val_mean_acc] 0.6430

[iter]    6
[loss]    835.0266
[trn_acc] 0.7500
[val_acc] 0.6640
[val_same_acc] 0.6360
[val_mean_acc] 0.6500

[iter]    7
[loss]    807.3672
[trn_acc] 0.6800
[val_acc] 0.6740
[val_same_acc] 0.6220
[val_mean_acc] 0.6480

[iter]    8
[loss]    786.0517
[trn_acc] 0.8500
[val_acc] 0.6500
[val_same_acc] 0.6320
[val_mean_acc] 0.6410

[iter]    9
[loss]    761.2515
[trn_acc] 0.8100
[val_acc] 0.6540
[val_same_acc] 0.6640
[val_mean_acc] 0.6590

[iter]    10
[loss]    748.4931
[trn_acc] 0.7900
[val_acc] 0.6760
[val_same_acc] 0.6580
[val_mean_acc] 0.6670

[iter]    11
[loss]    725.7636
[trn_acc] 0.7900
[val_acc] 0.6940
[val_same_acc] 0.6620
[val_mean_acc] 0.6780

[iter]    12
[loss]    714.7119
[trn_acc] 0.8400
[val_acc] 0.6500
[val_same_acc] 0.6100
[val_mean_acc] 0.6300

[iter]    13
[loss]    700.8040
[trn_acc] 0.8900
[val_acc] 0.6780
[val_same_acc] 0.6560
[val_mean_acc] 0.6670

[iter]    14
[loss]    688.7716
[trn_acc] 0.8100
[val_acc] 0.6620
[val_same_acc] 0.6540
[val_mean_acc] 0.6580

[iter]    15
[loss]    682.9948
[trn_acc] 0.7900
[val_acc] 0.6780
[val_same_acc] 0.6760
[val_mean_acc] 0.6770

[iter]    16
[loss]    671.0024
[trn_acc] 0.7900
[val_acc] 0.6920
[val_same_acc] 0.6520
[val_mean_acc] 0.6720

[iter]    17
[loss]    660.8209
[trn_acc] 0.8500
[val_acc] 0.6840
[val_same_acc] 0.6640
[val_mean_acc] 0.6740

[iter]    18
[loss]    654.6737
[trn_acc] 0.8400
[val_acc] 0.6620
[val_same_acc] 0.6620
[val_mean_acc] 0.6620

[iter]    19
[loss]    647.7432
[trn_acc] 0.8500
[val_acc] 0.6840
[val_same_acc] 0.6480
[val_mean_acc] 0.6660

[iter]    20
[loss]    640.1751
[trn_acc] 0.7800
[val_acc] 0.6920
[val_same_acc] 0.6620
[val_mean_acc] 0.6770

[iter]    21
[loss]    632.3775
[trn_acc] 0.8400
[val_acc] 0.6700
[val_same_acc] 0.6640
[val_mean_acc] 0.6670

[iter]    22
[loss]    621.3823
[trn_acc] 0.8200
[val_acc] 0.7080
[val_same_acc] 0.6660
[val_mean_acc] 0.6870

[iter]    23
[loss]    620.2596
[trn_acc] 0.7800
[val_acc] 0.6800
[val_same_acc] 0.6720
[val_mean_acc] 0.6760

[iter]    24
[loss]    614.3595
[trn_acc] 0.9100
[val_acc] 0.6760
[val_same_acc] 0.6480
[val_mean_acc] 0.6620

[iter]    25
[loss]    605.1509
[trn_acc] 0.8300
[val_acc] 0.6740
[val_same_acc] 0.6740
[val_mean_acc] 0.6740

[iter]    26
[loss]    601.2493
[trn_acc] 0.8100
[val_acc] 0.7060
[val_same_acc] 0.6780
[val_mean_acc] 0.6920

[iter]    27
[loss]    599.1398
[trn_acc] 0.9100
[val_acc] 0.6820
[val_same_acc] 0.6840
[val_mean_acc] 0.6830

[iter]    28
[loss]    592.1384
[trn_acc] 0.9000
[val_acc] 0.6940
[val_same_acc] 0.6960
[val_mean_acc] 0.6950

[FINAL val_acc] 0.6940
[FINAL tst_acc] 0.6500
[FINAL val_same_acc] 0.6960
[FINAL tst_same_acc] 0.6700
