2017-06-25 09:15:49.079770: I tensorflow/core/common_runtime/gpu/gpu_device.cc:940] Found device 0 with properties: 
name: TITAN X (Pascal)
major: 6 minor: 1 memoryClockRate (GHz) 1.531
pciBusID 0000:04:00.0
Total memory: 11.90GiB
Free memory: 11.76GiB
2017-06-25 09:15:49.079851: I tensorflow/core/common_runtime/gpu/gpu_device.cc:961] DMA: 0 
2017-06-25 09:15:49.079866: I tensorflow/core/common_runtime/gpu/gpu_device.cc:971] 0:   Y 
2017-06-25 09:15:49.079884: I tensorflow/core/common_runtime/gpu/gpu_device.cc:1030] Creating TensorFlow device (/gpu:0) -> (device: 0, name: TITAN X (Pascal), pci bus id: 0000:04:00.0)
2017-06-25 09:15:51.725184: I tensorflow/core/common_runtime/gpu/pool_allocator.cc:247] PoolAllocator: After 3971 get requests, put_count=2905 evicted_count=1000 eviction_rate=0.344234 and unsatisfied allocation rate=0.545455
2017-06-25 09:15:51.725275: I tensorflow/core/common_runtime/gpu/pool_allocator.cc:259] Raising pool_size_limit_ from 100 to 110
2017-06-25 09:15:52.780634: I tensorflow/core/common_runtime/gpu/pool_allocator.cc:247] PoolAllocator: After 4872 get requests, put_count=4831 evicted_count=2000 eviction_rate=0.413993 and unsatisfied allocation rate=0.422824
2017-06-25 09:15:52.780728: I tensorflow/core/common_runtime/gpu/pool_allocator.cc:259] Raising pool_size_limit_ from 212 to 233
2017-06-25 09:15:53.920577: I tensorflow/core/common_runtime/gpu/pool_allocator.cc:247] PoolAllocator: After 595 get requests, put_count=1638 evicted_count=1000 eviction_rate=0.610501 and unsatisfied allocation rate=0.00168067
2017-06-25 09:15:55.270504: I tensorflow/core/common_runtime/gpu/pool_allocator.cc:247] PoolAllocator: After 749 get requests, put_count=1828 evicted_count=1000 eviction_rate=0.547046 and unsatisfied allocation rate=0
2017-06-25 09:16:00.097544: I tensorflow/core/common_runtime/gpu/pool_allocator.cc:247] PoolAllocator: After 34107 get requests, put_count=33932 evicted_count=1000 eviction_rate=0.0294707 and unsatisfied allocation rate=0.0399038
2017-06-25 09:16:00.097647: I tensorflow/core/common_runtime/gpu/pool_allocator.cc:259] Raising pool_size_limit_ from 2049 to 2253
2017-06-25 09:21:42.948183: I tensorflow/core/common_runtime/gpu/pool_allocator.cc:247] PoolAllocator: After 6465390 get requests, put_count=6465447 evicted_count=7000 eviction_rate=0.00108268 and unsatisfied allocation rate=0.00111208
2017-06-25 09:26:46.072660: I tensorflow/core/common_runtime/gpu/pool_allocator.cc:247] PoolAllocator: After 13175735 get requests, put_count=13175792 evicted_count=17000 eviction_rate=0.00129025 and unsatisfied allocation rate=0.00130467
2017-06-25 09:31:53.960357: I tensorflow/core/common_runtime/gpu/pool_allocator.cc:247] PoolAllocator: After 20018433 get requests, put_count=20018489 evicted_count=27000 eviction_rate=0.00134875 and unsatisfied allocation rate=0.0013583
2017-06-25 09:37:01.844446: I tensorflow/core/common_runtime/gpu/pool_allocator.cc:247] PoolAllocator: After 26905699 get requests, put_count=26905752 evicted_count=37000 eviction_rate=0.00137517 and unsatisfied allocation rate=0.00138238
2017-06-25 09:42:15.697098: I tensorflow/core/common_runtime/gpu/pool_allocator.cc:247] PoolAllocator: After 33936572 get requests, put_count=33936626 evicted_count=47000 eviction_rate=0.00138493 and unsatisfied allocation rate=0.00139062
2017-06-25 09:47:17.162468: I tensorflow/core/common_runtime/gpu/pool_allocator.cc:247] PoolAllocator: After 40723904 get requests, put_count=40723960 evicted_count=57000 eviction_rate=0.00139967 and unsatisfied allocation rate=0.00140436
2017-06-25 09:52:22.232109: I tensorflow/core/common_runtime/gpu/pool_allocator.cc:247] PoolAllocator: After 47580022 get requests, put_count=47580079 evicted_count=67000 eviction_rate=0.00140815 and unsatisfied allocation rate=0.00141215
2017-06-25 09:57:29.374834: I tensorflow/core/common_runtime/gpu/pool_allocator.cc:247] PoolAllocator: After 54478828 get requests, put_count=54478883 evicted_count=77000 eviction_rate=0.00141339 and unsatisfied allocation rate=0.00141692
2017-06-25 10:02:38.276296: I tensorflow/core/common_runtime/gpu/pool_allocator.cc:247] PoolAllocator: After 61364182 get requests, put_count=61364236 evicted_count=87000 eviction_rate=0.00141776 and unsatisfied allocation rate=0.00142091
2017-06-25 10:07:39.649473: I tensorflow/core/common_runtime/gpu/pool_allocator.cc:247] PoolAllocator: After 68068237 get requests, put_count=68068292 evicted_count=97000 eviction_rate=0.00142504 and unsatisfied allocation rate=0.00142786
2017-06-25 10:12:40.643300: I tensorflow/core/common_runtime/gpu/pool_allocator.cc:247] PoolAllocator: After 74831077 get requests, put_count=74831134 evicted_count=107000 eviction_rate=0.00142989 and unsatisfied allocation rate=0.00143243
2017-06-25 10:17:45.421385: I tensorflow/core/common_runtime/gpu/pool_allocator.cc:247] PoolAllocator: After 81668528 get requests, put_count=81668585 evicted_count=117000 eviction_rate=0.00143262 and unsatisfied allocation rate=0.00143495
2017-06-25 10:22:57.591840: I tensorflow/core/common_runtime/gpu/pool_allocator.cc:247] PoolAllocator: After 88689597 get requests, put_count=88689649 evicted_count=127000 eviction_rate=0.00143196 and unsatisfied allocation rate=0.00143416
2017-06-25 10:28:13.650997: I tensorflow/core/common_runtime/gpu/pool_allocator.cc:247] PoolAllocator: After 95772918 get requests, put_count=95772971 evicted_count=137000 eviction_rate=0.00143047 and unsatisfied allocation rate=0.00143249
2017-06-25 10:33:25.373106: I tensorflow/core/common_runtime/gpu/pool_allocator.cc:247] PoolAllocator: After 102721471 get requests, put_count=102721527 evicted_count=147000 eviction_rate=0.00143105 and unsatisfied allocation rate=0.00143291
2017-06-25 10:38:32.712643: I tensorflow/core/common_runtime/gpu/pool_allocator.cc:247] PoolAllocator: After 109606906 get requests, put_count=109606961 evicted_count=157000 eviction_rate=0.00143239 and unsatisfied allocation rate=0.00143414
2017-06-25 10:43:43.975888: I tensorflow/core/common_runtime/gpu/pool_allocator.cc:247] PoolAllocator: After 116558853 get requests, put_count=116558911 evicted_count=167000 eviction_rate=0.00143275 and unsatisfied allocation rate=0.00143437
2017-06-25 10:48:50.912937: I tensorflow/core/common_runtime/gpu/pool_allocator.cc:247] PoolAllocator: After 123417423 get requests, put_count=123417480 evicted_count=177000 eviction_rate=0.00143416 and unsatisfied allocation rate=0.0014357
2017-06-25 10:53:56.922636: I tensorflow/core/common_runtime/gpu/pool_allocator.cc:247] PoolAllocator: After 130242350 get requests, put_count=130242400 evicted_count=187000 eviction_rate=0.00143578 and unsatisfied allocation rate=0.0014373
2017-06-25 10:58:59.217159: I tensorflow/core/common_runtime/gpu/pool_allocator.cc:247] PoolAllocator: After 136990070 get requests, put_count=136990126 evicted_count=197000 eviction_rate=0.00143806 and unsatisfied allocation rate=0.00143945
2017-06-25 11:04:02.105984: I tensorflow/core/common_runtime/gpu/pool_allocator.cc:247] PoolAllocator: After 143826737 get requests, put_count=143826793 evicted_count=207000 eviction_rate=0.00143923 and unsatisfied allocation rate=0.00144056
2017-06-25 11:09:13.976647: I tensorflow/core/common_runtime/gpu/pool_allocator.cc:247] PoolAllocator: After 150824719 get requests, put_count=150824772 evicted_count=217000 eviction_rate=0.00143876 and unsatisfied allocation rate=0.00144004
2017-06-25 11:14:27.642754: I tensorflow/core/common_runtime/gpu/pool_allocator.cc:247] PoolAllocator: After 157829874 get requests, put_count=157829930 evicted_count=227000 eviction_rate=0.00143826 and unsatisfied allocation rate=0.00143947
2017-06-25 11:19:28.305041: I tensorflow/core/common_runtime/gpu/pool_allocator.cc:247] PoolAllocator: After 164556632 get requests, put_count=164556690 evicted_count=237000 eviction_rate=0.00144023 and unsatisfied allocation rate=0.00144138
2017-06-25 11:24:42.494450: I tensorflow/core/common_runtime/gpu/pool_allocator.cc:247] PoolAllocator: After 171577008 get requests, put_count=171577064 evicted_count=247000 eviction_rate=0.00143959 and unsatisfied allocation rate=0.0014407
2017-06-25 11:29:41.491226: I tensorflow/core/common_runtime/gpu/pool_allocator.cc:247] PoolAllocator: After 178276456 get requests, put_count=178276512 evicted_count=257000 eviction_rate=0.00144158 and unsatisfied allocation rate=0.00144265
2017-06-25 11:34:47.716088: I tensorflow/core/common_runtime/gpu/pool_allocator.cc:247] PoolAllocator: After 185081446 get requests, put_count=185081498 evicted_count=267000 eviction_rate=0.00144261 and unsatisfied allocation rate=0.00144366
2017-06-25 11:39:46.381448: I tensorflow/core/common_runtime/gpu/pool_allocator.cc:247] PoolAllocator: After 191745473 get requests, put_count=191745526 evicted_count=277000 eviction_rate=0.00144462 and unsatisfied allocation rate=0.00144564
2017-06-25 11:45:03.151102: I tensorflow/core/common_runtime/gpu/pool_allocator.cc:247] PoolAllocator: After 198824432 get requests, put_count=198824486 evicted_count=287000 eviction_rate=0.00144348 and unsatisfied allocation rate=0.00144446
2017-06-25 11:50:02.393543: I tensorflow/core/common_runtime/gpu/pool_allocator.cc:247] PoolAllocator: After 205516183 get requests, put_count=205516239 evicted_count=297000 eviction_rate=0.00144514 and unsatisfied allocation rate=0.00144607
2017-06-25 11:55:14.541117: I tensorflow/core/common_runtime/gpu/pool_allocator.cc:247] PoolAllocator: After 212483183 get requests, put_count=212483240 evicted_count=307000 eviction_rate=0.00144482 and unsatisfied allocation rate=0.00144571
2017-06-25 12:00:16.991786: I tensorflow/core/common_runtime/gpu/pool_allocator.cc:247] PoolAllocator: After 219286912 get requests, put_count=219286967 evicted_count=317000 eviction_rate=0.00144559 and unsatisfied allocation rate=0.00144647
2017-06-25 12:05:12.068220: I tensorflow/core/common_runtime/gpu/pool_allocator.cc:247] PoolAllocator: After 225868683 get requests, put_count=225868738 evicted_count=327000 eviction_rate=0.00144774 and unsatisfied allocation rate=0.00144859
2017-06-25 12:10:18.075952: I tensorflow/core/common_runtime/gpu/pool_allocator.cc:247] PoolAllocator: After 232681194 get requests, put_count=232681251 evicted_count=337000 eviction_rate=0.00144833 and unsatisfied allocation rate=0.00144915
2017-06-25 12:15:20.590323: I tensorflow/core/common_runtime/gpu/pool_allocator.cc:247] PoolAllocator: After 239443677 get requests, put_count=239443730 evicted_count=347000 eviction_rate=0.00144919 and unsatisfied allocation rate=0.00145
2017-06-25 12:20:14.299142: I tensorflow/core/common_runtime/gpu/pool_allocator.cc:247] PoolAllocator: After 246046990 get requests, put_count=246047048 evicted_count=357000 eviction_rate=0.00145094 and unsatisfied allocation rate=0.00145171
2017-06-25 12:25:24.153205: I tensorflow/core/common_runtime/gpu/pool_allocator.cc:247] PoolAllocator: After 252953579 get requests, put_count=252953632 evicted_count=367000 eviction_rate=0.00145086 and unsatisfied allocation rate=0.00145163
2017-06-25 12:30:35.954389: I tensorflow/core/common_runtime/gpu/pool_allocator.cc:247] PoolAllocator: After 259914360 get requests, put_count=259914417 evicted_count=377000 eviction_rate=0.00145048 and unsatisfied allocation rate=0.00145121
2017-06-25 12:35:33.891868: I tensorflow/core/common_runtime/gpu/pool_allocator.cc:247] PoolAllocator: After 266564453 get requests, put_count=266564509 evicted_count=387000 eviction_rate=0.00145181 and unsatisfied allocation rate=0.00145252
2017-06-25 12:40:34.576008: I tensorflow/core/common_runtime/gpu/pool_allocator.cc:247] PoolAllocator: After 273317607 get requests, put_count=273317665 evicted_count=397000 eviction_rate=0.00145252 and unsatisfied allocation rate=0.00145321
2017-06-25 12:45:41.458019: I tensorflow/core/common_runtime/gpu/pool_allocator.cc:247] PoolAllocator: After 280159985 get requests, put_count=280160041 evicted_count=407000 eviction_rate=0.00145274 and unsatisfied allocation rate=0.00145342
2017-06-25 12:50:47.922783: I tensorflow/core/common_runtime/gpu/pool_allocator.cc:247] PoolAllocator: After 287056671 get requests, put_count=287056727 evicted_count=417000 eviction_rate=0.00145267 and unsatisfied allocation rate=0.00145334
2017-06-25 12:55:43.965941: I tensorflow/core/common_runtime/gpu/pool_allocator.cc:247] PoolAllocator: After 293711150 get requests, put_count=293711203 evicted_count=427000 eviction_rate=0.00145381 and unsatisfied allocation rate=0.00145447
2017-06-25 13:00:49.273196: I tensorflow/core/common_runtime/gpu/pool_allocator.cc:247] PoolAllocator: After 300564490 get requests, put_count=300564546 evicted_count=437000 eviction_rate=0.00145393 and unsatisfied allocation rate=0.00145457
2017-06-25 13:05:56.661335: I tensorflow/core/common_runtime/gpu/pool_allocator.cc:247] PoolAllocator: After 307407993 get requests, put_count=307408043 evicted_count=447000 eviction_rate=0.00145409 and unsatisfied allocation rate=0.00145473
2017-06-25 13:10:46.927795: I tensorflow/core/common_runtime/gpu/pool_allocator.cc:247] PoolAllocator: After 313914414 get requests, put_count=313914467 evicted_count=457000 eviction_rate=0.00145581 and unsatisfied allocation rate=0.00145643
2017-06-25 13:15:44.208001: I tensorflow/core/common_runtime/gpu/pool_allocator.cc:247] PoolAllocator: After 320550546 get requests, put_count=320550603 evicted_count=467000 eviction_rate=0.00145687 and unsatisfied allocation rate=0.00145746
2017-06-25 13:20:44.881113: I tensorflow/core/common_runtime/gpu/pool_allocator.cc:247] PoolAllocator: After 327261105 get requests, put_count=327261159 evicted_count=477000 eviction_rate=0.00145755 and unsatisfied allocation rate=0.00145814
2017-06-25 13:25:45.360211: I tensorflow/core/common_runtime/gpu/pool_allocator.cc:247] PoolAllocator: After 333948710 get requests, put_count=333948761 evicted_count=487000 eviction_rate=0.00145831 and unsatisfied allocation rate=0.00145889
2017-06-25 13:30:33.393989: I tensorflow/core/common_runtime/gpu/pool_allocator.cc:247] PoolAllocator: After 340367830 get requests, put_count=340367888 evicted_count=497000 eviction_rate=0.00146018 and unsatisfied allocation rate=0.00146074
2017-06-25 13:35:40.325709: I tensorflow/core/common_runtime/gpu/pool_allocator.cc:247] PoolAllocator: After 347237824 get requests, put_count=347237880 evicted_count=507000 eviction_rate=0.00146009 and unsatisfied allocation rate=0.00146064
2017-06-25 13:40:49.791823: I tensorflow/core/common_runtime/gpu/pool_allocator.cc:247] PoolAllocator: After 354213545 get requests, put_count=354213599 evicted_count=517000 eviction_rate=0.00145957 and unsatisfied allocation rate=0.00146012
2017-06-25 13:45:58.129056: I tensorflow/core/common_runtime/gpu/pool_allocator.cc:247] PoolAllocator: After 361142827 get requests, put_count=361142880 evicted_count=527000 eviction_rate=0.00145926 and unsatisfied allocation rate=0.00145979
2017-06-25 13:50:57.164851: I tensorflow/core/common_runtime/gpu/pool_allocator.cc:247] PoolAllocator: After 367835087 get requests, put_count=367835143 evicted_count=537000 eviction_rate=0.00145989 and unsatisfied allocation rate=0.00146041
2017-06-25 13:55:58.407507: I tensorflow/core/common_runtime/gpu/pool_allocator.cc:247] PoolAllocator: After 374596660 get requests, put_count=374596715 evicted_count=547000 eviction_rate=0.00146024 and unsatisfied allocation rate=0.00146075
2017-06-25 14:00:49.424155: I tensorflow/core/common_runtime/gpu/pool_allocator.cc:247] PoolAllocator: After 381126049 get requests, put_count=381126105 evicted_count=557000 eviction_rate=0.00146146 and unsatisfied allocation rate=0.00146196
2017-06-25 14:05:53.591742: I tensorflow/core/common_runtime/gpu/pool_allocator.cc:247] PoolAllocator: After 387973014 get requests, put_count=387973066 evicted_count=567000 eviction_rate=0.00146144 and unsatisfied allocation rate=0.00146194
2017-06-25 14:10:56.870507: I tensorflow/core/common_runtime/gpu/pool_allocator.cc:247] PoolAllocator: After 394769972 get requests, put_count=394770027 evicted_count=577000 eviction_rate=0.00146161 and unsatisfied allocation rate=0.0014621
2017-06-25 14:15:55.217914: I tensorflow/core/common_runtime/gpu/pool_allocator.cc:247] PoolAllocator: After 401451103 get requests, put_count=401451157 evicted_count=587000 eviction_rate=0.0014622 and unsatisfied allocation rate=0.00146268
2017-06-25 14:20:58.628096: I tensorflow/core/common_runtime/gpu/pool_allocator.cc:247] PoolAllocator: After 408265700 get requests, put_count=408265757 evicted_count=597000 eviction_rate=0.00146228 and unsatisfied allocation rate=0.00146275
2017-06-25 14:25:57.068311: I tensorflow/core/common_runtime/gpu/pool_allocator.cc:247] PoolAllocator: After 414998105 get requests, put_count=414998160 evicted_count=607000 eviction_rate=0.00146266 and unsatisfied allocation rate=0.00146312
2017-06-25 14:30:53.885447: I tensorflow/core/common_runtime/gpu/pool_allocator.cc:247] PoolAllocator: After 421629548 get requests, put_count=421629599 evicted_count=617000 eviction_rate=0.00146337 and unsatisfied allocation rate=0.00146383
2017-06-25 14:35:45.344302: I tensorflow/core/common_runtime/gpu/pool_allocator.cc:247] PoolAllocator: After 428187619 get requests, put_count=428187677 evicted_count=627000 eviction_rate=0.00146431 and unsatisfied allocation rate=0.00146475
2017-06-25 14:40:53.996281: I tensorflow/core/common_runtime/gpu/pool_allocator.cc:247] PoolAllocator: After 435109212 get requests, put_count=435109263 evicted_count=637000 eviction_rate=0.001464 and unsatisfied allocation rate=0.00146445
2017-06-25 14:45:51.519742: I tensorflow/core/common_runtime/gpu/pool_allocator.cc:247] PoolAllocator: After 441771277 get requests, put_count=441771331 evicted_count=647000 eviction_rate=0.00146456 and unsatisfied allocation rate=0.001465
2017-06-25 14:50:48.521026: I tensorflow/core/common_runtime/gpu/pool_allocator.cc:247] PoolAllocator: After 448456334 get requests, put_count=448456386 evicted_count=657000 eviction_rate=0.00146503 and unsatisfied allocation rate=0.00146546
2017-06-25 14:55:57.918103: I tensorflow/core/common_runtime/gpu/pool_allocator.cc:247] PoolAllocator: After 455382435 get requests, put_count=455382491 evicted_count=667000 eviction_rate=0.0014647 and unsatisfied allocation rate=0.00146512
2017-06-25 15:01:01.347514: I tensorflow/core/common_runtime/gpu/pool_allocator.cc:247] PoolAllocator: After 462213126 get requests, put_count=462213182 evicted_count=677000 eviction_rate=0.00146469 and unsatisfied allocation rate=0.00146511
2017-06-25 15:06:05.955919: I tensorflow/core/common_runtime/gpu/pool_allocator.cc:247] PoolAllocator: After 469036869 get requests, put_count=469036923 evicted_count=687000 eviction_rate=0.0014647 and unsatisfied allocation rate=0.00146512
2017-06-25 15:11:15.236122: I tensorflow/core/common_runtime/gpu/pool_allocator.cc:247] PoolAllocator: After 475989399 get requests, put_count=475989452 evicted_count=697000 eviction_rate=0.00146432 and unsatisfied allocation rate=0.00146473
2017-06-25 15:16:10.472870: I tensorflow/core/common_runtime/gpu/pool_allocator.cc:247] PoolAllocator: After 482581700 get requests, put_count=482581754 evicted_count=707000 eviction_rate=0.00146504 and unsatisfied allocation rate=0.00146544
2017-06-25 15:21:15.425637: I tensorflow/core/common_runtime/gpu/pool_allocator.cc:247] PoolAllocator: After 489438902 get requests, put_count=489438960 evicted_count=717000 eviction_rate=0.00146494 and unsatisfied allocation rate=0.00146533
2017-06-25 15:26:25.517726: I tensorflow/core/common_runtime/gpu/pool_allocator.cc:247] PoolAllocator: After 496420667 get requests, put_count=496420717 evicted_count=727000 eviction_rate=0.00146448 and unsatisfied allocation rate=0.00146488
2017-06-25 15:31:26.378824: I tensorflow/core/common_runtime/gpu/pool_allocator.cc:247] PoolAllocator: After 503197742 get requests, put_count=503197796 evicted_count=737000 eviction_rate=0.00146463 and unsatisfied allocation rate=0.00146502
2017-06-25 15:36:29.380864: I tensorflow/core/common_runtime/gpu/pool_allocator.cc:247] PoolAllocator: After 509976834 get requests, put_count=509976887 evicted_count=747000 eviction_rate=0.00146477 and unsatisfied allocation rate=0.00146515
2017-06-25 15:41:12.981483: I tensorflow/core/common_runtime/gpu/pool_allocator.cc:247] PoolAllocator: After 516348346 get requests, put_count=516348399 evicted_count=757000 eviction_rate=0.00146606 and unsatisfied allocation rate=0.00146644
2017-06-25 15:46:04.770873: I tensorflow/core/common_runtime/gpu/pool_allocator.cc:247] PoolAllocator: After 522867746 get requests, put_count=522867803 evicted_count=767000 eviction_rate=0.00146691 and unsatisfied allocation rate=0.00146727
2017-06-25 15:51:04.260046: I tensorflow/core/common_runtime/gpu/pool_allocator.cc:247] PoolAllocator: After 529568380 get requests, put_count=529568437 evicted_count=777000 eviction_rate=0.00146723 and unsatisfied allocation rate=0.00146759
2017-06-25 15:56:09.849569: I tensorflow/core/common_runtime/gpu/pool_allocator.cc:247] PoolAllocator: After 536451164 get requests, put_count=536451220 evicted_count=787000 eviction_rate=0.00146705 and unsatisfied allocation rate=0.0014674
2017-06-25 16:01:17.472022: I tensorflow/core/common_runtime/gpu/pool_allocator.cc:247] PoolAllocator: After 543297880 get requests, put_count=543297936 evicted_count=797000 eviction_rate=0.00146697 and unsatisfied allocation rate=0.00146732
2017-06-25 16:06:22.827114: I tensorflow/core/common_runtime/gpu/pool_allocator.cc:247] PoolAllocator: After 550152404 get requests, put_count=550152462 evicted_count=807000 eviction_rate=0.00146687 and unsatisfied allocation rate=0.00146721
2017-06-25 16:11:36.039711: I tensorflow/core/common_runtime/gpu/pool_allocator.cc:247] PoolAllocator: After 557174166 get requests, put_count=557174223 evicted_count=817000 eviction_rate=0.00146633 and unsatisfied allocation rate=0.00146667
2017-06-25 16:16:29.310884: I tensorflow/core/common_runtime/gpu/pool_allocator.cc:247] PoolAllocator: After 563766106 get requests, put_count=563766161 evicted_count=827000 eviction_rate=0.00146692 and unsatisfied allocation rate=0.00146726
2017-06-25 16:21:31.845118: I tensorflow/core/common_runtime/gpu/pool_allocator.cc:247] PoolAllocator: After 570534234 get requests, put_count=570534289 evicted_count=837000 eviction_rate=0.00146705 and unsatisfied allocation rate=0.00146738
2017-06-25 16:26:26.887106: I tensorflow/core/common_runtime/gpu/pool_allocator.cc:247] PoolAllocator: After 577159031 get requests, put_count=577159085 evicted_count=847000 eviction_rate=0.00146753 and unsatisfied allocation rate=0.00146787
2017-06-25 16:31:36.088941: I tensorflow/core/common_runtime/gpu/pool_allocator.cc:247] PoolAllocator: After 584046172 get requests, put_count=584046226 evicted_count=857000 eviction_rate=0.00146735 and unsatisfied allocation rate=0.00146768
2017-06-25 16:36:27.069057: I tensorflow/core/common_runtime/gpu/pool_allocator.cc:247] PoolAllocator: After 590592725 get requests, put_count=590592778 evicted_count=867000 eviction_rate=0.00146802 and unsatisfied allocation rate=0.00146835
2017-06-25 16:41:21.518700: I tensorflow/core/common_runtime/gpu/pool_allocator.cc:247] PoolAllocator: After 597199574 get requests, put_count=597199626 evicted_count=877000 eviction_rate=0.00146852 and unsatisfied allocation rate=0.00146885
2017-06-25 16:46:21.823699: I tensorflow/core/common_runtime/gpu/pool_allocator.cc:247] PoolAllocator: After 603925205 get requests, put_count=603925258 evicted_count=887000 eviction_rate=0.00146872 and unsatisfied allocation rate=0.00146905
2017-06-25 16:51:23.840411: I tensorflow/core/common_runtime/gpu/pool_allocator.cc:247] PoolAllocator: After 610710689 get requests, put_count=610710745 evicted_count=897000 eviction_rate=0.00146878 and unsatisfied allocation rate=0.00146909
2017-06-25 16:56:27.327038: I tensorflow/core/common_runtime/gpu/pool_allocator.cc:247] PoolAllocator: After 617517216 get requests, put_count=617517274 evicted_count=907000 eviction_rate=0.00146878 and unsatisfied allocation rate=0.00146909
2017-06-25 17:01:37.890089: I tensorflow/core/common_runtime/gpu/pool_allocator.cc:247] PoolAllocator: After 624432183 get requests, put_count=624432241 evicted_count=917000 eviction_rate=0.00146853 and unsatisfied allocation rate=0.00146884
2017-06-25 17:06:50.671113: I tensorflow/core/common_runtime/gpu/pool_allocator.cc:247] PoolAllocator: After 631443481 get requests, put_count=631443536 evicted_count=927000 eviction_rate=0.00146806 and unsatisfied allocation rate=0.00146837
2017-06-25 17:12:01.070866: I tensorflow/core/common_runtime/gpu/pool_allocator.cc:247] PoolAllocator: After 638373857 get requests, put_count=638373911 evicted_count=937000 eviction_rate=0.00146779 and unsatisfied allocation rate=0.00146809
2017-06-25 17:17:04.000732: I tensorflow/core/common_runtime/gpu/pool_allocator.cc:247] PoolAllocator: After 645159042 get requests, put_count=645159094 evicted_count=947000 eviction_rate=0.00146785 and unsatisfied allocation rate=0.00146816
2017-06-25 17:22:04.780436: I tensorflow/core/common_runtime/gpu/pool_allocator.cc:247] PoolAllocator: After 651894669 get requests, put_count=651894724 evicted_count=957000 eviction_rate=0.00146803 and unsatisfied allocation rate=0.00146832
2017-06-25 17:27:04.446182: I tensorflow/core/common_runtime/gpu/pool_allocator.cc:247] PoolAllocator: After 658567081 get requests, put_count=658567137 evicted_count=967000 eviction_rate=0.00146834 and unsatisfied allocation rate=0.00146863
2017-06-25 17:32:08.206652: I tensorflow/core/common_runtime/gpu/pool_allocator.cc:247] PoolAllocator: After 665387438 get requests, put_count=665387495 evicted_count=977000 eviction_rate=0.00146832 and unsatisfied allocation rate=0.0014686
2017-06-25 17:37:05.049398: I tensorflow/core/common_runtime/gpu/pool_allocator.cc:247] PoolAllocator: After 672023652 get requests, put_count=672023705 evicted_count=987000 eviction_rate=0.0014687 and unsatisfied allocation rate=0.00146899
2017-06-25 17:42:04.811996: I tensorflow/core/common_runtime/gpu/pool_allocator.cc:247] PoolAllocator: After 678773047 get requests, put_count=678773099 evicted_count=997000 eviction_rate=0.00146883 and unsatisfied allocation rate=0.00146911
2017-06-25 17:46:56.616193: I tensorflow/core/common_runtime/gpu/pool_allocator.cc:247] PoolAllocator: After 685311340 get requests, put_count=685311395 evicted_count=1007000 eviction_rate=0.00146941 and unsatisfied allocation rate=0.00146969
2017-06-25 17:52:02.607212: I tensorflow/core/common_runtime/gpu/pool_allocator.cc:247] PoolAllocator: After 692174543 get requests, put_count=692174594 evicted_count=1017000 eviction_rate=0.00146928 and unsatisfied allocation rate=0.00146957
2017-06-25 17:57:04.963656: I tensorflow/core/common_runtime/gpu/pool_allocator.cc:247] PoolAllocator: After 698949864 get requests, put_count=698949921 evicted_count=1027000 eviction_rate=0.00146935 and unsatisfied allocation rate=0.00146962
2017-06-25 18:02:09.866184: I tensorflow/core/common_runtime/gpu/pool_allocator.cc:247] PoolAllocator: After 705807465 get requests, put_count=705807518 evicted_count=1037000 eviction_rate=0.00146924 and unsatisfied allocation rate=0.00146951
2017-06-25 18:07:16.530796: I tensorflow/core/common_runtime/gpu/pool_allocator.cc:247] PoolAllocator: After 712640136 get requests, put_count=712640192 evicted_count=1047000 eviction_rate=0.00146918 and unsatisfied allocation rate=0.00146945
2017-06-25 18:12:28.207688: I tensorflow/core/common_runtime/gpu/pool_allocator.cc:247] PoolAllocator: After 719635550 get requests, put_count=719635608 evicted_count=1057000 eviction_rate=0.0014688 and unsatisfied allocation rate=0.00146906
2017-06-25 18:17:31.478911: I tensorflow/core/common_runtime/gpu/pool_allocator.cc:247] PoolAllocator: After 726417517 get requests, put_count=726417570 evicted_count=1067000 eviction_rate=0.00146885 and unsatisfied allocation rate=0.00146912
2017-06-25 18:22:38.903134: I tensorflow/core/common_runtime/gpu/pool_allocator.cc:247] PoolAllocator: After 733306278 get requests, put_count=733306333 evicted_count=1077000 eviction_rate=0.00146869 and unsatisfied allocation rate=0.00146895
2017-06-25 18:27:41.119939: I tensorflow/core/common_runtime/gpu/pool_allocator.cc:247] PoolAllocator: After 740047169 get requests, put_count=740047221 evicted_count=1087000 eviction_rate=0.00146883 and unsatisfied allocation rate=0.00146909
2017-06-25 18:32:40.275231: I tensorflow/core/common_runtime/gpu/pool_allocator.cc:247] PoolAllocator: After 746754730 get requests, put_count=746754788 evicted_count=1097000 eviction_rate=0.00146902 and unsatisfied allocation rate=0.00146928
2017-06-25 18:37:41.124670: I tensorflow/core/common_runtime/gpu/pool_allocator.cc:247] PoolAllocator: After 753510586 get requests, put_count=753510639 evicted_count=1107000 eviction_rate=0.00146912 and unsatisfied allocation rate=0.00146938
2017-06-25 18:42:53.828199: I tensorflow/core/common_runtime/gpu/pool_allocator.cc:247] PoolAllocator: After 760488054 get requests, put_count=760488107 evicted_count=1117000 eviction_rate=0.00146879 and unsatisfied allocation rate=0.00146905
2017-06-25 18:47:51.039958: I tensorflow/core/common_runtime/gpu/pool_allocator.cc:247] PoolAllocator: After 767118476 get requests, put_count=767118533 evicted_count=1127000 eviction_rate=0.00146913 and unsatisfied allocation rate=0.00146938
2017-06-25 18:52:57.126353: I tensorflow/core/common_runtime/gpu/pool_allocator.cc:247] PoolAllocator: After 773975739 get requests, put_count=773975792 evicted_count=1137000 eviction_rate=0.00146904 and unsatisfied allocation rate=0.00146929
2017-06-25 18:57:55.037233: I tensorflow/core/common_runtime/gpu/pool_allocator.cc:247] PoolAllocator: After 780687183 get requests, put_count=780687237 evicted_count=1147000 eviction_rate=0.00146922 and unsatisfied allocation rate=0.00146947
2017-06-25 19:02:59.645664: I tensorflow/core/common_runtime/gpu/pool_allocator.cc:247] PoolAllocator: After 787493777 get requests, put_count=787493829 evicted_count=1157000 eviction_rate=0.00146922 and unsatisfied allocation rate=0.00146947
2017-06-25 19:08:02.205836: I tensorflow/core/common_runtime/gpu/pool_allocator.cc:247] PoolAllocator: After 794276459 get requests, put_count=794276511 evicted_count=1167000 eviction_rate=0.00146926 and unsatisfied allocation rate=0.00146951
2017-06-25 19:13:04.441449: I tensorflow/core/common_runtime/gpu/pool_allocator.cc:247] PoolAllocator: After 801072398 get requests, put_count=801072453 evicted_count=1177000 eviction_rate=0.00146928 and unsatisfied allocation rate=0.00146952
2017-06-25 19:17:53.631462: I tensorflow/core/common_runtime/gpu/pool_allocator.cc:247] PoolAllocator: After 807576252 get requests, put_count=807576305 evicted_count=1187000 eviction_rate=0.00146983 and unsatisfied allocation rate=0.00147007
2017-06-25 19:23:01.559988: I tensorflow/core/common_runtime/gpu/pool_allocator.cc:247] PoolAllocator: After 814514846 get requests, put_count=814514902 evicted_count=1197000 eviction_rate=0.00146959 and unsatisfied allocation rate=0.00146982
2017-06-25 19:28:14.295132: I tensorflow/core/common_runtime/gpu/pool_allocator.cc:247] PoolAllocator: After 821567620 get requests, put_count=821567678 evicted_count=1207000 eviction_rate=0.00146914 and unsatisfied allocation rate=0.00146937
2017-06-25 19:33:17.308206: I tensorflow/core/common_runtime/gpu/pool_allocator.cc:247] PoolAllocator: After 828325423 get requests, put_count=828325475 evicted_count=1217000 eviction_rate=0.00146923 and unsatisfied allocation rate=0.00146946
2017-06-25 19:38:27.513878: I tensorflow/core/common_runtime/gpu/pool_allocator.cc:247] PoolAllocator: After 835288034 get requests, put_count=835288089 evicted_count=1227000 eviction_rate=0.00146895 and unsatisfied allocation rate=0.00146918
2017-06-25 19:43:21.841384: I tensorflow/core/common_runtime/gpu/pool_allocator.cc:247] PoolAllocator: After 841841260 get requests, put_count=841841315 evicted_count=1237000 eviction_rate=0.0014694 and unsatisfied allocation rate=0.00146963
2017-06-25 19:48:30.935106: I tensorflow/core/common_runtime/gpu/pool_allocator.cc:247] PoolAllocator: After 848786300 get requests, put_count=848786358 evicted_count=1247000 eviction_rate=0.00146916 and unsatisfied allocation rate=0.00146938
2017-06-25 19:53:44.459983: I tensorflow/core/common_runtime/gpu/pool_allocator.cc:247] PoolAllocator: After 855787620 get requests, put_count=855787676 evicted_count=1257000 eviction_rate=0.00146882 and unsatisfied allocation rate=0.00146905
2017-06-25 19:58:52.569762: I tensorflow/core/common_runtime/gpu/pool_allocator.cc:247] PoolAllocator: After 862745654 get requests, put_count=862745708 evicted_count=1267000 eviction_rate=0.00146857 and unsatisfied allocation rate=0.00146879
2017-06-25 20:03:51.182541: I tensorflow/core/common_runtime/gpu/pool_allocator.cc:247] PoolAllocator: After 869467243 get requests, put_count=869467301 evicted_count=1277000 eviction_rate=0.00146872 and unsatisfied allocation rate=0.00146893
2017-06-25 20:08:50.655979: I tensorflow/core/common_runtime/gpu/pool_allocator.cc:247] PoolAllocator: After 876191480 get requests, put_count=876191536 evicted_count=1287000 eviction_rate=0.00146886 and unsatisfied allocation rate=0.00146908
2017-06-25 20:13:58.748080: I tensorflow/core/common_runtime/gpu/pool_allocator.cc:247] PoolAllocator: After 883112336 get requests, put_count=883112391 evicted_count=1297000 eviction_rate=0.00146867 and unsatisfied allocation rate=0.00146889
2017-06-25 20:19:04.745757: I tensorflow/core/common_runtime/gpu/pool_allocator.cc:247] PoolAllocator: After 889918996 get requests, put_count=889919052 evicted_count=1307000 eviction_rate=0.00146867 and unsatisfied allocation rate=0.00146889
2017-06-25 20:24:13.998916: I tensorflow/core/common_runtime/gpu/pool_allocator.cc:247] PoolAllocator: After 896818179 get requests, put_count=896818237 evicted_count=1317000 eviction_rate=0.00146852 and unsatisfied allocation rate=0.00146874
2017-06-25 20:29:08.032311: I tensorflow/core/common_runtime/gpu/pool_allocator.cc:247] PoolAllocator: After 903469266 get requests, put_count=903469321 evicted_count=1327000 eviction_rate=0.00146878 and unsatisfied allocation rate=0.001469
2017-06-25 20:34:14.142037: I tensorflow/core/common_runtime/gpu/pool_allocator.cc:247] PoolAllocator: After 910310349 get requests, put_count=910310403 evicted_count=1337000 eviction_rate=0.00146873 and unsatisfied allocation rate=0.00146894
2017-06-25 20:39:17.259648: I tensorflow/core/common_runtime/gpu/pool_allocator.cc:247] PoolAllocator: After 917091543 get requests, put_count=917091597 evicted_count=1347000 eviction_rate=0.00146877 and unsatisfied allocation rate=0.00146898
2017-06-25 20:44:26.407237: I tensorflow/core/common_runtime/gpu/pool_allocator.cc:247] PoolAllocator: After 924010791 get requests, put_count=924010841 evicted_count=1357000 eviction_rate=0.0014686 and unsatisfied allocation rate=0.00146881
2017-06-25 20:49:23.526977: I tensorflow/core/common_runtime/gpu/pool_allocator.cc:247] PoolAllocator: After 930673237 get requests, put_count=930673291 evicted_count=1367000 eviction_rate=0.00146883 and unsatisfied allocation rate=0.00146904
2017-06-25 20:54:34.675748: I tensorflow/core/common_runtime/gpu/pool_allocator.cc:247] PoolAllocator: After 937621432 get requests, put_count=937621488 evicted_count=1377000 eviction_rate=0.00146861 and unsatisfied allocation rate=0.00146881
2017-06-25 20:59:40.727190: I tensorflow/core/common_runtime/gpu/pool_allocator.cc:247] PoolAllocator: After 944442589 get requests, put_count=944442644 evicted_count=1387000 eviction_rate=0.00146859 and unsatisfied allocation rate=0.00146879
2017-06-25 21:04:37.147969: I tensorflow/core/common_runtime/gpu/pool_allocator.cc:247] PoolAllocator: After 951078648 get requests, put_count=951078701 evicted_count=1397000 eviction_rate=0.00146886 and unsatisfied allocation rate=0.00146906
2017-06-25 21:09:51.106544: I tensorflow/core/common_runtime/gpu/pool_allocator.cc:247] PoolAllocator: After 958118513 get requests, put_count=958118569 evicted_count=1407000 eviction_rate=0.0014685 and unsatisfied allocation rate=0.0014687
2017-06-25 21:14:50.116604: I tensorflow/core/common_runtime/gpu/pool_allocator.cc:247] PoolAllocator: After 964818011 get requests, put_count=964818069 evicted_count=1417000 eviction_rate=0.00146867 and unsatisfied allocation rate=0.00146887
