
<Data> Loading local train environments with human annotations
<Data> Found 1566 annotations

<Data> Loading local test environments with human annotations
<Data> Found 399 annotations

<Data> Loading global train environments with human annotations
<Data> Found 1071 annotations

<Data> Loading global test environments with human annotations
<Data> Found 272 annotations
[n_train] 5000
[n_test] 1000 test
[task_ids] 5000 -> 5050
[n_vocab] 74
[iter]    0
[loss]    29.5914
[tst_rew] -0.8500
<s> reach diamond diamond of triangle *invalid* *invalid* *invalid* *invalid* *invalid* *invalid* *invalid* *invalid* *invalid* *invalid* *invalid* *invalid* *invalid* *invalid* *invalid*
<s> cell cell go to circle *invalid* star *invalid* *invalid* *invalid* *invalid* *invalid* *invalid* *invalid* *invalid* *invalid* *invalid* *invalid* *invalid* *invalid*
<s> reach the right below *invalid* the circle *invalid* *invalid* *invalid* *invalid* *invalid* *invalid* *invalid* *invalid* *invalid* *invalid* *invalid* *invalid* *invalid*

[iter]    1
[loss]    20.3486
[trn_rew] -0.7297
[tst_rew] -0.8400
<s> reach above to </s>
<s> reach above square with triangle *invalid* *invalid* *invalid* *invalid* *invalid* *invalid* *invalid* *invalid* *invalid* *invalid* *invalid* *invalid* *invalid* *invalid* *invalid*
<s> reach cell to triangle the *invalid* *invalid* *invalid* *invalid* *invalid* *invalid* *invalid* *invalid* *invalid* *invalid* *invalid* *invalid* *invalid* *invalid* *invalid*

[iter]    2
[loss]    18.8831
[trn_rew] -0.5053
[tst_rew] -0.5200
<s> above the </s>
<s> reach cell cell the star of </s>
<s> go left the triangle triangle diamond spade the *invalid* orange *invalid* *invalid* *invalid* *invalid* *invalid* *invalid* *invalid* *invalid* *invalid* *invalid*

[iter]    3
[loss]    17.5323
[trn_rew] -0.4563
[tst_rew] -0.2800
<s> reach cell below of </s>
<s> reach space the diamond right </s>
<s> reach cell to cell spade </s>

[iter]    4
[loss]    16.1866
[trn_rew] -0.4029
[tst_rew] -0.3500
<s> cell square below below the *invalid* spade *invalid* *invalid* *invalid* *invalid* *invalid* *invalid* *invalid* *invalid* *invalid* *invalid* *invalid* *invalid* *invalid*
<s> reach the star left the of </s>
<s> reach cell above right circle left *invalid* </s>

[iter]    5
[loss]    14.7355
[trn_rew] -0.3488
[tst_rew] -0.3200
<s> move one above *invalid* *invalid* *invalid* *invalid* *invalid* *invalid* *invalid* *invalid* *invalid* *invalid* *invalid* *invalid* *invalid* *invalid* *invalid* *invalid* *invalid*
<s> cell cell one to *invalid* *invalid* *invalid* *invalid* *invalid* *invalid* *invalid* *invalid* *invalid* *invalid* *invalid* *invalid* *invalid* *invalid* *invalid* *invalid*
<s> reach cell to cell the triangle </s>

[iter]    6
[loss]    13.3297
[trn_rew] -0.3398
[tst_rew] -0.4100
<s> reach cell to the heart </s>
<s> the to triangle the spade triangle </s>
<s> reach cell blue diamond </s>

[iter]    7
[loss]    11.7990
[trn_rew] -0.2437
[tst_rew] -0.1400
<s> go square directly left of the to the left orange triangle </s>
<s> go the above </s>
<s> reach cell to the the of the </s>

[iter]    8
[loss]    10.5312
[trn_rew] -0.2220
[tst_rew] -0.3100
<s> reach cell above the circle </s>
<s> reach above blue star </s>
<s> reach diamond green spade </s>

[iter]    9
[loss]    9.7173
[trn_rew] -0.2589
[tst_rew] -0.2900
<s> reach the cell below the star </s>
<s> reach space to the left of spade circle </s>
<s> reach one left of spade </s>

[iter]    10
[loss]    9.1265
[trn_rew] -0.2107
[tst_rew] -0.0900
<s> reach square above triangle </s>
<s> reach the cell to the circle teal the right of the circle </s>
<s> reach cell below the star </s>

[iter]    11
[loss]    8.8119
[trn_rew] -0.1468
[tst_rew] -0.4600
<s> reach cell to the right of triangle </s>
<s> cell one left of star </s>
<s> reach cell to the right of the heart </s>

[iter]    12
[loss]    8.5826
[trn_rew] -0.1967
[tst_rew] -0.1600
<s> above heart </s>
<s> move cell directly cell *invalid* *invalid* *invalid* *invalid* *invalid* *invalid* *invalid* *invalid* *invalid* *invalid* *invalid* *invalid* *invalid* *invalid* *invalid* *invalid*
<s> reach the spade </s>

[iter]    13
[loss]    8.3269
[trn_rew] -0.1820
[tst_rew] -0.3000
<s> reach the cell one below circle </s>
<s> reach square one right of triangle </s>
<s> cell one left of circle </s>

[iter]    14
[loss]    8.1830
[trn_rew] -0.1988
[tst_rew] -0.1900
<s> reach the triangle </s>
<s> reach cell of circle </s>
<s> reach the cell to the is blue the diamond </s>

[iter]    15
[loss]    8.0099
[trn_rew] -0.2080
[tst_rew] -0.1700
<s> cell one above star </s>
<s> reach the cell with the diamond </s>
<s> reach the cell one below the is star </s>

[iter]    16
[loss]    7.8670
[trn_rew] -0.1900
[tst_rew] -0.2800
<s> reach cell below circle </s>
<s> reach cell 1 below spade </s>
<s> reach cell one above orange diamond </s>

[iter]    17
[loss]    7.8109
[trn_rew] -0.1747
[tst_rew] -0.3600
<s> reach the cell one the left of the star </s>
<s> reach the cell to the left of the triangle </s>
<s> reach the orange star </s>

[iter]    18
[loss]    7.7386
[trn_rew] -0.1942
[tst_rew] -0.2300
<s> reach space one below heart </s>
<s> above heart </s>
<s> reach cell with star </s>

[iter]    19
[loss]    7.6313
[trn_rew] -0.1426
[tst_rew] -0.1500
<s> reach the cell to the right of the star </s>
<s> reach square below star </s>
<s> reach cell of heart </s>

[iter]    20
[loss]    7.6297
[trn_rew] -0.1921
[tst_rew] -0.1400
<s> reach the cell to the right of the circle </s>
<s> move to the star </s>
<s> cell one left of heart </s>

[iter]    21
[loss]    7.5364
[trn_rew] -0.1936
[tst_rew] -0.1200
<s> reach cell with spade </s>
<s> square to the left of the triangle </s>
<s> reach space to cell right of triangle </s>

[iter]    22
[loss]    7.5376
[trn_rew] -0.1731
[tst_rew] -0.1700
<s> reach cell on right of triangle </s>
<s> reach the square that is to the right of the spade </s>
<s> reach the square that is to the right of the spade </s>

[iter]    23
[loss]    7.5068
[trn_rew] -0.1016
[tst_rew] -0.2500
<s> one to left of the spade </s>
<s> reach cell above triangle </s>
<s> cell above diamond </s>

[iter]    24
[loss]    7.4677
[trn_rew] -0.2013
[tst_rew] -0.2900
<s> reach the heart cell </s>
<s> reach cell to right of spade </s>
<s> reach square left of triangle </s>

[iter]    25
[loss]    7.4642
[trn_rew] -0.1510
[tst_rew] -0.1600
<s> reach cell right of triangle </s>
<s> cell with blue star </s>
<s> reach the blue star </s>

[iter]    26
[loss]    7.4701
[trn_rew] -0.1553
[tst_rew] -0.2300
<s> reach cell one above triangle </s>
<s> reach the cell to the left of the spade </s>
<s> reach cell left of star </s>

[iter]    27
[loss]    7.4287
[trn_rew] -0.1102
[tst_rew] 0.1200
<s> reach cell on left of triangle </s>
<s> reach the cell below star </s>
<s> reach the space to the left of the heart </s>

[iter]    28
[loss]    7.3394
[trn_rew] -0.0606
[tst_rew] -0.4800
<s> reach square one right of heart </s>
<s> cell one right of star </s>
<s> cell one right of star </s>

[iter]    29
[loss]    7.3949
[trn_rew] -0.1344
[tst_rew] -0.1300
<s> reach the cell above the triangle </s>
<s> square above triangle </s>
<s> reach the cell to the right of the heart </s>

[iter]    30
[loss]    7.3899
[trn_rew] -0.0939
[tst_rew] -0.2000
<s> reach cell to right of spade </s>
<s> reach one above spade </s>
<s> go to the cell with the heart </s>

[iter]    31
[loss]    7.3460
[trn_rew] -0.0929
[tst_rew] -0.3000
<s> move one cell to right of spade </s>
<s> reach cell with blue diamond </s>
<s> reach cell directly below green star </s>

[iter]    32
[loss]    7.3027
[trn_rew] -0.0708
[tst_rew] -0.2700
<s> reach one above triangle </s>
<s> reach the space below the star </s>
<s> reach cell on left of triangle </s>

[iter]    33
[loss]    7.2892
[trn_rew] -0.0890
[tst_rew] -0.3000
<s> the cell above the star </s>
<s> reach the cell one below heart </s>
<s> reach cell to right of spade </s>

[iter]    34
[loss]    7.2705
[trn_rew] -0.0823
[tst_rew] -0.2500
<s> reach the triangle </s>
<s> reach cell above blue diamond </s>
<s> reach the space below the heart </s>

[iter]    35
[loss]    7.2906
[trn_rew] -0.1588
[tst_rew] -0.3600
<s> reach the triangle </s>
<s> reach spade triangle </s>
<s> reach the cell one below heart </s>

[iter]    36
[loss]    7.3279
[trn_rew] -0.1215
[tst_rew] -0.0200
<s> reach the cell to the right of the circle </s>
<s> reach the cell one below spade </s>
<s> reach the circle star </s>

[iter]    37
[loss]    7.2863
[trn_rew] -0.1214
[tst_rew] -0.2300
<s> reach spade </s>
<s> reach spade </s>
<s> reach cell directly below green diamond </s>

[iter]    38
[loss]    7.2591
[trn_rew] -0.0755
[tst_rew] -0.2300
<s> reach diamond </s>
<s> reach cell with spade </s>
<s> cell above star </s>

[iter]    39
[loss]    7.2432
[trn_rew] -0.0425
[tst_rew] -0.4100
<s> reach the cell </s>
<s> reach the cell one above heart </s>
<s> reach the cell one below circle </s>

[iter]    40
[loss]    7.2430
[trn_rew] -0.0851
[tst_rew] -0.3900
<s> left of star </s>
<s> cell above the spade </s>
<s> reach spade </s>

[iter]    41
[loss]    7.2732
[trn_rew] -0.0791
[tst_rew] 0.0400
<s> reach the square that is to the right of the orange triangle </s>
<s> reach the cell one below triangle </s>
<s> reach cell directly below green star </s>

[iter]    42
[loss]    7.2743
[trn_rew] -0.0419
[tst_rew] -0.1700
<s> reach the blue star </s>
<s> reach cell above the spade </s>
<s> the cell above the circle </s>

[iter]    43
[loss]    7.2197
[trn_rew] -0.0947
[tst_rew] -0.0100
<s> reach the cell below the triangle </s>
<s> cell above triangle </s>
<s> cell below the triangle </s>

[iter]    44
[loss]    7.2156
[trn_rew] -0.0585
[tst_rew] -0.0700
<s> square above the triangle </s>
<s> go to the circle </s>
<s> cell one right of circle </s>

[iter]    45
[loss]    7.2181
[trn_rew] 0.0033
[tst_rew] -0.2700
<s> reach the cell to the right of the heart </s>
<s> reach space below spade </s>
<s> reach cell to right of spade </s>

[iter]    46
[loss]    7.1924
[trn_rew] -0.0536
[tst_rew] -0.2200
<s> reach cell one above diamond </s>
<s> reach cell to right of heart </s>
<s> reach cell above diamond </s>

[iter]    47
[loss]    7.1878
[trn_rew] -0.1278
[tst_rew] 0.1100
<s> cell above spade </s>
<s> reach the cell above the right </s>
<s> reach cell directly below green star </s>

[iter]    48
[loss]    7.1962
[trn_rew] -0.0604
[tst_rew] -0.1900
<s> reach the blue diamond </s>
<s> reach square to the left of diamond </s>
<s> the cell where diamond is </s>

[iter]    49
[loss]    7.2041
[trn_rew] -0.0289
[tst_rew] 0.1200
<s> reach square above spade </s>
<s> above heart </s>
<s> reach space below star </s>

[iter]    50
[loss]    7.2084
[trn_rew] 0.0008
[tst_rew] -0.1700
<s> reach the spade cell </s>
<s> reach the square that is to the right of the orange diamond </s>
<s> square above the spade </s>

[iter]    51
[loss]    7.2027
[trn_rew] -0.0073
[tst_rew] -0.1800
<s> reach cell right of triangle </s>
<s> square above the star </s>
<s> cell below the triangle </s>

[iter]    52
[loss]    7.1520
[trn_rew] -0.0015
[tst_rew] -0.3900
<s> to the left of the spade </s>
<s> cell above triangle </s>
<s> reach cell one above diamond </s>

[iter]    53
[loss]    7.1750
[trn_rew] 0.0322
[tst_rew] -0.0200
<s> reach the square that is to the right of the orange triangle </s>
<s> reach the cell below the circle </s>
<s> reach cell one above heart </s>

[iter]    54
[loss]    7.1462
[trn_rew] 0.0371
[tst_rew] -0.1700
<s> reach the cell one below triangle </s>
<s> reach the blue circle </s>
<s> go to spade </s>

[iter]    55
[loss]    7.0955
[trn_rew] 0.0665
[tst_rew] -0.0400
<s> reach the cell to the left of the triangle </s>
<s> reach the triangle cell </s>
<s> reach cell above diamond </s>

[iter]    56
[loss]    7.1273
[trn_rew] 0.0834
[tst_rew] -0.0400
<s> the right of the star </s>
<s> reach the blue star </s>
<s> reach cell below circle </s>

[iter]    57
[loss]    7.0794
[trn_rew] 0.0153
[tst_rew] -0.0300
<s> reach the cell below the diamond </s>
<s> left of spade </s>
<s> reach cell with the spade </s>

[iter]    58
[loss]    7.1485
[trn_rew] 0.0540
[tst_rew] -0.1300
<s> go to the cell to the left of the triangle </s>
<s> reach the cell to the left of the circle </s>
<s> cell to the heart </s>

[iter]    59
[loss]    7.1628
[trn_rew] 0.1180
[tst_rew] -0.0300
<s> reach the spade </s>
<s> reach cell to the left of the heart </s>
<s> reach cell below the star </s>

[iter]    60
[loss]    7.1607
[trn_rew] 0.0821
[tst_rew] 0.1800
<s> reach the triangle </s>
<s> go to the cell below the triangle </s>
<s> the cell above the diamond </s>

[iter]    61
[loss]    7.1503
[trn_rew] 0.1323
[tst_rew] -0.2500
<s> reach cell one below the heart </s>
<s> left of the heart </s>
<s> reach cell to right of heart </s>

[iter]    62
[loss]    7.1537
[trn_rew] 0.0823
[tst_rew] 0.1000
<s> reach cell 1 below star </s>
<s> reach cell left of triangle </s>
<s> reach cell one above is </s>

[iter]    63
[loss]    7.1382
[trn_rew] 0.1000
[tst_rew] 0.0300
<s> the cell where star is </s>
<s> reach the cell to the right of the star </s>
<s> reach cell to right of heart </s>

[iter]    64
[loss]    7.1805
[trn_rew] 0.1167
[tst_rew] -0.1900
<s> reach the cell to the left of the diamond </s>
<s> reach the cell one above star </s>
<s> the cell above the spade </s>

[iter]    65
[loss]    7.1373
[trn_rew] 0.1047
[tst_rew] -0.0300
<s> reach cell to left of triangle </s>
<s> reach cell below the star </s>
<s> reach cell right of triangle </s>

[iter]    66
[loss]    7.1277
[trn_rew] 0.1201
[tst_rew] 0.0300
<s> move to the circle </s>
<s> reach cell one above triangle </s>
<s> reach the square that is to the left of the diamond </s>

[iter]    67
[loss]    7.1281
[trn_rew] 0.1220
[tst_rew] -0.1100
<s> reach the blue circle </s>
<s> the cell above the diamond </s>
<s> reach cell above the star </s>

[iter]    68
[loss]    7.0862
[trn_rew] 0.1429
[tst_rew] 0.1600
<s> reach cell to left of triangle </s>
<s> reach one right of spade </s>
<s> reach cell to the left of the star </s>

[iter]    69
[loss]    7.0776
[trn_rew] 0.1594
[tst_rew] -0.0700
<s> reach the cell to the right of the star </s>
<s> left of heart </s>
<s> reach cell to right of diamond </s>

[iter]    70
[loss]    7.1019
[trn_rew] 0.1785
[tst_rew] 0.0000
<s> reach the blue star </s>
<s> reach cell to circle </s>
<s> reach the space to the right of the heart </s>

[iter]    71
[loss]    7.1038
[trn_rew] 0.2208
[tst_rew] -0.0600
<s> reach the cell to the right of the diamond </s>
<s> above circle </s>
<s> reach the square that is to the right of the orange triangle </s>

[iter]    72
[loss]    7.0748
[trn_rew] 0.2422
[tst_rew] 0.0800
<s> reach cell with spade </s>
<s> reach the cell one below triangle </s>
<s> reach cell with spade </s>

[iter]    73
[loss]    7.0803
[trn_rew] 0.2067
[tst_rew] 0.1300
<s> one above triangle </s>
<s> reach square left of spade </s>
<s> reach cell to right of triangle </s>

[iter]    74
[loss]    7.0492
[trn_rew] 0.2092
[tst_rew] -0.0500
<s> reach cell left of heart </s>
<s> reach the blue circle </s>
<s> reach cell right of heart </s>

[iter]    75
[loss]    7.0523
[trn_rew] 0.2409
[tst_rew] -0.0400
<s> reach the cell one above the spade </s>
<s> square above the heart </s>
<s> reach cell one below star </s>

[iter]    76
[loss]    7.0425
[trn_rew] 0.3006
[tst_rew] 0.0200
<s> reach cell with blue diamond </s>
<s> reach the cell one above the triangle </s>
<s> reach square below triangle </s>

[iter]    77
[loss]    7.0340
[trn_rew] 0.2966
[tst_rew] -0.2600
<s> left of circle </s>
<s> reach the cell with the spade </s>
<s> reach the square that is to the left of the heart </s>

[iter]    78
[loss]    7.0268
[trn_rew] 0.2851
[tst_rew] -0.1300
<s> reach cell above the spade </s>
<s> reach square below star </s>
<s> the cell above the spade </s>

[iter]    79
[loss]    7.0568
[trn_rew] 0.3185
[tst_rew] -0.1900
<s> reach one cell left of diamond </s>
<s> reach cell below the star </s>
<s> reach cell above spade </s>

[iter]    80
[loss]    7.0087
[trn_rew] 0.3274
[tst_rew] 0.0300
<s> reach cell above spade </s>
<s> go to the cell below the diamond </s>
<s> reach square to the left of triangle </s>

[iter]    81
[loss]    7.0210
[trn_rew] 0.3196
[tst_rew] -0.0800
<s> reach cell to right of heart </s>
<s> reach cell to the right of heart </s>
<s> reach cell to the left of the triangle </s>

[iter]    82
[loss]    7.0049
[trn_rew] 0.4349
[tst_rew] 0.1500
<s> reach the diamond cell </s>
<s> cell one left of the diamond </s>
<s> reach the blue star </s>

[iter]    83
[loss]    7.0167
[trn_rew] 0.3385
[tst_rew] 0.1800
<s> the cell above the diamond </s>
<s> reach cell directly below green diamond </s>
<s> reach the square that is to the right of the orange spade </s>

[iter]    84
[loss]    7.0177
[trn_rew] 0.4095
[tst_rew] -0.3500
<s> reach cell to the left of blue diamond </s>
<s> reach star </s>
<s> reach the star cell </s>

[iter]    85
[loss]    7.0038
[trn_rew] 0.4210
[tst_rew] -0.1200
<s> above circle </s>
<s> reach cell 1 below heart </s>
<s> reach one cell left of diamond </s>

[iter]    86
[loss]    7.0087
[trn_rew] 0.4064
[tst_rew] 0.1400
<s> reach square to the left of diamond </s>
<s> reach cell one below star </s>
<s> cell one below diamond </s>

[iter]    87
[loss]    6.9914
[trn_rew] 0.3894
[tst_rew] 0.0800
<s> reach one above heart </s>
<s> reach cell to the left of heart </s>
<s> reach the cell to the left of the triangle </s>

[iter]    88
[loss]    6.9690
[trn_rew] 0.3836
[tst_rew] 0.2900
<s> cell with orange diamond </s>
<s> reach cell to the right of the diamond </s>
<s> cell one left of heart </s>

[iter]    89
[loss]    6.9752
[trn_rew] 0.4803
[tst_rew] 0.0000
<s> reach cell above diamond </s>
<s> reach cell 1 below spade </s>
<s> reach the square that is to the right of the orange spade </s>

[iter]    90
[loss]    6.9893
[trn_rew] 0.5270
[tst_rew] -0.0100
<s> above triangle </s>
<s> go to the cell with the circle </s>
<s> reach square below spade </s>

[iter]    91
[loss]    6.9965
[trn_rew] 0.4864
[tst_rew] -0.0200
<s> reach the blue triangle </s>
<s> reach cell one below circle </s>
<s> reach the square that is to the right of the orange circle </s>

[iter]    92
[loss]    6.9576
[trn_rew] 0.4936
[tst_rew] 0.0300
<s> square above the spade </s>
<s> reach spade cell </s>
<s> reach the cell below the heart </s>

[iter]    93
[loss]    6.9733
[trn_rew] 0.5108
[tst_rew] 0.0700
<s> reach cell one below the triangle </s>
<s> above heart </s>
<s> reach one above star </s>

[iter]    94
[loss]    6.9455
[trn_rew] 0.5403
[tst_rew] 0.2900
<s> reach the cell one above the triangle </s>
<s> reach cell on left of circle </s>
<s> cell one right of diamond </s>

[iter]    95
[loss]    6.9502
[trn_rew] 0.5373
[tst_rew] -0.0400
<s> reach cell to diamond </s>
<s> reach one above star </s>
<s> reach cell with circle </s>

[iter]    96
[loss]    6.9350
[trn_rew] 0.5628
[tst_rew] -0.2200
<s> go to diamond </s>
<s> reach cell to right of spade </s>
<s> reach the cell below the triangle </s>

[iter]    97
[loss]    6.9128
[trn_rew] 0.6033
[tst_rew] 0.0300
<s> reach the cell to the right of the heart </s>
<s> reach cell right of triangle </s>
<s> reach cell to the left of the diamond </s>

[iter]    98
[loss]    6.9270
[trn_rew] 0.5801
[tst_rew] 0.2200
<s> reach the cell one below star </s>
<s> reach one cell left of star </s>
<s> reach the cell below the heart </s>

[iter]    99
[loss]    6.9082
[trn_rew] 0.6114
[tst_rew] 0.1500
<s> one cell left of diamond </s>
<s> reach cell right of triangle </s>
<s> reach cell above heart </s>

[iter]    100
[loss]    6.8991
[trn_rew] 0.6500
[tst_rew] -0.0700
<s> reach the square that is to the right of the orange diamond </s>
<s> reach square one right of circle </s>
<s> reach cell right of triangle </s>

[iter]    101
[loss]    6.9440
[trn_rew] 0.6609
[tst_rew] 0.3700
<s> go to circle </s>
<s> reach one cell left of triangle </s>
<s> reach cell to the left of the triangle </s>

[iter]    102
[loss]    6.8977
[trn_rew] 0.6665
[tst_rew] 0.0600
<s> reach cell above the diamond </s>
<s> reach the circle </s>
<s> reach the space to the right of the circle </s>

[iter]    103
[loss]    6.9030
[trn_rew] 0.7263
[tst_rew] -0.0800
<s> one space to the left of the spade </s>
<s> reach the diamond cell </s>
<s> cell one left of heart </s>

[iter]    104
[loss]    6.8992
[trn_rew] 0.7251
[tst_rew] 0.1200
<s> square above the heart </s>
<s> reach the space to the left of the diamond </s>
<s> reach cell to the right of the spade </s>

[iter]    105
[loss]    6.8701
[trn_rew] 0.7502
[tst_rew] 0.2500
<s> move to the heart </s>
<s> reach the triangle </s>
<s> reach the space to the left of the heart </s>

[iter]    106
[loss]    6.8686
[trn_rew] 0.7253
[tst_rew] 0.4000
<s> cell below the diamond </s>
<s> square above the spade </s>
<s> move to the spade </s>

[iter]    107
[loss]    6.8771
[trn_rew] 0.7457
[tst_rew] 0.2800
<s> reach circle </s>
<s> move to the triangle </s>
<s> to the left of the spade </s>

[iter]    108
[loss]    6.8626
[trn_rew] 0.7446
[tst_rew] 0.1200
<s> reach cell of spade </s>
<s> reach the diamond </s>
<s> reach square one right of star </s>

[iter]    109
[loss]    6.8465
[trn_rew] 0.8268
[tst_rew] 0.3000
<s> reach cell with triangle </s>
<s> reach the blue heart </s>
<s> cell above diamond </s>

[iter]    110
[loss]    6.8559
[trn_rew] 0.7712
[tst_rew] 0.1600
<s> one cell left of diamond </s>
<s> reach cell one below star </s>
<s> reach space below diamond </s>

[iter]    111
[loss]    6.8240
[trn_rew] 0.8643
[tst_rew] 0.0300
<s> reach the square that is to the left of the circle </s>
<s> reach the blue star </s>
<s> above diamond </s>

[iter]    112
[loss]    6.8427
[trn_rew] 0.8239
[tst_rew] 0.3200
<s> reach space below triangle </s>
<s> reach square one right of circle </s>
<s> reach one above triangle </s>

[iter]    113
[loss]    6.8208
[trn_rew] 0.8787
[tst_rew] 0.2400
<s> go to the cell with the circle </s>
<s> cell below the diamond </s>
<s> reach the cell one above the star </s>

[iter]    114
[loss]    6.8213
[trn_rew] 0.8959
[tst_rew] 0.3500
<s> go to the cell below the diamond </s>
<s> reach one above circle </s>
<s> reach cell above the spade </s>

[iter]    115
[loss]    6.7800
[trn_rew] 0.9722
[tst_rew] 0.0300
<s> reach cell above spade </s>
<s> reach the cell with the star </s>
<s> one space to the left of the spade </s>

[iter]    116
[loss]    6.8059
[trn_rew] 0.8937
[tst_rew] 0.6300
<s> reach cell one above triangle </s>
<s> reach cell left of heart </s>
<s> reach cell to the left of blue diamond </s>

[iter]    117
[loss]    6.8197
[trn_rew] 0.9796
[tst_rew] 0.2200
<s> reach square one right of star </s>
<s> cell below the diamond </s>
<s> go to the cell to the left of the diamond </s>

[iter]    118
[loss]    6.7996
[trn_rew] 0.9428
[tst_rew] 0.2800
<s> go to the cell with the star </s>
<s> reach the cell to the right of the diamond </s>
<s> reach cell above diamond </s>

[iter]    119
[loss]    6.8010
[trn_rew] 0.9702
[tst_rew] 0.1000
<s> reach the circle </s>
<s> reach square below circle </s>
<s> reach the triangle </s>

[iter]    120
[loss]    6.7706
[trn_rew] 1.0426
[tst_rew] 0.3400
<s> reach square below circle </s>
<s> go to the cell below the diamond </s>
<s> cell above triangle </s>

[iter]    121
[loss]    6.7880
[trn_rew] 1.0168
[tst_rew] 0.6200
<s> one space to the left of the triangle </s>
<s> reach space below circle </s>
<s> reach cell one above heart </s>

[iter]    122
[loss]    6.7557
[trn_rew] 1.0171
[tst_rew] 0.3900
<s> the cell where diamond is </s>
<s> reach cell with the heart </s>
<s> reach the diamond </s>

[iter]    123
[loss]    6.7606
[trn_rew] 1.0182
[tst_rew] 0.4000
<s> reach the square that is to the left of the heart </s>
<s> reach the heart cell </s>
<s> above heart </s>

[iter]    124
[loss]    6.7489
[trn_rew] 1.1180
[tst_rew] 0.3100
<s> reach the triangle </s>
<s> reach cell below spade </s>
<s> reach the cell one below star </s>

[iter]    125
[loss]    6.7222
[trn_rew] 1.1094
[tst_rew] 0.4900
<s> reach the cell with the star </s>
<s> reach cell with blue circle </s>
<s> reach cell right of spade </s>

[iter]    126
[loss]    6.7102
[trn_rew] 1.1029
[tst_rew] 0.1700
<s> reach cell one below spade </s>
<s> reach the cell with the spade </s>
<s> reach square below triangle </s>

[iter]    127
[loss]    6.7064
[trn_rew] 1.0973
[tst_rew] 0.3400
<s> move to the heart </s>
<s> reach the blue circle </s>
<s> reach space below star </s>

[iter]    128
[loss]    6.7280
[trn_rew] 1.1922
[tst_rew] 0.5700
<s> the cell above the heart </s>
<s> reach cell to diamond </s>
<s> reach the cell one below circle </s>

[iter]    129
[loss]    6.7052
[trn_rew] 1.1271
[tst_rew] 0.5300
<s> cell one below diamond </s>
<s> reach square one right of circle </s>
<s> reach space below triangle </s>

[iter]    130
[loss]    6.7056
[trn_rew] 1.1905
[tst_rew] 0.8700
<s> reach the space to the right of the triangle </s>
<s> reach cell to left of diamond </s>
<s> reach cell one below spade </s>

[iter]    131
[loss]    6.6832
[trn_rew] 1.2018
[tst_rew] 0.3500
<s> reach the cell one below triangle </s>
<s> reach space below triangle </s>
<s> reach the cell below the diamond </s>

[iter]    132
[loss]    6.6877
[trn_rew] 1.1940
[tst_rew] 0.6700
<s> reach square below star </s>
<s> reach cell above circle </s>
<s> reach cell right of circle </s>

[iter]    133
[loss]    6.6937
[trn_rew] 1.2159
[tst_rew] 0.6200
<s> reach the cell below the circle </s>
<s> reach cell to the left of blue spade </s>
<s> reach the blue star </s>

[iter]    134
[loss]    6.6839
[trn_rew] 1.2487
[tst_rew] 0.5600
<s> reach square below star </s>
<s> reach cell above the circle </s>
<s> move one cell to right of diamond </s>

[iter]    135
[loss]    6.6860
[trn_rew] 1.2416
[tst_rew] 0.5600
<s> reach the cell to the right of the star </s>
<s> reach cell above spade </s>
<s> above the spade </s>

[iter]    136
[loss]    6.6697
[trn_rew] 1.2261
[tst_rew] 0.5300
<s> reach with the spade </s>
<s> reach cell to triangle </s>
<s> reach the above </s>

[iter]    137
[loss]    6.6641
[trn_rew] 1.3361
[tst_rew] 0.6800
<s> square above the star </s>
<s> reach the cell one below triangle </s>
<s> reach the cell to the right of the circle </s>

[iter]    138
[loss]    6.6486
[trn_rew] 1.2334
[tst_rew] 0.4400
<s> reach cell to left of star </s>
<s> reach space below circle </s>
<s> reach cell directly below green spade </s>

[iter]    139
[loss]    6.6221
[trn_rew] 1.3238
[tst_rew] 0.3400
<s> reach cell below triangle </s>
<s> cell with orange triangle </s>
<s> reach the cell above the diamond </s>

[iter]    140
[loss]    6.6495
[trn_rew] 1.3073
[tst_rew] 0.8200
<s> go to the cell to the left of the heart </s>
<s> square above the triangle </s>
<s> reach the cell below the spade </s>

[iter]    141
[loss]    6.6635
[trn_rew] 1.3352
[tst_rew] 0.5600
<s> to the left of the spade </s>
<s> cell one space to right of spade </s>
<s> reach cell with heart </s>

[iter]    142
[loss]    6.6313
[trn_rew] 1.3478
[tst_rew] 0.3300
<s> reach the star </s>
<s> reach one cell left of heart </s>
<s> reach cell above diamond </s>

[iter]    143
[loss]    6.6278
[trn_rew] 1.3686
[tst_rew] 0.6200
<s> reach cell on left of heart </s>
<s> reach cell to the right of the heart </s>
<s> reach space below star </s>

[iter]    144
[loss]    6.6273
[trn_rew] 1.4083
[tst_rew] 0.4300
<s> reach the cell one below diamond </s>
<s> reach square below spade </s>
<s> cell above heart </s>

[iter]    145
[loss]    6.6331
[trn_rew] 1.3985
[tst_rew] 0.7300
<s> the cell above the circle </s>
<s> go to the cell to the left of the circle </s>
<s> cell below the circle </s>

[iter]    146
[loss]    6.6092
[trn_rew] 1.3866
[tst_rew] 0.8400
<s> reach the cell one below circle </s>
<s> reach square above diamond </s>
<s> to the left of the triangle </s>

[iter]    147
[loss]    6.6113
[trn_rew] 1.4440
[tst_rew] 0.9900
<s> reach the cell above the star </s>
<s> reach cell of diamond </s>
<s> reach the cell to the left of the circle </s>

[iter]    148
[loss]    6.6080
[trn_rew] 1.4685
[tst_rew] 0.8000
<s> reach triangle </s>
<s> reach one above spade </s>
<s> reach square one right of triangle </s>

[iter]    149
[loss]    6.6058
[trn_rew] 1.4894
[tst_rew] 0.5900
<s> cell one below diamond </s>
<s> reach square one right of circle </s>
<s> reach square below circle </s>

[iter]    150
[loss]    6.6146
[trn_rew] 1.4750
[tst_rew] 0.5900
<s> reach square one right of spade </s>
<s> move one cell to right of spade </s>
<s> cell with heart </s>

[iter]    151
[loss]    6.5968
[trn_rew] 1.4842
[tst_rew] 0.8400
<s> reach cell below the circle </s>
<s> reach the circle cell </s>
<s> reach cell one below the circle </s>

[iter]    152
[loss]    6.5912
[trn_rew] 1.5151
[tst_rew] 0.9500
<s> reach the cell below the heart </s>
<s> reach cell on left of heart </s>
<s> reach the cell below the star </s>

[iter]    153
[loss]    6.5750
[trn_rew] 1.4903
[tst_rew] 1.1700
<s> reach cell right of triangle </s>
<s> cell with heart </s>
<s> the cell above the triangle </s>

[iter]    154
[loss]    6.5785
[trn_rew] 1.5475
[tst_rew] 0.4100
<s> reach cell one above diamond </s>
<s> reach square below star </s>
<s> reach the square that is to the left of the spade </s>

[iter]    155
[loss]    6.5876
[trn_rew] 1.5171
[tst_rew] 0.7500
<s> reach the heart cell </s>
<s> reach cell right of heart </s>
<s> reach square below diamond </s>

[iter]    156
[loss]    6.5374
[trn_rew] 1.5582
[tst_rew] 0.8600
<s> reach the diamond cell </s>
<s> reach cell directly below green triangle </s>
<s> cell one right of spade </s>

[iter]    157
[loss]    6.5594
[trn_rew] 1.5604
[tst_rew] 0.8300
<s> reach the cell to the left of the spade </s>
<s> reach the cell one below triangle </s>
<s> reach the blue star </s>

[iter]    158
[loss]    6.5398
[trn_rew] 1.5923
[tst_rew] 0.8100
<s> reach cell to circle </s>
<s> reach cell to the right of star </s>
<s> reach the cell to the left of the star </s>

[iter]    159
[loss]    6.5567
[trn_rew] 1.5871
[tst_rew] 0.6400
<s> reach the square that is to the left of the diamond </s>
<s> reach the star cell </s>
<s> reach the circle </s>

[iter]    160
[loss]    6.5529
[trn_rew] 1.6317
[tst_rew] 0.8700
<s> reach cell to the right of diamond </s>
<s> reach the cell below the diamond </s>
<s> reach cell to left of spade </s>

[iter]    161
[loss]    6.5661
[trn_rew] 1.5980
[tst_rew] 0.5400
<s> reach the triangle </s>
<s> move to the star </s>
<s> reach square above triangle </s>

[iter]    162
[loss]    6.5515
[trn_rew] 1.6123
[tst_rew] 0.8300
<s> cell above triangle </s>
<s> reach cell to the left of spade </s>
<s> reach the cell one below heart </s>

[iter]    163
[loss]    6.5415
[trn_rew] 1.6518
[tst_rew] 1.2700
<s> go to the heart </s>
<s> reach the blue triangle </s>
<s> reach cell to left of spade </s>

[iter]    164
[loss]    6.5283
[trn_rew] 1.6655
[tst_rew] 0.9900
<s> cell one below circle </s>
<s> reach cell above heart </s>
<s> cell one left of triangle </s>

[iter]    165
[loss]    6.5261
[trn_rew] 1.6501
[tst_rew] 0.8600
<s> left of the spade </s>
<s> reach cell to the left of the diamond </s>
<s> reach cell to the left of spade </s>

[iter]    166
[loss]    6.5061
[trn_rew] 1.6952
[tst_rew] 0.9400
<s> move one cell to right of heart </s>
<s> reach cell left of heart </s>
<s> one cell left of spade </s>

[iter]    167
[loss]    6.5066
[trn_rew] 1.6907
[tst_rew] 1.5200
<s> reach the space to the right of the spade </s>
<s> move one cell to right of circle </s>
<s> reach the square that is to the right of the orange heart </s>

[iter]    168
[loss]    6.5117
[trn_rew] 1.6585
[tst_rew] 0.7700
<s> reach cell to the left of triangle </s>
<s> reach the cell to the right of the star </s>
<s> reach cell to the right of the diamond </s>

[iter]    169
[loss]    6.5157
[trn_rew] 1.7244
[tst_rew] 1.0100
<s> reach the square that is to the right of the orange circle </s>
<s> left of the heart </s>
<s> above the diamond </s>

[iter]    170
[loss]    6.5159
[trn_rew] 1.6979
[tst_rew] 0.9600
<s> the cell above the spade </s>
<s> reach square left of heart </s>
<s> reach cell to the left of the circle </s>

[iter]    171
[loss]    6.5016
[trn_rew] 1.7238
[tst_rew] 1.0100
<s> reach square to the left of triangle </s>
<s> reach the cell to the left of the diamond </s>
<s> the cell where heart is </s>

[iter]    172
[loss]    6.4896
[trn_rew] 1.7246
[tst_rew] 0.9300
<s> reach the heart cell </s>
<s> reach the spade </s>
<s> reach the cell with the diamond </s>

[iter]    173
[loss]    6.4917
[trn_rew] 1.7099
[tst_rew] 1.2500
<s> reach square above spade </s>
<s> reach square left of triangle </s>
<s> reach cell one above triangle </s>

[iter]    174
[loss]    6.4806
[trn_rew] 1.8076
[tst_rew] 1.1900
<s> reach the cell above the triangle </s>
<s> reach the triangle </s>
<s> reach space below circle </s>

[iter]    175
[loss]    6.4738
[trn_rew] 1.7807
[tst_rew] 0.9600
<s> one cell left of triangle </s>
<s> reach one cell left of spade </s>
<s> reach the diamond </s>

[iter]    176
[loss]    6.4611
[trn_rew] 1.7747
[tst_rew] 1.1100
<s> reach cell above diamond </s>
<s> move one cell to right of circle </s>
<s> reach square left of spade </s>

[iter]    177
[loss]    6.4689
[trn_rew] 1.7873
[tst_rew] 0.8900
<s> reach cell one above diamond </s>
<s> above triangle </s>
<s> square above the circle </s>

[iter]    178
[loss]    6.4866
[trn_rew] 1.8323
[tst_rew] 0.6600
<s> reach the square that is to the left of the heart </s>
<s> reach square left of spade </s>
<s> reach the blue diamond </s>

[iter]    179
[loss]    6.4511
[trn_rew] 1.7936
[tst_rew] 0.7800
<s> go to the diamond </s>
<s> cell one left of diamond </s>
<s> reach cell above diamond </s>

[iter]    180
[loss]    6.4427
[trn_rew] 1.8610
[tst_rew] 1.1400
<s> reach the cell to the right of the circle </s>
<s> cell below the triangle </s>
<s> reach cell above the star </s>

[iter]    181
[loss]    6.4507
[trn_rew] 1.8140
[tst_rew] 1.1400
<s> go to diamond </s>
<s> reach square above heart </s>
<s> reach cell with the triangle </s>

[iter]    182
[loss]    6.4233
[trn_rew] 1.8522
[tst_rew] 1.4100
<s> reach the cell to the left of the triangle </s>
<s> reach cell above triangle </s>
<s> cell one right of star </s>

[iter]    183
[loss]    6.4371
[trn_rew] 1.8431
[tst_rew] 0.9500
<s> reach square to the left of heart </s>
<s> go to the cell to the left of the diamond </s>
<s> reach cell below triangle </s>

[iter]    184
[loss]    6.4303
[trn_rew] 1.8611
[tst_rew] 1.1700
<s> reach the blue heart </s>
<s> reach cell with heart </s>
<s> reach the cell to the left of the diamond </s>

[iter]    185
[loss]    6.4544
[trn_rew] 1.8610
[tst_rew] 0.8700
<s> above the triangle </s>
<s> reach the cell one below diamond </s>
<s> cell one left of heart </s>

[iter]    186
[loss]    6.4291
[trn_rew] 1.8824
[tst_rew] 1.2100
<s> reach the cell to the left of the circle </s>
<s> reach cell with heart </s>
<s> reach cell to diamond </s>

[iter]    187
[loss]    6.4230
[trn_rew] 1.8809
[tst_rew] 1.1900
<s> reach the cell one below circle </s>
<s> reach the space to the left of the heart </s>
<s> go to the spade </s>

[iter]    188
[loss]    6.4345
[trn_rew] 1.8670
[tst_rew] 1.1700
<s> reach space below spade </s>
<s> reach cell one below star </s>
<s> reach the cell with the heart </s>

[iter]    189
[loss]    6.4254
[trn_rew] 1.8919
[tst_rew] 1.1400
<s> square above the spade </s>
<s> cell with orange diamond </s>
<s> reach cell right of heart </s>

[iter]    190
[loss]    6.4227
[trn_rew] 1.9279
[tst_rew] 1.3000
<s> move to the triangle </s>
<s> reach cell to right of triangle </s>
<s> reach the square that is to the right of the orange circle </s>

[iter]    191
[loss]    6.4075
[trn_rew] 1.9131
[tst_rew] 1.0700
<s> reach the square that is to the left of the diamond </s>
<s> reach square above heart </s>
<s> go to the cell below the star </s>

[iter]    192
[loss]    6.4120
[trn_rew] 1.9087
[tst_rew] 1.1700
<s> cell above heart </s>
<s> go to the cell with the diamond </s>
<s> reach cell one below star </s>

[iter]    193
[loss]    6.4072
[trn_rew] 1.9223
[tst_rew] 1.5000
<s> reach cell to the left of circle </s>
<s> reach cell one below diamond </s>
<s> reach the cell to the right of the spade </s>

[iter]    194
[loss]    6.4182
[trn_rew] 1.8960
[tst_rew] 0.8400
<s> go to star </s>
<s> reach the space to the right of the triangle </s>
<s> reach cell one below diamond </s>

[iter]    195
[loss]    6.4226
[trn_rew] 1.9553
[tst_rew] 1.1300
<s> cell above triangle </s>
<s> reach cell with triangle </s>
<s> reach the heart </s>

[iter]    196
[loss]    6.4056
[trn_rew] 1.9520
[tst_rew] 1.0300
<s> reach the cell to the right of the star </s>
<s> reach cell right of spade </s>
<s> reach the blue diamond </s>

[iter]    197
[loss]    6.4077
[trn_rew] 1.9744
[tst_rew] 1.3100
<s> cell one left of circle </s>
<s> reach the cell to the right of the star </s>
<s> reach one cell left of circle </s>

[iter]    198
[loss]    6.3933
[trn_rew] 2.0195
[tst_rew] 1.1300
<s> reach the cell to the right of the star </s>
<s> reach cell 1 below triangle </s>
<s> reach the cell one above the circle </s>

[iter]    199
[loss]    6.4025
[trn_rew] 1.9949
[tst_rew] 1.2900
<s> reach the cell to the right of the diamond </s>
<s> reach cell to the left of blue circle </s>
<s> go to the cell below the heart </s>

[iter]    200
[loss]    6.3854
[trn_rew] 1.9789
[tst_rew] 1.6200
<s> reach cell with blue circle </s>
<s> cell one right of spade </s>
<s> reach cell to right of circle </s>

[iter]    201
[loss]    6.3898
[trn_rew] 2.0028
[tst_rew] 1.1000
<s> reach cell above heart </s>
<s> reach cell with triangle </s>
<s> square above the triangle </s>

[iter]    202
[loss]    6.3842
[trn_rew] 2.0101
[tst_rew] 1.0200
<s> reach cell above the star </s>
<s> reach cell one above circle </s>
<s> reach cell right of spade </s>

[iter]    203
[loss]    6.3893
[trn_rew] 2.0326
[tst_rew] 1.3600
<s> reach cell above circle </s>
<s> cell with orange diamond </s>
<s> reach the triangle cell </s>

[iter]    204
[loss]    6.3864
[trn_rew] 2.0498
[tst_rew] 1.2100
<s> cell one left of circle </s>
<s> reach the cell to the right of the heart </s>
<s> reach the cell below the heart </s>

[iter]    205
[loss]    6.3642
[trn_rew] 2.0423
[tst_rew] 1.1200
<s> reach cell to the left of blue spade </s>
<s> reach cell to left of heart </s>
<s> go to the cell with the circle </s>

[iter]    206
[loss]    6.3584
[trn_rew] 2.0366
[tst_rew] 1.2500
<s> above star </s>
<s> reach the cell above the diamond </s>
<s> left of spade </s>

[iter]    207
[loss]    6.3643
[trn_rew] 2.0113
[tst_rew] 1.3700
<s> reach cell of circle </s>
<s> reach cell above the heart </s>
<s> one space to the left of the heart </s>

[iter]    208
[loss]    6.3534
[trn_rew] 2.0410
[tst_rew] 1.0800
<s> reach cell to left of spade </s>
<s> reach the cell one above the triangle </s>
<s> reach the square that is to the right of the orange spade </s>

[iter]    209
[loss]    6.3761
[trn_rew] 2.0341
[tst_rew] 1.3500
<s> reach cell one above star </s>
<s> reach cell one below star </s>
<s> reach cell 1 below spade </s>

[iter]    210
[loss]    6.3621
[trn_rew] 2.0809
[tst_rew] 1.5000
<s> reach cell to the right of spade </s>
<s> reach the cell one below star </s>
<s> reach the cell with the circle </s>

[iter]    211
[loss]    6.3513
[trn_rew] 2.0446
[tst_rew] 1.1100
<s> reach one above triangle </s>
<s> reach the cell to the left of the triangle </s>
<s> reach cell 1 below circle </s>

[iter]    212
[loss]    6.3578
[trn_rew] 2.0744
[tst_rew] 1.0800
<s> cell above circle </s>
<s> reach square left of heart </s>
<s> reach the space to the right of the heart </s>

[iter]    213
[loss]    6.3441
[trn_rew] 2.0925
[tst_rew] 1.2300
<s> reach the spade spade </s>
<s> go to the cell to the left of the spade </s>
<s> reach the cell to the left of the diamond </s>

[iter]    214
[loss]    6.3457
[trn_rew] 2.1074
[tst_rew] 1.2600
<s> reach the cell above the circle </s>
<s> move to the spade </s>
<s> above the diamond </s>

[iter]    215
[loss]    6.3390
[trn_rew] 2.0929
[tst_rew] 1.3500
<s> reach the triangle </s>
<s> move one the triangle </s>
<s> reach cell one below diamond </s>

[iter]    216
[loss]    6.3226
[trn_rew] 2.0865
[tst_rew] 1.3800
<s> reach cell on left of heart </s>
<s> reach cell 1 below diamond </s>
<s> reach cell to the right of star </s>

[iter]    217
[loss]    6.3331
[trn_rew] 2.0621
[tst_rew] 1.5000
<s> reach the square that is to the right of the orange star </s>
<s> reach cell right of star </s>
<s> reach cell of triangle </s>

[iter]    218
[loss]    6.3593
[trn_rew] 2.0894
[tst_rew] 1.3500
<s> cell above triangle </s>
<s> reach cell one above star </s>
<s> reach cell above heart </s>

[iter]    219
[loss]    6.3383
[trn_rew] 2.1092
[tst_rew] 1.3400
<s> reach cell one below spade </s>
<s> reach cell above spade </s>
<s> reach cell above diamond </s>

[iter]    220
[loss]    6.3357
[trn_rew] 2.0651
[tst_rew] 1.2200
<s> above the diamond </s>
<s> reach star </s>
<s> reach square above spade </s>

[iter]    221
[loss]    6.3491
[trn_rew] 2.1149
[tst_rew] 1.3800
<s> reach cell one below diamond </s>
<s> reach the cell one below diamond </s>
<s> reach one above star </s>

[iter]    222
[loss]    6.3308
[trn_rew] 2.1041
[tst_rew] 1.5000
<s> go to the cell to the left of the circle </s>
<s> reach square one right of triangle </s>
<s> reach the circle cell </s>

[iter]    223
[loss]    6.3281
[trn_rew] 2.1211
[tst_rew] 1.4200
<s> reach the cell below the circle </s>
<s> reach cell one above spade </s>
<s> reach cell left of circle </s>

[iter]    224
[loss]    6.3076
[trn_rew] 2.1358
[tst_rew] 1.4300
<s> reach the cell to the left of the triangle </s>
<s> reach square one right of star </s>
<s> reach cell one above diamond </s>

[iter]    225
[loss]    6.3185
[trn_rew] 2.1269
[tst_rew] 1.8100
<s> go to the triangle </s>
<s> square above the spade </s>
<s> reach cell to right of triangle </s>

[iter]    226
[loss]    6.3395
[trn_rew] 2.1338
[tst_rew] 1.1100
<s> reach cell to the right of star </s>
<s> reach one cell left of triangle </s>
<s> reach cell above heart </s>

[iter]    227
[loss]    6.3230
[trn_rew] 2.1233
[tst_rew] 1.5900
<s> square above the heart </s>
<s> reach the cell to the left of the triangle </s>
<s> reach space below spade </s>

[iter]    228
[loss]    6.3256
[trn_rew] 2.1855
[tst_rew] 1.4300
<s> reach cell directly below green spade </s>
<s> reach square left of star </s>
<s> above the diamond </s>

[iter]    229
[loss]    6.3230
[trn_rew] 2.1503
[tst_rew] 1.4100
<s> cell one right of spade </s>
<s> cell above circle </s>
<s> cell above star </s>

[iter]    230
[loss]    6.3193
[trn_rew] 2.1144
[tst_rew] 1.5900
<s> one space to the left of the triangle </s>
<s> go to circle </s>
<s> move one cell to right of circle </s>

[iter]    231
[loss]    6.3014
[trn_rew] 2.1511
[tst_rew] 1.5700
<s> reach the square that is to the right of the orange heart </s>
<s> cell one right of spade </s>
<s> square above the star </s>

[iter]    232
[loss]    6.3185
[trn_rew] 2.1815
[tst_rew] 1.4800
<s> reach the cell to the right of the spade </s>
<s> reach cell above star </s>
<s> cell below the diamond </s>

[iter]    233
[loss]    6.3165
[trn_rew] 2.1812
[tst_rew] 1.5000
<s> reach the cell one below heart </s>
<s> reach cell with blue circle </s>
<s> reach cell one below the circle </s>

[iter]    234
[loss]    6.3091
[trn_rew] 2.1763
[tst_rew] 1.2500
<s> reach the square that is to the right of the orange heart </s>
<s> reach the cell above the diamond </s>
<s> go to the cell to the left of the diamond </s>

[iter]    235
[loss]    6.3220
[trn_rew] 2.1716
[tst_rew] 1.4000
<s> reach cell left of circle </s>
<s> reach cell below circle </s>
<s> reach cell one above triangle </s>

[iter]    236
[loss]    6.3065
[trn_rew] 2.1799
[tst_rew] 1.1700
<s> reach cell above circle </s>
<s> reach square above diamond </s>
<s> cell one right of spade </s>

[iter]    237
[loss]    6.3042
[trn_rew] 2.1886
[tst_rew] 1.3900
<s> reach cell to the left of blue triangle </s>
<s> one space to the left of the spade </s>
<s> go to the cell below the circle </s>

[iter]    238
[loss]    6.2976
[trn_rew] 2.1962
[tst_rew] 1.3400
<s> reach the cell with the spade </s>
<s> reach square below heart </s>
<s> reach cell directly below green heart </s>

[iter]    239
[loss]    6.2976
[trn_rew] 2.1902
[tst_rew] 1.5100
<s> reach cell right of diamond </s>
<s> reach cell above the star </s>
<s> one right of the triangle </s>

[iter]    240
[loss]    6.2950
[trn_rew] 2.2172
[tst_rew] 1.5600
<s> reach cell to the left of blue triangle </s>
<s> move one cell to right of spade </s>
<s> reach the space to the left of the circle </s>

[iter]    241
[loss]    6.2923
[trn_rew] 2.2038
[tst_rew] 1.3700
<s> reach the blue triangle </s>
<s> one cell left of spade </s>
<s> reach the triangle </s>

[iter]    242
[loss]    6.2884
[trn_rew] 2.2207
[tst_rew] 1.5700
<s> the cell where diamond is </s>
<s> reach cell one below triangle </s>
<s> reach cell with star </s>

[iter]    243
[loss]    6.2822
[trn_rew] 2.2325
[tst_rew] 1.3400
<s> reach one cell left of star </s>
<s> reach cell to the right of the triangle </s>
<s> the cell where star is </s>

[iter]    244
[loss]    6.2766
[trn_rew] 2.1974
[tst_rew] 1.0900
<s> reach one cell left of diamond </s>
<s> reach cell to the right of triangle </s>
<s> reach cell with the circle </s>

[iter]    245
[loss]    6.2803
[trn_rew] 2.2270
[tst_rew] 1.4400
<s> reach cell to the right of the triangle </s>
<s> reach the cell one below circle </s>
<s> one right of the star </s>

[iter]    246
[loss]    6.2793
[trn_rew] 2.2033
[tst_rew] 1.3400
<s> reach the cell to the right of the star </s>
<s> reach the cell to the left of the heart </s>
<s> one cell left of heart </s>

[iter]    247
[loss]    6.2849
[trn_rew] 2.2216
[tst_rew] 1.6000
<s> move to the spade </s>
<s> reach cell one above star </s>
<s> reach cell below star </s>

[iter]    248
[loss]    6.2840
[trn_rew] 2.2386
[tst_rew] 1.3400
<s> to the left of the triangle </s>
<s> reach cell above spade </s>
<s> move one cell to right of diamond </s>

[iter]    249
[loss]    6.2768
[trn_rew] 2.2322
[tst_rew] 1.3100
<s> reach triangle </s>
<s> go to the cell with the triangle </s>
<s> reach cell to the right of the diamond </s>

