[loss]    5074.5559
[trn_acc] 0.0000
[val_acc] 0.0000

[loss]    3785.4004
[trn_acc] 0.0000
[val_acc] 0.0000

[loss]    3271.2985
[trn_acc] 0.0100
[val_acc] 0.0020

[loss]    2808.4891
[trn_acc] 0.0000
[val_acc] 0.0060

[loss]    2466.1781
[trn_acc] 0.0300
[val_acc] 0.0320

[loss]    2140.3328
[trn_acc] 0.0400
[val_acc] 0.0320

[loss]    1934.1541
[trn_acc] 0.0700
[val_acc] 0.0600

[loss]    1716.1775
[trn_acc] 0.0700
[val_acc] 0.0900

[loss]    1565.8822
[trn_acc] 0.1200
[val_acc] 0.1340

[loss]    1403.2466
[trn_acc] 0.1800
[val_acc] 0.1840

[loss]    1245.6067
[trn_acc] 0.1800
[val_acc] 0.1820

[loss]    1125.7435
[trn_acc] 0.2600
[val_acc] 0.2420

[loss]    1004.0820
[trn_acc] 0.2200
[val_acc] 0.2400

[loss]    933.4709
[trn_acc] 0.3000
[val_acc] 0.2940

[loss]    840.7447
[trn_acc] 0.3100
[val_acc] 0.3460

[loss]    788.6701
[trn_acc] 0.2900
[val_acc] 0.3600

[loss]    743.2211
[trn_acc] 0.3000
[val_acc] 0.3780

[loss]    692.5974
[trn_acc] 0.3400
[val_acc] 0.3580

[loss]    654.7720
[trn_acc] 0.2600
[val_acc] 0.3740

[loss]    633.0785
[trn_acc] 0.4100
[val_acc] 0.4060

[loss]    582.9236
[trn_acc] 0.4600
[val_acc] 0.4080

[loss]    547.6029
[trn_acc] 0.4500
[val_acc] 0.4340

[loss]    514.3387
[trn_acc] 0.4700
[val_acc] 0.4180

[loss]    508.2270
[trn_acc] 0.4900
[val_acc] 0.4900

[loss]    484.9258
[trn_acc] 0.5600
[val_acc] 0.4700

[loss]    454.5400
[trn_acc] 0.5400
[val_acc] 0.4760

[loss]    429.5435
[trn_acc] 0.5800
[val_acc] 0.4820

[loss]    418.6497
[trn_acc] 0.6300
[val_acc] 0.4980

[loss]    397.8100
[trn_acc] 0.5500
[val_acc] 0.5180

[loss]    378.1614
[trn_acc] 0.5900
[val_acc] 0.4940

[loss]    359.4300
[trn_acc] 0.5100
[val_acc] 0.5240

[loss]    350.3800
[trn_acc] 0.5800
[val_acc] 0.5160

[loss]    342.6970
[trn_acc] 0.5500
[val_acc] 0.5240

[loss]    328.8725
[trn_acc] 0.5800
[val_acc] 0.4960

[loss]    311.8042
[trn_acc] 0.6900
[val_acc] 0.5760

[loss]    297.2529
[trn_acc] 0.6400
[val_acc] 0.5580

[loss]    274.5332
[trn_acc] 0.6200
[val_acc] 0.5520

[loss]    273.0361
[trn_acc] 0.6100
[val_acc] 0.5700

[loss]    264.0889
[trn_acc] 0.6700
[val_acc] 0.5800

[loss]    257.8243
[trn_acc] 0.6600
[val_acc] 0.5820

[loss]    248.4963
[trn_acc] 0.5800
[val_acc] 0.5640

[loss]    235.7107
[trn_acc] 0.6400
[val_acc] 0.6040

[loss]    233.9735
[trn_acc] 0.6100
[val_acc] 0.6100

[loss]    213.8770
[trn_acc] 0.7600
[val_acc] 0.5620

[loss]    215.6987
[trn_acc] 0.7800
[val_acc] 0.5840

[loss]    213.4816
[trn_acc] 0.6800
[val_acc] 0.5940

[loss]    203.1915
[trn_acc] 0.7000
[val_acc] 0.6000

[loss]    195.6268
[trn_acc] 0.7500
[val_acc] 0.6000

[loss]    194.6632
[trn_acc] 0.6800
[val_acc] 0.6160

[loss]    181.4989
[trn_acc] 0.6700
[val_acc] 0.6340

[loss]    182.7167
[trn_acc] 0.7200
[val_acc] 0.6400

[loss]    171.8443
[trn_acc] 0.7200
[val_acc] 0.6340

[loss]    176.1257
[trn_acc] 0.7400
[val_acc] 0.6300

[loss]    170.3492
[trn_acc] 0.7900
[val_acc] 0.6460

[loss]    154.2433
[trn_acc] 0.7200
[val_acc] 0.6240

[loss]    147.0743
[trn_acc] 0.6700
[val_acc] 0.6320

[loss]    151.8757
[trn_acc] 0.7300
[val_acc] 0.6200

[loss]    146.2252
[trn_acc] 0.7300
[val_acc] 0.6480

[loss]    146.4621
[trn_acc] 0.8200
[val_acc] 0.6480

[loss]    137.5438
[trn_acc] 0.8500
[val_acc] 0.6560

[loss]    148.7652
[trn_acc] 0.7300
[val_acc] 0.6240

[loss]    139.2991
[trn_acc] 0.8000
[val_acc] 0.6380

[loss]    132.7072
[trn_acc] 0.8200
[val_acc] 0.6420

[loss]    121.0212
[trn_acc] 0.7900
[val_acc] 0.6500

[loss]    127.0939
[trn_acc] 0.8100
[val_acc] 0.6580

[loss]    114.0635
[trn_acc] 0.8000
[val_acc] 0.6620

[loss]    116.6797
[trn_acc] 0.7800
[val_acc] 0.6700

[loss]    117.4674
[trn_acc] 0.8200
[val_acc] 0.6480

[loss]    115.5708
[trn_acc] 0.8700
[val_acc] 0.6500

[loss]    116.7091
[trn_acc] 0.8200
[val_acc] 0.6660

[loss]    106.4435
[trn_acc] 0.8900
[val_acc] 0.6580

[loss]    106.3977
[trn_acc] 0.8000
[val_acc] 0.6540

[loss]    99.3379
[trn_acc] 0.9000
[val_acc] 0.6600

[loss]    101.2310
[trn_acc] 0.7800
[val_acc] 0.6860

[loss]    101.9813
[trn_acc] 0.8500
[val_acc] 0.6920

[loss]    96.2997
[trn_acc] 0.9200
[val_acc] 0.6740

[loss]    96.9438
[trn_acc] 0.8300
[val_acc] 0.6740

[loss]    94.6381
[trn_acc] 0.8300
[val_acc] 0.6720

[loss]    97.9197
[trn_acc] 0.7800
[val_acc] 0.6260

[loss]    94.0462
[trn_acc] 0.9100
[val_acc] 0.6700

[loss]    84.9115
[trn_acc] 0.8800
[val_acc] 0.6960

[loss]    84.4199
[trn_acc] 0.8800
[val_acc] 0.6880

[loss]    86.3776
[trn_acc] 0.8400
[val_acc] 0.6580

[loss]    87.1181
[trn_acc] 0.8600
[val_acc] 0.6840

[loss]    82.1317
[trn_acc] 0.8900
[val_acc] 0.7040

[loss]    92.2855
[trn_acc] 0.8200
[val_acc] 0.6700

[loss]    78.8944
[trn_acc] 0.9300
[val_acc] 0.6920

[loss]    75.7424
[trn_acc] 0.8700
[val_acc] 0.6720

[loss]    81.5464
[trn_acc] 0.8100
[val_acc] 0.6960

[loss]    81.1190
[trn_acc] 0.8900
[val_acc] 0.6840

[loss]    73.8070
[trn_acc] 0.8400
[val_acc] 0.7000

[loss]    74.5110
[trn_acc] 0.8900
[val_acc] 0.6780

[loss]    81.6223
[trn_acc] 0.8900
[val_acc] 0.6900

[loss]    81.1610
[trn_acc] 0.7900
[val_acc] 0.7020

[loss]    72.6642
[trn_acc] 0.8200
[val_acc] 0.6720

[loss]    68.5263
[trn_acc] 0.8900
[val_acc] 0.7120

[loss]    63.9934
[trn_acc] 0.8900
[val_acc] 0.7300

[loss]    72.7855
[trn_acc] 0.8500
[val_acc] 0.6980

[loss]    67.1716
[trn_acc] 0.8800
[val_acc] 0.6940

[loss]    69.5675
[trn_acc] 0.9000
[val_acc] 0.7160

[loss]    62.4022
[trn_acc] 0.8200
[val_acc] 0.7340

[loss]    68.2176
[trn_acc] 0.8600
[val_acc] 0.6840

[loss]    64.2986
[trn_acc] 0.8900
[val_acc] 0.7080

[loss]    63.5555
[trn_acc] 0.9000
[val_acc] 0.7220

[loss]    62.9521
[trn_acc] 0.8200
[val_acc] 0.7000

[loss]    58.7561
[trn_acc] 0.9100
[val_acc] 0.7320

[loss]    61.5876
[trn_acc] 0.9200
[val_acc] 0.7260

[loss]    61.4347
[trn_acc] 0.9500
[val_acc] 0.7200

[loss]    58.7722
[trn_acc] 0.9000
[val_acc] 0.7440

[loss]    61.3730
[trn_acc] 0.8900
[val_acc] 0.7460

[loss]    56.8060
[trn_acc] 0.8700
[val_acc] 0.7340

[loss]    64.9337
[trn_acc] 0.8800
[val_acc] 0.7120

[loss]    62.4316
[trn_acc] 0.8300
[val_acc] 0.6780

[loss]    62.8990
[trn_acc] 0.9300
[val_acc] 0.7400

[loss]    61.5749
[trn_acc] 0.9300
[val_acc] 0.7300

[loss]    55.9336
[trn_acc] 0.8600
[val_acc] 0.7540

[loss]    54.0863
[trn_acc] 0.8700
[val_acc] 0.7140

[loss]    56.0641
[trn_acc] 0.8900
[val_acc] 0.7500

[loss]    54.2097
[trn_acc] 0.9300
[val_acc] 0.7060

[loss]    52.4674
[trn_acc] 0.9400
[val_acc] 0.7260

[loss]    51.8770
[trn_acc] 0.8900
[val_acc] 0.7420

[loss]    55.3330
[trn_acc] 0.9000
[val_acc] 0.7180

[loss]    52.1011
[trn_acc] 0.9100
[val_acc] 0.7340

[loss]    47.1145
[trn_acc] 0.8800
[val_acc] 0.7520

[loss]    51.5846
[trn_acc] 0.9500
[val_acc] 0.7180

[loss]    51.8684
[trn_acc] 0.9300
[val_acc] 0.7280

[loss]    53.6597
[trn_acc] 0.9300
[val_acc] 0.7420

[loss]    51.4958
[trn_acc] 0.9000
[val_acc] 0.7220

[loss]    48.0930
[trn_acc] 0.8900
[val_acc] 0.7260

[loss]    54.7239
[trn_acc] 0.8600
[val_acc] 0.7420

[loss]    45.9431
[trn_acc] 0.9100
[val_acc] 0.7460

[loss]    52.1168
[trn_acc] 0.9000
[val_acc] 0.7360

[loss]    50.5143
[trn_acc] 0.9400
[val_acc] 0.7520

[loss]    46.8873
[trn_acc] 0.9500
[val_acc] 0.7420

[loss]    49.1674
[trn_acc] 0.9200
[val_acc] 0.7340

[loss]    44.9432
[trn_acc] 0.9200
[val_acc] 0.7280

[loss]    42.0481
[trn_acc] 0.9000
[val_acc] 0.7480

[loss]    42.7559
[trn_acc] 0.9000
[val_acc] 0.7300

[loss]    48.9413
[trn_acc] 0.9100
[val_acc] 0.7440

[loss]    47.8033
[trn_acc] 0.8800
[val_acc] 0.7140

[loss]    50.6074
[trn_acc] 0.9000
[val_acc] 0.7340

[loss]    50.0459
[trn_acc] 0.9200
[val_acc] 0.7000

[loss]    46.4995
[trn_acc] 0.9100
[val_acc] 0.7600

[loss]    43.5396
[trn_acc] 0.9000
[val_acc] 0.7260

[loss]    43.0570
[trn_acc] 0.9100
[val_acc] 0.7520

[loss]    43.8347
[trn_acc] 0.9500
[val_acc] 0.7200

[loss]    42.2639
[trn_acc] 0.9300
[val_acc] 0.7360

[loss]    46.4706
[trn_acc] 0.9100
[val_acc] 0.7120

[loss]    46.1056
[trn_acc] 0.9000
[val_acc] 0.7360

[loss]    43.6862
[trn_acc] 0.9100
[val_acc] 0.7560

[loss]    40.1097
[trn_acc] 0.9100
[val_acc] 0.7680

[loss]    38.3741
[trn_acc] 0.9400
[val_acc] 0.7560

[loss]    38.3193
[trn_acc] 0.9200
[val_acc] 0.7560

[loss]    35.3431
[trn_acc] 0.8800
[val_acc] 0.7740

[loss]    36.9322
[trn_acc] 0.9100
[val_acc] 0.7760

[loss]    37.8225
[trn_acc] 0.9200
[val_acc] 0.7700

[loss]    36.6616
[trn_acc] 0.9600
[val_acc] 0.7660

[loss]    37.9134
[trn_acc] 0.9400
[val_acc] 0.7500

[loss]    40.5820
[trn_acc] 0.9000
[val_acc] 0.7380

[loss]    43.4383
[trn_acc] 0.9200
[val_acc] 0.7720

[loss]    39.1056
[trn_acc] 0.9200
[val_acc] 0.7580

[loss]    40.2583
[trn_acc] 0.9400
[val_acc] 0.7620

[loss]    42.3758
[trn_acc] 0.9400
[val_acc] 0.7620

[loss]    38.9603
[trn_acc] 0.9000
[val_acc] 0.7480

[loss]    36.1400
[trn_acc] 0.9100
[val_acc] 0.7760

[loss]    42.3363
[trn_acc] 0.9500
[val_acc] 0.7580

[loss]    42.7828
[trn_acc] 0.9700
[val_acc] 0.7780

[loss]    40.1907
[trn_acc] 0.9400
[val_acc] 0.7780

[loss]    34.9481
[trn_acc] 0.9300
[val_acc] 0.7800

[loss]    33.8817
[trn_acc] 0.9100
[val_acc] 0.7700

[loss]    40.3234
[trn_acc] 0.9000
[val_acc] 0.7520

[loss]    39.5783
[trn_acc] 0.9500
[val_acc] 0.7660

[loss]    39.4619
[trn_acc] 0.9400
[val_acc] 0.7400

[loss]    40.0111
[trn_acc] 0.9500
[val_acc] 0.7520

[loss]    36.0523
[trn_acc] 0.9500
[val_acc] 0.7600

[loss]    31.5865
[trn_acc] 0.9800
[val_acc] 0.7760

[loss]    31.6633
[trn_acc] 0.9700
[val_acc] 0.7420

[loss]    35.1060
[trn_acc] 0.9000
[val_acc] 0.7780

[loss]    32.7116
[trn_acc] 0.8900
[val_acc] 0.7760

[loss]    38.2308
[trn_acc] 0.9100
[val_acc] 0.7840

[loss]    36.2921
[trn_acc] 0.9200
[val_acc] 0.7740

[loss]    32.4791
[trn_acc] 0.8900
[val_acc] 0.7800

[loss]    37.7592
[trn_acc] 0.9400
[val_acc] 0.7720

[loss]    37.6221
[trn_acc] 0.9200
[val_acc] 0.7500

[loss]    33.4470
[trn_acc] 0.9400
[val_acc] 0.7800

[loss]    35.3845
[trn_acc] 0.9100
[val_acc] 0.7480

[loss]    38.3171
[trn_acc] 0.9000
[val_acc] 0.7660

[loss]    36.1846
[trn_acc] 0.9500
[val_acc] 0.7860

[loss]    36.5651
[trn_acc] 0.9500
[val_acc] 0.7760

[loss]    32.8688
[trn_acc] 0.9600
[val_acc] 0.7860

[loss]    32.4238
[trn_acc] 0.9200
[val_acc] 0.7880

[loss]    32.1457
[trn_acc] 0.9500
[val_acc] 0.7640

[loss]    34.2948
[trn_acc] 0.9600
[val_acc] 0.7780

[loss]    29.2682
[trn_acc] 0.9400
[val_acc] 0.7940

[loss]    32.6616
[trn_acc] 0.9700
[val_acc] 0.7840

[loss]    31.5503
[trn_acc] 0.8900
[val_acc] 0.7880

[loss]    28.8427
[trn_acc] 0.9100
[val_acc] 0.7840

[loss]    29.7109
[trn_acc] 0.9500
[val_acc] 0.8040

[loss]    30.6324
[trn_acc] 0.9100
[val_acc] 0.7940

[loss]    35.2336
[trn_acc] 0.9400
[val_acc] 0.7620

[loss]    28.9631
[trn_acc] 0.9700
[val_acc] 0.7960

[loss]    33.1411
[trn_acc] 0.9700
[val_acc] 0.7880

[loss]    32.4617
[trn_acc] 0.9500
[val_acc] 0.8040

[loss]    35.6691
[trn_acc] 0.9600
[val_acc] 0.7900

[loss]    34.4416
[trn_acc] 0.9500
[val_acc] 0.7820

[loss]    33.6127
[trn_acc] 0.9400
[val_acc] 0.7800

[loss]    33.2125
[trn_acc] 0.9200
[val_acc] 0.7960

[loss]    31.2158
[trn_acc] 0.9700
[val_acc] 0.8040

[loss]    28.9045
[trn_acc] 0.9800
[val_acc] 0.8000

[loss]    28.0125
[trn_acc] 0.9700
[val_acc] 0.8120

[loss]    30.6407
[trn_acc] 0.9300
[val_acc] 0.7980

[loss]    32.6991
[trn_acc] 0.9300
[val_acc] 0.7800

[loss]    31.4356
[trn_acc] 0.9400
[val_acc] 0.8020

[loss]    29.1068
[trn_acc] 0.9300
[val_acc] 0.7940

[loss]    29.9112
[trn_acc] 0.9600
[val_acc] 0.7620

[loss]    32.7691
[trn_acc] 0.9400
[val_acc] 0.7800

[loss]    30.2190
[trn_acc] 0.8900
[val_acc] 0.7880

[loss]    28.4285
[trn_acc] 0.9300
[val_acc] 0.7900

[loss]    27.8032
[trn_acc] 0.9800
[val_acc] 0.8020

[loss]    27.6817
[trn_acc] 0.9400
[val_acc] 0.8160

[loss]    28.2991
[trn_acc] 0.9500
[val_acc] 0.7920

[loss]    30.8276
[trn_acc] 0.9400
[val_acc] 0.7740

[loss]    34.3419
[trn_acc] 0.9200
[val_acc] 0.7960

[loss]    28.9448
[trn_acc] 0.9600
[val_acc] 0.7820

[loss]    28.1467
[trn_acc] 0.9800
[val_acc] 0.7920

[loss]    29.1599
[trn_acc] 0.9000
[val_acc] 0.7920

[loss]    29.6831
[trn_acc] 0.9600
[val_acc] 0.8040

[loss]    29.0833
[trn_acc] 0.9400
[val_acc] 0.7920

[loss]    27.8910
[trn_acc] 0.9200
[val_acc] 0.8180

[loss]    26.5988
[trn_acc] 0.9500
[val_acc] 0.8180

[loss]    26.6792
[trn_acc] 0.9300
[val_acc] 0.8200

[loss]    27.4718
[trn_acc] 0.9600
[val_acc] 0.8160

[loss]    28.4554
[trn_acc] 0.9200
[val_acc] 0.7940

[loss]    31.3773
[trn_acc] 0.9500
[val_acc] 0.7880

[loss]    32.5547
[trn_acc] 0.9300
[val_acc] 0.7920

[loss]    29.2760
[trn_acc] 0.9500
[val_acc] 0.8040

[loss]    24.7918
[trn_acc] 0.9600
[val_acc] 0.7960

[loss]    26.8196
[trn_acc] 0.9400
[val_acc] 0.7880

[loss]    24.6822
[trn_acc] 0.9400
[val_acc] 0.8100

[loss]    23.1523
[trn_acc] 0.9200
[val_acc] 0.7980

[loss]    25.0545
[trn_acc] 0.9300
[val_acc] 0.7980

[loss]    24.5496
[trn_acc] 0.9800
[val_acc] 0.8040

[loss]    21.4128
[trn_acc] 0.9500
[val_acc] 0.8140

[loss]    25.3673
[trn_acc] 0.8800
[val_acc] 0.8020

[loss]    26.7155
[trn_acc] 0.9500
[val_acc] 0.8280

[loss]    28.2177
[trn_acc] 0.9800
[val_acc] 0.8020

[loss]    28.1890
[trn_acc] 0.9600
[val_acc] 0.8080

[loss]    32.2913
[trn_acc] 0.9200
[val_acc] 0.8080

[loss]    25.6341
[trn_acc] 0.9600
[val_acc] 0.8140

[loss]    27.3776
[trn_acc] 0.9800
[val_acc] 0.8000

[loss]    28.1108
[trn_acc] 0.9400
[val_acc] 0.8020

[loss]    28.2787
[trn_acc] 0.8600
[val_acc] 0.8040

[loss]    29.0367
[trn_acc] 0.9300
[val_acc] 0.8000

[loss]    24.5181
[trn_acc] 0.9300
[val_acc] 0.8400

[loss]    24.8618
[trn_acc] 0.9700
[val_acc] 0.8080

[loss]    26.4967
[trn_acc] 0.9600
[val_acc] 0.8180

[loss]    24.4969
[trn_acc] 0.9800
[val_acc] 0.8200

[loss]    24.9782
[trn_acc] 0.9800
[val_acc] 0.8140

[loss]    22.3974
[trn_acc] 0.9300
[val_acc] 0.7960

[loss]    26.7890
[trn_acc] 0.9300
[val_acc] 0.7980

[loss]    24.5175
[trn_acc] 0.9600
[val_acc] 0.8060

[loss]    24.7595
[trn_acc] 0.9800
[val_acc] 0.8200

[loss]    21.6321
[trn_acc] 0.9300
[val_acc] 0.8000

[loss]    25.7780
[trn_acc] 0.9600
[val_acc] 0.7980

[loss]    21.7969
[trn_acc] 0.9600
[val_acc] 0.8220

[loss]    26.3435
[trn_acc] 0.9800
[val_acc] 0.8140

[loss]    29.4988
[trn_acc] 0.9600
[val_acc] 0.8060

[loss]    28.3132
[trn_acc] 0.9400
[val_acc] 0.8140

[loss]    30.2199
[trn_acc] 0.9600
[val_acc] 0.8180

[loss]    26.3078
[trn_acc] 0.9200
[val_acc] 0.7900

[loss]    25.2696
[trn_acc] 0.9700
[val_acc] 0.7800

[loss]    25.0052
[trn_acc] 0.9500
[val_acc] 0.8240

[loss]    23.1711
[trn_acc] 0.9600
[val_acc] 0.8260

[loss]    20.2911
[trn_acc] 0.9400
[val_acc] 0.8300

[loss]    23.0089
[trn_acc] 0.9900
[val_acc] 0.8220

[loss]    21.5324
[trn_acc] 0.9600
[val_acc] 0.8120

[loss]    22.4282
[trn_acc] 0.9600
[val_acc] 0.8440

[loss]    22.6742
[trn_acc] 0.9400
[val_acc] 0.8260

[loss]    22.2014
[trn_acc] 0.9200
[val_acc] 0.8320

[loss]    23.9829
[trn_acc] 0.9300
[val_acc] 0.8220

[loss]    24.3861
[trn_acc] 0.9200
[val_acc] 0.8320

[loss]    23.8296
[trn_acc] 0.9900
[val_acc] 0.8000

[loss]    20.2155
[trn_acc] 0.9600
[val_acc] 0.8340

[loss]    20.9501
[trn_acc] 0.9700
[val_acc] 0.8340

[loss]    22.0650
[trn_acc] 0.9300
[val_acc] 0.8260

[loss]    24.1939
[trn_acc] 0.9700
[val_acc] 0.8360

[loss]    28.8725
[trn_acc] 0.9300
[val_acc] 0.8320

[loss]    25.7493
[trn_acc] 0.9500
[val_acc] 0.8280

[loss]    24.1626
[trn_acc] 0.9100
[val_acc] 0.8380

[loss]    24.5027
[trn_acc] 0.9600
[val_acc] 0.8280

[loss]    25.2111
[trn_acc] 0.9400
[val_acc] 0.8120

[loss]    28.8364
[trn_acc] 0.9500
[val_acc] 0.8300

[loss]    24.5820
[trn_acc] 0.9700
[val_acc] 0.8520

[loss]    24.0289
[trn_acc] 0.9800
[val_acc] 0.8240

[loss]    22.9236
[trn_acc] 0.9700
[val_acc] 0.8360

[loss]    22.4964
[trn_acc] 0.9400
[val_acc] 0.8340

[loss]    22.4431
[trn_acc] 0.9500
[val_acc] 0.8400

[loss]    19.1521
[trn_acc] 0.9700
[val_acc] 0.8500

[loss]    19.7705
[trn_acc] 0.9500
[val_acc] 0.8600

[loss]    24.5548
[trn_acc] 0.9800
[val_acc] 0.8440

[loss]    22.8873
[trn_acc] 0.9900
[val_acc] 0.8560

[loss]    23.6104
[trn_acc] 0.9400
[val_acc] 0.8240

[loss]    20.3615
[trn_acc] 0.9300
[val_acc] 0.8440

[loss]    20.0017
[trn_acc] 0.9800
[val_acc] 0.8380

[loss]    20.7164
[trn_acc] 0.9500
[val_acc] 0.8440

[loss]    21.2070
[trn_acc] 0.9600
[val_acc] 0.8380

[loss]    23.2264
[trn_acc] 0.9700
[val_acc] 0.8400

[loss]    22.9983
[trn_acc] 0.9700
[val_acc] 0.8360

[loss]    20.4421
[trn_acc] 0.9700
[val_acc] 0.8460

[loss]    23.2399
[trn_acc] 0.9500
[val_acc] 0.8620

[loss]    21.3897
[trn_acc] 0.9500
[val_acc] 0.8280

[loss]    23.5118
[trn_acc] 0.9800
[val_acc] 0.8500

[loss]    22.6011
[trn_acc] 0.9400
[val_acc] 0.8440

[loss]    24.1224
[trn_acc] 0.9300
[val_acc] 0.8380

[loss]    22.6649
[trn_acc] 0.9900
[val_acc] 0.8540

[loss]    20.5705
[trn_acc] 0.9700
[val_acc] 0.8520

[loss]    21.9384
[trn_acc] 0.9600
[val_acc] 0.8460

[loss]    18.7776
[trn_acc] 0.9700
[val_acc] 0.8320

[loss]    19.1202
[trn_acc] 0.9600
[val_acc] 0.8360

[loss]    21.5007
[trn_acc] 0.9600
[val_acc] 0.8200

[loss]    20.1665
[trn_acc] 0.9700
[val_acc] 0.8560

[loss]    19.4940
[trn_acc] 0.9400
[val_acc] 0.8640

[loss]    22.5027
[trn_acc] 0.9700
[val_acc] 0.8360

[loss]    21.4668
[trn_acc] 0.9500
[val_acc] 0.8440

[loss]    25.1503
[trn_acc] 0.9200
[val_acc] 0.8360

[loss]    18.9834
[trn_acc] 0.9600
[val_acc] 0.8600

[loss]    19.5923
[trn_acc] 0.9500
[val_acc] 0.8360

[loss]    19.4630
[trn_acc] 0.9300
[val_acc] 0.8620

[loss]    21.7058
[trn_acc] 0.9400
[val_acc] 0.8220

[loss]    23.4278
[trn_acc] 0.9500
[val_acc] 0.8380

[loss]    24.4731
[trn_acc] 0.9900
[val_acc] 0.8540

[loss]    18.4120
[trn_acc] 0.9700
[val_acc] 0.8440

[loss]    20.3925
[trn_acc] 0.9800
[val_acc] 0.8420

[loss]    21.7677
[trn_acc] 0.9700
[val_acc] 0.8380

[loss]    18.8332
[trn_acc] 0.9900
[val_acc] 0.8560

[loss]    22.1464
[trn_acc] 0.9500
[val_acc] 0.8440

[loss]    22.0991
[trn_acc] 0.9100
[val_acc] 0.8500

[loss]    22.5957
[trn_acc] 0.9800
[val_acc] 0.8600

[loss]    23.4201
[trn_acc] 0.9300
[val_acc] 0.8420

[loss]    23.6470
[trn_acc] 0.9300
[val_acc] 0.8460

[loss]    19.6114
[trn_acc] 0.9600
[val_acc] 0.8520

[loss]    18.0793
[trn_acc] 0.9800
[val_acc] 0.8520

[loss]    21.2942
[trn_acc] 0.9500
[val_acc] 0.8660

[loss]    22.3507
[trn_acc] 0.9700
[val_acc] 0.8700

[loss]    21.0970
[trn_acc] 0.9500
[val_acc] 0.8460

[loss]    20.6513
[trn_acc] 0.9400
[val_acc] 0.8540

[loss]    16.4160
[trn_acc] 0.9800
[val_acc] 0.8620

[loss]    17.1835
[trn_acc] 0.9500
[val_acc] 0.8580

[loss]    18.5223
[trn_acc] 0.9400
[val_acc] 0.8560

[loss]    19.9686
[trn_acc] 0.9700
[val_acc] 0.8580

[loss]    18.4617
[trn_acc] 0.9700
[val_acc] 0.8700

[loss]    21.2380
[trn_acc] 0.9600
[val_acc] 0.8540

[loss]    21.1143
[trn_acc] 0.9300
[val_acc] 0.8540

[loss]    21.3770
[trn_acc] 0.9400
[val_acc] 0.8460

[loss]    20.7721
[trn_acc] 0.9400
[val_acc] 0.8540

[loss]    19.0573
[trn_acc] 0.9700
[val_acc] 0.8640

[loss]    18.5359
[trn_acc] 0.9700
[val_acc] 0.8660

[loss]    19.6004
[trn_acc] 0.9800
[val_acc] 0.8680

[loss]    17.9039
[trn_acc] 0.9800
[val_acc] 0.8440

[loss]    16.5509
[trn_acc] 0.9600
[val_acc] 0.8540

[loss]    20.6153
[trn_acc] 0.9500
[val_acc] 0.8560

[loss]    21.9260
[trn_acc] 0.9500
[val_acc] 0.8620

[loss]    18.6127
[trn_acc] 0.9300
[val_acc] 0.8620

[loss]    19.5067
[trn_acc] 0.9800
[val_acc] 0.8640

[loss]    18.8187
[trn_acc] 0.9500
[val_acc] 0.8740

[loss]    19.9866
[trn_acc] 0.9700
[val_acc] 0.8660

[loss]    20.2851
[trn_acc] 0.9800
[val_acc] 0.8620

[loss]    21.2573
[trn_acc] 0.9400
[val_acc] 0.8520

[loss]    20.8274
[trn_acc] 0.9500
[val_acc] 0.8600

[loss]    19.5504
[trn_acc] 0.9700
[val_acc] 0.8580

[loss]    19.4377
[trn_acc] 0.9500
[val_acc] 0.8600

[loss]    18.1910
[trn_acc] 0.9600
[val_acc] 0.8620

[loss]    19.5412
[trn_acc] 0.9800
[val_acc] 0.8400

[loss]    18.4632
[trn_acc] 0.9800
[val_acc] 0.8760

[loss]    16.3442
[trn_acc] 0.9700
[val_acc] 0.8700

[loss]    17.9794
[trn_acc] 0.9600
[val_acc] 0.8780

[loss]    19.4958
[trn_acc] 1.0000
[val_acc] 0.8560

[loss]    21.3389
[trn_acc] 0.9700
[val_acc] 0.8500

[loss]    19.3784
[trn_acc] 0.9500
[val_acc] 0.8500

[loss]    19.9312
[trn_acc] 0.9600
[val_acc] 0.8560

[loss]    20.0326
[trn_acc] 0.9500
[val_acc] 0.8380

[loss]    20.0920
[trn_acc] 0.9800
[val_acc] 0.8460

[loss]    18.6765
[trn_acc] 0.9800
[val_acc] 0.8580

[loss]    19.9773
[trn_acc] 0.9700
[val_acc] 0.8560

[loss]    17.5083
[trn_acc] 0.9800
[val_acc] 0.8620

[loss]    15.2461
[trn_acc] 0.9800
[val_acc] 0.8700

[loss]    16.5183
[trn_acc] 0.9400
[val_acc] 0.8700

[loss]    18.0426
[trn_acc] 0.9600
[val_acc] 0.8420

[loss]    16.8573
[trn_acc] 0.9500
[val_acc] 0.8520

[loss]    15.7544
[trn_acc] 0.9700
[val_acc] 0.8520

[loss]    18.2597
[trn_acc] 0.9500
[val_acc] 0.8420

[loss]    19.8395
[trn_acc] 0.9800
[val_acc] 0.8500

[loss]    21.3559
[trn_acc] 0.9900
[val_acc] 0.8740

[loss]    17.0141
[trn_acc] 0.9300
[val_acc] 0.8360

[loss]    19.1802
[trn_acc] 0.9800
[val_acc] 0.8420

[loss]    18.8054
[trn_acc] 0.9600
[val_acc] 0.8680

[loss]    18.5814
[trn_acc] 0.9800
[val_acc] 0.8580

[loss]    20.5406
[trn_acc] 0.9800
[val_acc] 0.8620

[loss]    21.1932
[trn_acc] 0.9600
[val_acc] 0.8680

[loss]    17.1611
[trn_acc] 0.9500
[val_acc] 0.8620

[loss]    19.1224
[trn_acc] 0.9500
[val_acc] 0.8460

[loss]    17.6686
[trn_acc] 0.9800
[val_acc] 0.8580

[loss]    15.3412
[trn_acc] 0.9900
[val_acc] 0.8840

[loss]    15.6879
[trn_acc] 0.9300
[val_acc] 0.8480

[loss]    19.7462
[trn_acc] 0.9800
[val_acc] 0.8560

[loss]    19.8927
[trn_acc] 0.9500
[val_acc] 0.8720

[loss]    18.6546
[trn_acc] 0.9300
[val_acc] 0.8740

[loss]    19.7299
[trn_acc] 0.9600
[val_acc] 0.8640

[loss]    17.2842
[trn_acc] 0.9900
[val_acc] 0.8700

[loss]    19.6750
[trn_acc] 0.9600
[val_acc] 0.8720

[loss]    15.8633
[trn_acc] 0.9600
[val_acc] 0.8640

[loss]    15.2229
[trn_acc] 0.9700
[val_acc] 0.8640

[loss]    14.4430
[trn_acc] 0.9800
[val_acc] 0.8560

[loss]    15.4058
[trn_acc] 0.9600
[val_acc] 0.8680

[loss]    14.9091
[trn_acc] 0.9700
[val_acc] 0.8580

[loss]    18.4288
[trn_acc] 0.9700
[val_acc] 0.8720

[loss]    18.3009
[trn_acc] 0.9500
[val_acc] 0.8560

[loss]    18.2552
[trn_acc] 0.9600
[val_acc] 0.8680

[loss]    23.0157
[trn_acc] 0.9400
[val_acc] 0.8600

[loss]    19.4154
[trn_acc] 0.9900
[val_acc] 0.8680

[loss]    16.8081
[trn_acc] 0.9600
[val_acc] 0.8820

[loss]    17.5694
[trn_acc] 0.9700
[val_acc] 0.8780

[loss]    20.5810
[trn_acc] 0.9600
[val_acc] 0.8560

[loss]    22.1839
[trn_acc] 0.9600
[val_acc] 0.8500

[loss]    18.5237
[trn_acc] 0.9200
[val_acc] 0.8760

[loss]    14.8815
[trn_acc] 0.9900
[val_acc] 0.8720

[loss]    15.7094
[trn_acc] 0.9900
[val_acc] 0.8600

[loss]    15.0093
[trn_acc] 0.9700
[val_acc] 0.8860

[loss]    14.8201
[trn_acc] 0.9600
[val_acc] 0.8860

[loss]    15.9707
[trn_acc] 0.9700
[val_acc] 0.8840

[loss]    18.2851
[trn_acc] 0.9800
[val_acc] 0.8660

[loss]    13.7642
[trn_acc] 0.9700
[val_acc] 0.8620

[loss]    21.5127
[trn_acc] 0.9100
[val_acc] 0.8460

[loss]    20.8468
[trn_acc] 0.9600
[val_acc] 0.8660

[loss]    18.6739
[trn_acc] 0.9800
[val_acc] 0.8760

[loss]    18.9925
[trn_acc] 0.9400
[val_acc] 0.8880

[loss]    16.1761
[trn_acc] 0.9400
[val_acc] 0.8840

[loss]    17.8872
[trn_acc] 0.9500
[val_acc] 0.8880

[loss]    16.5068
[trn_acc] 0.9800
[val_acc] 0.8580

[loss]    16.1824
[trn_acc] 0.9700
[val_acc] 0.8780

[loss]    16.7006
[trn_acc] 0.9600
[val_acc] 0.8860

[loss]    20.7603
[trn_acc] 0.9300
[val_acc] 0.8800

[loss]    19.5426
[trn_acc] 0.9600
[val_acc] 0.8560

[loss]    18.9290
[trn_acc] 0.9700
[val_acc] 0.8920

[loss]    15.8225
[trn_acc] 0.9500
[val_acc] 0.8680

[loss]    16.4597
[trn_acc] 0.9200
[val_acc] 0.8420

[loss]    15.0036
[trn_acc] 0.9800
[val_acc] 0.8800

[loss]    15.5017
[trn_acc] 0.9700
[val_acc] 0.8740

[loss]    17.2786
[trn_acc] 0.9400
[val_acc] 0.8660

[loss]    16.0327
[trn_acc] 0.9900
[val_acc] 0.8880

[loss]    16.8513
[trn_acc] 0.9600
[val_acc] 0.8940

[loss]    19.5227
[trn_acc] 0.9700
[val_acc] 0.8420

[loss]    20.1995
[trn_acc] 0.9300
[val_acc] 0.8740

[loss]    15.5905
[trn_acc] 0.9600
[val_acc] 0.8640

[loss]    16.5878
[trn_acc] 0.9100
[val_acc] 0.8580

[loss]    18.4333
[trn_acc] 0.9800
[val_acc] 0.8500

[loss]    16.6349
[trn_acc] 0.9900
[val_acc] 0.8560

[loss]    14.9212
[trn_acc] 0.9600
[val_acc] 0.8660

[loss]    14.9183
[trn_acc] 0.9600
[val_acc] 0.8620

[loss]    14.3888
[trn_acc] 1.0000
[val_acc] 0.8720

[loss]    16.0682
[trn_acc] 0.9600
[val_acc] 0.8600

[loss]    14.1416
[trn_acc] 0.9600
[val_acc] 0.8820

[loss]    13.7726
[trn_acc] 0.9800
[val_acc] 0.8760

[loss]    14.6466
[trn_acc] 0.9800
[val_acc] 0.8820

[loss]    14.4703
[trn_acc] 0.9800
[val_acc] 0.8760

[loss]    14.8802
[trn_acc] 0.9700
[val_acc] 0.8740

[loss]    15.8266
[trn_acc] 0.9800
[val_acc] 0.8800

[loss]    14.2150
[trn_acc] 0.9700
[val_acc] 0.8720

[loss]    14.1470
[trn_acc] 0.9700
[val_acc] 0.8740

[loss]    16.8715
[trn_acc] 0.9700
[val_acc] 0.8760

[loss]    16.9794
[trn_acc] 0.9300
[val_acc] 0.8800

[loss]    18.9321
[trn_acc] 0.9500
[val_acc] 0.8600

[loss]    16.2136
[trn_acc] 0.9800
[val_acc] 0.8600

[loss]    12.9750
[trn_acc] 0.9700
[val_acc] 0.8800

[loss]    16.5577
[trn_acc] 0.9400
[val_acc] 0.8700

[loss]    16.5702
[trn_acc] 0.9700
[val_acc] 0.8820

[loss]    15.4783
[trn_acc] 0.9400
[val_acc] 0.8880

[loss]    15.1589
[trn_acc] 0.9600
[val_acc] 0.8820

[loss]    17.6945
[trn_acc] 0.9100
[val_acc] 0.8780

[loss]    15.8576
[trn_acc] 0.9800
[val_acc] 0.8780

[loss]    16.7837
[trn_acc] 0.9500
[val_acc] 0.8740

[loss]    16.3037
[trn_acc] 0.9800
[val_acc] 0.8680

[loss]    16.7797
[trn_acc] 0.9900
[val_acc] 0.8820

[loss]    18.3688
[trn_acc] 0.9400
[val_acc] 0.8460

[loss]    17.6022
[trn_acc] 0.9700
[val_acc] 0.8780

[loss]    15.8235
[trn_acc] 0.9400
[val_acc] 0.8700

[loss]    18.0913
[trn_acc] 0.9800
[val_acc] 0.8740

[loss]    18.1225
[trn_acc] 0.9700
[val_acc] 0.8700

[loss]    23.8609
[trn_acc] 0.9200
[val_acc] 0.8460

[loss]    17.3910
[trn_acc] 0.9700
[val_acc] 0.8760

[loss]    13.7818
[trn_acc] 0.9700
[val_acc] 0.8700

[loss]    13.1344
[trn_acc] 0.9600
[val_acc] 0.8780

[loss]    13.8897
[trn_acc] 0.9800
[val_acc] 0.8820

[loss]    15.7674
[trn_acc] 0.9800
[val_acc] 0.8820

[loss]    16.1989
[trn_acc] 0.9400
[val_acc] 0.8820

[loss]    16.6968
[trn_acc] 0.9600
[val_acc] 0.8560

[loss]    19.1953
[trn_acc] 0.9600
[val_acc] 0.8840

[loss]    16.6216
[trn_acc] 0.9900
[val_acc] 0.8660

[loss]    15.9843
[trn_acc] 0.9900
[val_acc] 0.8840

[loss]    14.2016
[trn_acc] 0.9600
[val_acc] 0.8880

[loss]    15.6727
[trn_acc] 0.9500
[val_acc] 0.8940

[loss]    13.2902
[trn_acc] 0.9700
[val_acc] 0.8840

[loss]    14.6860
[trn_acc] 0.9400
[val_acc] 0.8780

[loss]    15.4215
[trn_acc] 0.9500
[val_acc] 0.8800

[loss]    13.3456
[trn_acc] 0.9900
[val_acc] 0.8900

[loss]    13.4800
[trn_acc] 0.9500
[val_acc] 0.8880

[loss]    13.4865
[trn_acc] 0.9900
[val_acc] 0.8820

[loss]    14.9640
[trn_acc] 0.9600
[val_acc] 0.8740

[loss]    13.8034
[trn_acc] 0.9500
[val_acc] 0.9020

[loss]    16.7287
[trn_acc] 0.9500
[val_acc] 0.8800

[loss]    17.2213
[trn_acc] 0.9900
[val_acc] 0.8820

[loss]    15.2351
[trn_acc] 0.9700
[val_acc] 0.8800

[loss]    18.8892
[trn_acc] 0.9900
[val_acc] 0.8800

[loss]    17.0699
[trn_acc] 0.9700
[val_acc] 0.8640

[loss]    14.7767
[trn_acc] 0.9500
[val_acc] 0.8880

[loss]    17.0028
[trn_acc] 0.9700
[val_acc] 0.8860

[loss]    15.7750
[trn_acc] 0.9700
[val_acc] 0.8840

[loss]    16.3280
[trn_acc] 0.9500
[val_acc] 0.8860

[loss]    16.7418
[trn_acc] 0.9700
[val_acc] 0.8820

[loss]    15.3835
[trn_acc] 0.9800
[val_acc] 0.8800

[loss]    16.6330
[trn_acc] 0.9700
[val_acc] 0.8780

[loss]    15.5670
[trn_acc] 0.9900
[val_acc] 0.8860

[loss]    18.3266
[trn_acc] 0.9600
[val_acc] 0.9000

[loss]    15.7299
[trn_acc] 0.9500
[val_acc] 0.8980

[loss]    20.0556
[trn_acc] 0.9600
[val_acc] 0.8920

[loss]    16.7726
[trn_acc] 0.9700
[val_acc] 0.8780

[loss]    13.1522
[trn_acc] 0.9900
[val_acc] 0.9060

[loss]    12.0506
[trn_acc] 0.9900
[val_acc] 0.8840

[loss]    13.2999
[trn_acc] 0.9800
[val_acc] 0.8840

[loss]    14.0295
[trn_acc] 0.9700
[val_acc] 0.8900

[loss]    14.6918
[trn_acc] 0.9800
[val_acc] 0.8640

[loss]    14.7329
[trn_acc] 0.9700
[val_acc] 0.8840

[loss]    15.4792
[trn_acc] 0.9700
[val_acc] 0.8820

[loss]    14.8579
[trn_acc] 0.9900
[val_acc] 0.8780

[loss]    17.2571
[trn_acc] 0.9600
[val_acc] 0.8780

[loss]    20.6830
[trn_acc] 0.9700
[val_acc] 0.8660

[loss]    21.4479
[trn_acc] 0.9600
[val_acc] 0.8680

[loss]    17.8164
[trn_acc] 0.9800
[val_acc] 0.8720

[loss]    18.6783
[trn_acc] 0.9700
[val_acc] 0.8820

[loss]    15.0201
[trn_acc] 0.9500
[val_acc] 0.8740

[loss]    14.8319
[trn_acc] 0.9800
[val_acc] 0.8900

[loss]    14.1958
[trn_acc] 0.9800
[val_acc] 0.8900

[loss]    11.6814
[trn_acc] 0.9700
[val_acc] 0.8940

[loss]    15.1532
[trn_acc] 0.9800
[val_acc] 0.8800

[loss]    12.4883
[trn_acc] 0.9700
[val_acc] 0.8920

[loss]    14.5102
[trn_acc] 0.9500
[val_acc] 0.8940

[loss]    16.2780
[trn_acc] 0.9400
[val_acc] 0.8940

[loss]    15.4111
[trn_acc] 0.9600
[val_acc] 0.8920

[loss]    14.2756
[trn_acc] 0.9800
[val_acc] 0.8780

[loss]    15.3979
[trn_acc] 0.9600
[val_acc] 0.8900

[loss]    14.5619
[trn_acc] 0.9700
[val_acc] 0.8800

[loss]    17.7618
[trn_acc] 1.0000
[val_acc] 0.8740

[loss]    16.3749
[trn_acc] 0.9400
[val_acc] 0.9080

[loss]    15.5760
[trn_acc] 0.9600
[val_acc] 0.8920

[loss]    14.0795
[trn_acc] 0.9800
[val_acc] 0.8940

[loss]    13.6958
[trn_acc] 0.9900
[val_acc] 0.8880

[loss]    11.7157
[trn_acc] 0.9900
[val_acc] 0.9000

[loss]    14.2361
[trn_acc] 0.9800
[val_acc] 0.8980

[loss]    15.7140
[trn_acc] 0.9800
[val_acc] 0.8940

[loss]    14.3446
[trn_acc] 1.0000
[val_acc] 0.8900

[loss]    14.4751
[trn_acc] 0.9400
[val_acc] 0.8940

[loss]    13.2426
[trn_acc] 0.9900
[val_acc] 0.9040

[loss]    15.3516
[trn_acc] 0.9800
[val_acc] 0.9000

[loss]    15.0845
[trn_acc] 0.9700
[val_acc] 0.8880

[loss]    14.8827
[trn_acc] 0.9600
[val_acc] 0.8940

[loss]    15.0627
[trn_acc] 0.9600
[val_acc] 0.8820

[loss]    14.5068
[trn_acc] 0.9800
[val_acc] 0.8940

[loss]    13.1289
[trn_acc] 0.9800
[val_acc] 0.9100

[loss]    14.5161
[trn_acc] 0.9800
[val_acc] 0.8960

[loss]    12.3732
[trn_acc] 0.9500
[val_acc] 0.8920

[loss]    12.4901
[trn_acc] 0.9800
[val_acc] 0.9100

[loss]    14.2906
[trn_acc] 0.9600
[val_acc] 0.8840

[loss]    17.2808
[trn_acc] 1.0000
[val_acc] 0.9120

[loss]    14.2194
[trn_acc] 0.9900
[val_acc] 0.9020

[loss]    15.6715
[trn_acc] 0.9400
[val_acc] 0.8940

[loss]    13.8617
[trn_acc] 0.9900
[val_acc] 0.8880

[loss]    13.6840
[trn_acc] 0.9700
[val_acc] 0.9020

[loss]    15.3986
[trn_acc] 0.9700
[val_acc] 0.8820

[loss]    14.6663
[trn_acc] 0.9900
[val_acc] 0.8820

[loss]    15.2356
[trn_acc] 0.9400
[val_acc] 0.8940

[loss]    16.8004
[trn_acc] 0.9400
[val_acc] 0.8900

[loss]    15.7108
[trn_acc] 0.9700
[val_acc] 0.9040

[loss]    17.3652
[trn_acc] 0.9700
[val_acc] 0.9000

[loss]    18.0789
[trn_acc] 0.9400
[val_acc] 0.8940

[loss]    18.9062
[trn_acc] 0.9500
[val_acc] 0.8920

[loss]    16.9559
[trn_acc] 0.9500
[val_acc] 0.8840

[loss]    15.5490
[trn_acc] 1.0000
[val_acc] 0.8980

[loss]    14.5400
[trn_acc] 0.9600
[val_acc] 0.8940

[loss]    14.4175
[trn_acc] 0.9400
[val_acc] 0.8780

[loss]    15.6119
[trn_acc] 0.9900
[val_acc] 0.8900

[loss]    16.5598
[trn_acc] 1.0000
[val_acc] 0.8840

[loss]    14.3499
[trn_acc] 0.9400
[val_acc] 0.9060

[loss]    14.0605
[trn_acc] 0.9900
[val_acc] 0.9040

[loss]    13.3174
[trn_acc] 0.9500
[val_acc] 0.9180

[loss]    14.4200
[trn_acc] 0.9500
[val_acc] 0.9200

[loss]    13.4086
[trn_acc] 0.9800
[val_acc] 0.9060

[loss]    11.2123
[trn_acc] 1.0000
[val_acc] 0.9020

[loss]    12.8967
[trn_acc] 0.9800
[val_acc] 0.8980

[loss]    10.9225
[trn_acc] 1.0000
[val_acc] 0.9040

[loss]    14.2048
[trn_acc] 0.9800
[val_acc] 0.9120

[loss]    16.0771
[trn_acc] 0.9800
[val_acc] 0.9000

[loss]    14.3476
[trn_acc] 0.9600
[val_acc] 0.9100

[loss]    14.6078
[trn_acc] 0.9700
[val_acc] 0.8840

[loss]    15.5458
[trn_acc] 0.9100
[val_acc] 0.8760

[loss]    17.9436
[trn_acc] 0.9800
[val_acc] 0.8840

[loss]    15.5818
[trn_acc] 0.9700
[val_acc] 0.8980

[loss]    14.6077
[trn_acc] 1.0000
[val_acc] 0.9020

[loss]    13.3706
[trn_acc] 0.9700
[val_acc] 0.9020

[loss]    14.2580
[trn_acc] 0.9800
[val_acc] 0.9200

[loss]    16.3513
[trn_acc] 0.9700
[val_acc] 0.8920

[loss]    15.9882
[trn_acc] 0.9600
[val_acc] 0.9100

[loss]    14.8445
[trn_acc] 1.0000
[val_acc] 0.9040

[loss]    13.4515
[trn_acc] 0.9600
[val_acc] 0.9180

[loss]    16.5800
[trn_acc] 0.9800
[val_acc] 0.9100

[loss]    12.3970
[trn_acc] 1.0000
[val_acc] 0.9120

[loss]    13.7435
[trn_acc] 0.9600
[val_acc] 0.9060

[loss]    14.9024
[trn_acc] 0.9500
[val_acc] 0.9040

[loss]    15.0615
[trn_acc] 0.9500
[val_acc] 0.8980

[loss]    17.0882
[trn_acc] 0.9900
[val_acc] 0.9020

[loss]    14.8181
[trn_acc] 0.9600
[val_acc] 0.9040

[loss]    15.0142
[trn_acc] 0.9500
[val_acc] 0.9200

[loss]    14.8371
[trn_acc] 0.9700
[val_acc] 0.9080

[loss]    13.9501
[trn_acc] 0.9400
[val_acc] 0.9060

[loss]    11.6920
[trn_acc] 0.9800
[val_acc] 0.9040

[loss]    12.0224
[trn_acc] 0.9500
[val_acc] 0.8920

[loss]    11.7720
[trn_acc] 0.9600
[val_acc] 0.8880

[loss]    13.5875
[trn_acc] 0.9900
[val_acc] 0.9080

[loss]    16.9823
[trn_acc] 0.9400
[val_acc] 0.8920

[loss]    16.2608
[trn_acc] 0.9800
[val_acc] 0.8940

[loss]    15.2541
[trn_acc] 0.9900
[val_acc] 0.8760

[loss]    15.7257
[trn_acc] 0.9900
[val_acc] 0.8980

[loss]    14.2697
[trn_acc] 0.9800
[val_acc] 0.8820

[loss]    14.3046
[trn_acc] 0.9800
[val_acc] 0.8980

[loss]    13.1718
[trn_acc] 0.9900
[val_acc] 0.8840

[loss]    15.3445
[trn_acc] 0.9600
[val_acc] 0.8880

[loss]    13.1588
[trn_acc] 1.0000
[val_acc] 0.8920

[loss]    12.8146
[trn_acc] 0.9600
[val_acc] 0.8920

[loss]    11.1528
[trn_acc] 0.9900
[val_acc] 0.8980

[loss]    16.1763
[trn_acc] 0.9700
[val_acc] 0.8960

[loss]    14.6181
[trn_acc] 0.9800
[val_acc] 0.8980

[loss]    14.1140
[trn_acc] 0.9600
[val_acc] 0.9100

[loss]    14.8013
[trn_acc] 0.9800
[val_acc] 0.8940

[loss]    17.1968
[trn_acc] 0.9800
[val_acc] 0.9040

[loss]    16.2701
[trn_acc] 0.9500
[val_acc] 0.8920

[loss]    15.5906
[trn_acc] 0.9200
[val_acc] 0.8900

[loss]    14.2171
[trn_acc] 0.9600
[val_acc] 0.9180

[loss]    14.6286
[trn_acc] 0.9600
[val_acc] 0.9160

[loss]    14.8217
[trn_acc] 0.9400
[val_acc] 0.9160

[loss]    18.9518
[trn_acc] 0.9800
[val_acc] 0.9140

[loss]    18.2435
[trn_acc] 0.9600
[val_acc] 0.8920

[loss]    18.2982
[trn_acc] 0.9800
[val_acc] 0.9060

[loss]    18.8827
[trn_acc] 0.9500
[val_acc] 0.8920

[loss]    16.3062
[trn_acc] 0.9400
[val_acc] 0.9080

[loss]    13.0519
[trn_acc] 0.9700
[val_acc] 0.8960

[loss]    14.5490
[trn_acc] 0.9800
[val_acc] 0.8880

[loss]    17.4649
[trn_acc] 0.9700
[val_acc] 0.8840

[loss]    12.2166
[trn_acc] 0.9400
[val_acc] 0.8920

[loss]    12.9776
[trn_acc] 0.9700
[val_acc] 0.9060

[loss]    12.2942
[trn_acc] 0.9800
[val_acc] 0.9000

[loss]    11.3235
[trn_acc] 0.9800
[val_acc] 0.9080

[loss]    11.9953
[trn_acc] 0.9800
[val_acc] 0.8960

[loss]    12.9289
[trn_acc] 0.9700
[val_acc] 0.9060

[loss]    12.3774
[trn_acc] 0.9700
[val_acc] 0.9060

[loss]    12.8970
[trn_acc] 0.9900
[val_acc] 0.9080

[loss]    11.0517
[trn_acc] 0.9600
[val_acc] 0.9100

[loss]    12.4744
[trn_acc] 0.9400
[val_acc] 0.9060

[loss]    14.8063
[trn_acc] 0.9700
[val_acc] 0.9080

[loss]    13.8578
[trn_acc] 0.9800
[val_acc] 0.8960

[loss]    12.0555
[trn_acc] 0.9700
[val_acc] 0.9100

[loss]    12.6111
[trn_acc] 1.0000
[val_acc] 0.9080

[loss]    12.7227
[trn_acc] 0.9500
[val_acc] 0.8980

[loss]    15.8001
[trn_acc] 0.9700
[val_acc] 0.9020

[loss]    13.4182
[trn_acc] 0.9800
[val_acc] 0.9080

[loss]    13.2795
[trn_acc] 0.9900
[val_acc] 0.9080

[loss]    15.2137
[trn_acc] 0.9600
[val_acc] 0.9120

[loss]    13.2769
[trn_acc] 0.9900
[val_acc] 0.9200

[loss]    13.1418
[trn_acc] 0.9800
[val_acc] 0.8980

[loss]    15.1540
[trn_acc] 0.9800
[val_acc] 0.9040

[loss]    14.5321
[trn_acc] 0.9600
[val_acc] 0.8840

[loss]    14.6982
[trn_acc] 0.9400
[val_acc] 0.8920

[loss]    12.4491
[trn_acc] 0.9700
[val_acc] 0.9000

[loss]    14.9428
[trn_acc] 0.9400
[val_acc] 0.9000

[loss]    14.9213
[trn_acc] 0.9700
[val_acc] 0.8960

[loss]    12.4180
[trn_acc] 0.9800
[val_acc] 0.9080

[loss]    13.0549
[trn_acc] 0.9800
[val_acc] 0.9180

[loss]    12.5583
[trn_acc] 0.9800
[val_acc] 0.8880

[loss]    12.1118
[trn_acc] 0.9700
[val_acc] 0.8940

[loss]    11.8443
[trn_acc] 0.9700
[val_acc] 0.9140

[loss]    13.8953
[trn_acc] 0.9700
[val_acc] 0.8980

[loss]    15.5761
[trn_acc] 0.9500
[val_acc] 0.8980

[loss]    14.3546
[trn_acc] 0.9600
[val_acc] 0.9000

[loss]    13.4255
[trn_acc] 0.9600
[val_acc] 0.9020

[loss]    20.6254
[trn_acc] 0.9700
[val_acc] 0.8820

[loss]    15.9981
[trn_acc] 0.9800
[val_acc] 0.8940

[loss]    12.7454
[trn_acc] 0.9700
[val_acc] 0.9060

[loss]    13.6248
[trn_acc] 0.9700
[val_acc] 0.9120

[loss]    14.1304
[trn_acc] 0.9700
[val_acc] 0.9060

[loss]    14.8207
[trn_acc] 0.9500
[val_acc] 0.9120

[loss]    14.0603
[trn_acc] 0.9900
[val_acc] 0.8920

[loss]    13.5402
[trn_acc] 0.9900
[val_acc] 0.9080

[loss]    12.3686
[trn_acc] 0.9800
[val_acc] 0.9100

[loss]    11.9102
[trn_acc] 0.9700
[val_acc] 0.9060

[loss]    12.5196
[trn_acc] 0.9600
[val_acc] 0.9080

[loss]    14.3771
[trn_acc] 0.9500
[val_acc] 0.9140

[loss]    12.1247
[trn_acc] 0.9800
[val_acc] 0.9140

[loss]    12.6169
[trn_acc] 0.9200
[val_acc] 0.9000

[loss]    16.3262
[trn_acc] 0.9600
[val_acc] 0.8960

[loss]    13.5315
[trn_acc] 0.9700
[val_acc] 0.9040

[loss]    12.9879
[trn_acc] 0.9900
[val_acc] 0.9140

[loss]    13.3221
[trn_acc] 0.9900
[val_acc] 0.9080

[loss]    13.2554
[trn_acc] 0.9700
[val_acc] 0.9140

[loss]    13.2638
[trn_acc] 0.9700
[val_acc] 0.9080

[loss]    13.8944
[trn_acc] 0.9500
[val_acc] 0.9000

[loss]    11.4713
[trn_acc] 0.9700
[val_acc] 0.9100

[loss]    11.0301
[trn_acc] 1.0000
[val_acc] 0.9160

[loss]    11.9392
[trn_acc] 1.0000
[val_acc] 0.9000

[loss]    11.8830
[trn_acc] 0.9800
[val_acc] 0.9000

[loss]    13.1563
[trn_acc] 0.9900
[val_acc] 0.9160

[loss]    11.3869
[trn_acc] 0.9900
[val_acc] 0.9100

[loss]    12.9863
[trn_acc] 0.9800
[val_acc] 0.9040

[loss]    12.9511
[trn_acc] 0.9900
[val_acc] 0.9040

[loss]    13.2288
[trn_acc] 0.9700
[val_acc] 0.9060

[loss]    13.0081
[trn_acc] 0.9800
[val_acc] 0.8900

[loss]    13.1950
[trn_acc] 0.9900
[val_acc] 0.9000

[loss]    12.2525
[trn_acc] 0.9600
[val_acc] 0.9000

[loss]    14.4304
[trn_acc] 0.9600
[val_acc] 0.8980

[loss]    12.9362
[trn_acc] 0.9800
[val_acc] 0.9100

[loss]    24.7937
[trn_acc] 0.9800
[val_acc] 0.8720

[loss]    19.3488
[trn_acc] 0.9500
[val_acc] 0.8800

[loss]    18.4769
[trn_acc] 0.9900
[val_acc] 0.8980

[loss]    13.7878
[trn_acc] 0.9700
[val_acc] 0.9040

[loss]    16.4455
[trn_acc] 0.9600
[val_acc] 0.8940

[loss]    16.3356
[trn_acc] 0.9700
[val_acc] 0.9100

[loss]    15.6017
[trn_acc] 0.9800
[val_acc] 0.8980

[loss]    13.1406
[trn_acc] 0.9700
[val_acc] 0.9060

[loss]    11.6687
[trn_acc] 1.0000
[val_acc] 0.9260

[loss]    11.7257
[trn_acc] 1.0000
[val_acc] 0.9100

[loss]    13.6874
[trn_acc] 0.9800
[val_acc] 0.9140

[loss]    12.1461
[trn_acc] 0.9400
[val_acc] 0.9060

[loss]    11.4250
[trn_acc] 0.9900
[val_acc] 0.9020

[loss]    12.1357
[trn_acc] 0.9900
[val_acc] 0.9180

[loss]    12.2166
[trn_acc] 0.9700
[val_acc] 0.9120

[loss]    13.1059
[trn_acc] 0.9800
[val_acc] 0.9080

[loss]    11.3200
[trn_acc] 0.9500
[val_acc] 0.9080

[loss]    14.5984
[trn_acc] 0.9700
[val_acc] 0.9020

[loss]    13.7223
[trn_acc] 0.9900
[val_acc] 0.8960

[loss]    13.5112
[trn_acc] 0.9600
[val_acc] 0.8960

[loss]    12.5980
[trn_acc] 0.9700
[val_acc] 0.9180

[loss]    13.6400
[trn_acc] 0.9500
[val_acc] 0.9160

[loss]    14.2724
[trn_acc] 0.9500
[val_acc] 0.9140

[FINAL val_acc] 0.9140
[FINAL tst_acc] 0.9020
