2017-06-28 20:50:01.301390: I tensorflow/core/common_runtime/gpu/gpu_device.cc:940] Found device 0 with properties: 
name: TITAN X (Pascal)
major: 6 minor: 1 memoryClockRate (GHz) 1.531
pciBusID 0000:04:00.0
Total memory: 11.90GiB
Free memory: 11.76GiB
2017-06-28 20:50:01.301508: I tensorflow/core/common_runtime/gpu/gpu_device.cc:961] DMA: 0 
2017-06-28 20:50:01.301536: I tensorflow/core/common_runtime/gpu/gpu_device.cc:971] 0:   Y 
2017-06-28 20:50:01.301571: I tensorflow/core/common_runtime/gpu/gpu_device.cc:1030] Creating TensorFlow device (/gpu:0) -> (device: 0, name: TITAN X (Pascal), pci bus id: 0000:04:00.0)
2017-06-28 20:50:04.320671: I tensorflow/core/common_runtime/gpu/pool_allocator.cc:247] PoolAllocator: After 4439 get requests, put_count=3162 evicted_count=1000 eviction_rate=0.316256 and unsatisfied allocation rate=0.535481
2017-06-28 20:50:04.320760: I tensorflow/core/common_runtime/gpu/pool_allocator.cc:259] Raising pool_size_limit_ from 100 to 110
2017-06-28 20:50:05.473826: I tensorflow/core/common_runtime/gpu/pool_allocator.cc:247] PoolAllocator: After 4236 get requests, put_count=3294 evicted_count=1000 eviction_rate=0.303582 and unsatisfied allocation rate=0.462937
2017-06-28 20:50:05.473912: I tensorflow/core/common_runtime/gpu/pool_allocator.cc:259] Raising pool_size_limit_ from 212 to 233
2017-06-28 20:50:06.609066: I tensorflow/core/common_runtime/gpu/pool_allocator.cc:247] PoolAllocator: After 4188 get requests, put_count=3332 evicted_count=1000 eviction_rate=0.30012 and unsatisfied allocation rate=0.451051
2017-06-28 20:50:06.609173: I tensorflow/core/common_runtime/gpu/pool_allocator.cc:259] Raising pool_size_limit_ from 372 to 409
2017-06-28 20:50:08.088463: I tensorflow/core/common_runtime/gpu/pool_allocator.cc:247] PoolAllocator: After 4708 get requests, put_count=4161 evicted_count=1000 eviction_rate=0.240327 and unsatisfied allocation rate=0.342396
2017-06-28 20:50:08.088640: I tensorflow/core/common_runtime/gpu/pool_allocator.cc:259] Raising pool_size_limit_ from 720 to 792
2017-06-28 20:50:10.261325: I tensorflow/core/common_runtime/gpu/pool_allocator.cc:247] PoolAllocator: After 4952 get requests, put_count=5349 evicted_count=1000 eviction_rate=0.186951 and unsatisfied allocation rate=0.15004
2017-06-28 20:50:10.261396: I tensorflow/core/common_runtime/gpu/pool_allocator.cc:259] Raising pool_size_limit_ from 1540 to 1694
2017-06-28 20:52:48.144515: I tensorflow/core/common_runtime/gpu/pool_allocator.cc:247] PoolAllocator: After 3048913 get requests, put_count=3049044 evicted_count=6000 eviction_rate=0.00196783 and unsatisfied allocation rate=0.00199875
2017-06-28 21:05:42.383375: I tensorflow/core/common_runtime/gpu/pool_allocator.cc:247] PoolAllocator: After 15362897 get requests, put_count=15362895 evicted_count=9000 eviction_rate=0.000585827 and unsatisfied allocation rate=0.000602035
2017-06-28 21:13:44.849094: I tensorflow/core/common_runtime/gpu/pool_allocator.cc:247] PoolAllocator: After 25279200 get requests, put_count=25279198 evicted_count=19000 eviction_rate=0.000751606 and unsatisfied allocation rate=0.000761456
2017-06-28 21:21:14.201536: I tensorflow/core/common_runtime/gpu/pool_allocator.cc:247] PoolAllocator: After 34479403 get requests, put_count=34479403 evicted_count=29000 eviction_rate=0.000841082 and unsatisfied allocation rate=0.000848246
2017-06-28 21:28:25.369878: I tensorflow/core/common_runtime/gpu/pool_allocator.cc:247] PoolAllocator: After 43336597 get requests, put_count=43336596 evicted_count=39000 eviction_rate=0.000899932 and unsatisfied allocation rate=0.000905655
2017-06-28 21:35:47.019120: I tensorflow/core/common_runtime/gpu/pool_allocator.cc:247] PoolAllocator: After 52418504 get requests, put_count=52418502 evicted_count=49000 eviction_rate=0.000934784 and unsatisfied allocation rate=0.000939535
2017-06-28 21:42:41.747343: I tensorflow/core/common_runtime/gpu/pool_allocator.cc:247] PoolAllocator: After 60934933 get requests, put_count=60934927 evicted_count=59000 eviction_rate=0.000968246 and unsatisfied allocation rate=0.000972398
2017-06-28 21:49:34.215720: I tensorflow/core/common_runtime/gpu/pool_allocator.cc:247] PoolAllocator: After 69396578 get requests, put_count=69396579 evicted_count=69000 eviction_rate=0.000994285 and unsatisfied allocation rate=0.00099783
2017-06-28 21:56:24.625634: I tensorflow/core/common_runtime/gpu/pool_allocator.cc:247] PoolAllocator: After 77813150 get requests, put_count=77813147 evicted_count=79000 eviction_rate=0.00101525 and unsatisfied allocation rate=0.00101847
2017-06-28 22:03:13.972743: I tensorflow/core/common_runtime/gpu/pool_allocator.cc:247] PoolAllocator: After 86178767 get requests, put_count=86178766 evicted_count=89000 eviction_rate=0.00103274 and unsatisfied allocation rate=0.00103561
2017-06-28 22:10:01.150556: I tensorflow/core/common_runtime/gpu/pool_allocator.cc:247] PoolAllocator: After 94562724 get requests, put_count=94562722 evicted_count=99000 eviction_rate=0.00104692 and unsatisfied allocation rate=0.00104956
2017-06-28 22:16:52.931905: I tensorflow/core/common_runtime/gpu/pool_allocator.cc:247] PoolAllocator: After 102991605 get requests, put_count=102991605 evicted_count=109000 eviction_rate=0.00105834 and unsatisfied allocation rate=0.00106074
2017-06-28 22:23:36.025406: I tensorflow/core/common_runtime/gpu/pool_allocator.cc:247] PoolAllocator: After 111289564 get requests, put_count=111289565 evicted_count=119000 eviction_rate=0.00106928 and unsatisfied allocation rate=0.00107149
2017-06-28 22:30:27.801972: I tensorflow/core/common_runtime/gpu/pool_allocator.cc:247] PoolAllocator: After 119747914 get requests, put_count=119747911 evicted_count=129000 eviction_rate=0.00107726 and unsatisfied allocation rate=0.00107935
2017-06-28 22:37:17.839268: I tensorflow/core/common_runtime/gpu/pool_allocator.cc:247] PoolAllocator: After 128211251 get requests, put_count=128211252 evicted_count=139000 eviction_rate=0.00108415 and unsatisfied allocation rate=0.00108607
2017-06-28 22:44:06.100361: I tensorflow/core/common_runtime/gpu/pool_allocator.cc:247] PoolAllocator: After 136637737 get requests, put_count=136637731 evicted_count=149000 eviction_rate=0.00109047 and unsatisfied allocation rate=0.00109233
2017-06-28 22:51:01.144041: I tensorflow/core/common_runtime/gpu/pool_allocator.cc:247] PoolAllocator: After 145169695 get requests, put_count=145169696 evicted_count=159000 eviction_rate=0.00109527 and unsatisfied allocation rate=0.00109696
2017-06-28 22:57:50.952231: I tensorflow/core/common_runtime/gpu/pool_allocator.cc:247] PoolAllocator: After 153575088 get requests, put_count=153575089 evicted_count=169000 eviction_rate=0.00110044 and unsatisfied allocation rate=0.00110204
2017-06-28 23:04:40.477716: I tensorflow/core/common_runtime/gpu/pool_allocator.cc:247] PoolAllocator: After 162035005 get requests, put_count=162035002 evicted_count=179000 eviction_rate=0.0011047 and unsatisfied allocation rate=0.00110624
2017-06-28 23:11:26.086113: I tensorflow/core/common_runtime/gpu/pool_allocator.cc:247] PoolAllocator: After 170452238 get requests, put_count=170452234 evicted_count=189000 eviction_rate=0.00110882 and unsatisfied allocation rate=0.00111029
2017-06-28 23:18:23.645793: I tensorflow/core/common_runtime/gpu/pool_allocator.cc:247] PoolAllocator: After 178981615 get requests, put_count=178981613 evicted_count=199000 eviction_rate=0.00111185 and unsatisfied allocation rate=0.00111324
2017-06-28 23:25:18.848068: I tensorflow/core/common_runtime/gpu/pool_allocator.cc:247] PoolAllocator: After 187444534 get requests, put_count=187444534 evicted_count=209000 eviction_rate=0.001115 and unsatisfied allocation rate=0.00111631
2017-06-28 23:32:14.625112: I tensorflow/core/common_runtime/gpu/pool_allocator.cc:247] PoolAllocator: After 195940654 get requests, put_count=195940652 evicted_count=219000 eviction_rate=0.00111769 and unsatisfied allocation rate=0.00111896
2017-06-28 23:39:03.864208: I tensorflow/core/common_runtime/gpu/pool_allocator.cc:247] PoolAllocator: After 204263973 get requests, put_count=204263972 evicted_count=229000 eviction_rate=0.0011211 and unsatisfied allocation rate=0.00112231
2017-06-28 23:46:01.740947: I tensorflow/core/common_runtime/gpu/pool_allocator.cc:247] PoolAllocator: After 212801596 get requests, put_count=212801596 evicted_count=239000 eviction_rate=0.00112311 and unsatisfied allocation rate=0.00112427
2017-06-28 23:52:59.246452: I tensorflow/core/common_runtime/gpu/pool_allocator.cc:247] PoolAllocator: After 221345372 get requests, put_count=221345372 evicted_count=249000 eviction_rate=0.00112494 and unsatisfied allocation rate=0.00112605
2017-06-28 23:59:48.225262: I tensorflow/core/common_runtime/gpu/pool_allocator.cc:247] PoolAllocator: After 229793945 get requests, put_count=229793946 evicted_count=259000 eviction_rate=0.0011271 and unsatisfied allocation rate=0.00112817
2017-06-29 00:06:48.187475: I tensorflow/core/common_runtime/gpu/pool_allocator.cc:247] PoolAllocator: After 238375783 get requests, put_count=238375782 evicted_count=269000 eviction_rate=0.00112847 and unsatisfied allocation rate=0.00112951
2017-06-29 00:13:37.785910: I tensorflow/core/common_runtime/gpu/pool_allocator.cc:247] PoolAllocator: After 246729036 get requests, put_count=246729035 evicted_count=279000 eviction_rate=0.0011308 and unsatisfied allocation rate=0.0011318
2017-06-29 00:20:27.634802: I tensorflow/core/common_runtime/gpu/pool_allocator.cc:247] PoolAllocator: After 255133890 get requests, put_count=255133887 evicted_count=289000 eviction_rate=0.00113274 and unsatisfied allocation rate=0.00113372
2017-06-29 00:27:18.335477: I tensorflow/core/common_runtime/gpu/pool_allocator.cc:247] PoolAllocator: After 263546723 get requests, put_count=263546722 evicted_count=299000 eviction_rate=0.00113452 and unsatisfied allocation rate=0.00113546
2017-06-29 00:34:09.594971: I tensorflow/core/common_runtime/gpu/pool_allocator.cc:247] PoolAllocator: After 271948775 get requests, put_count=271948776 evicted_count=309000 eviction_rate=0.00113624 and unsatisfied allocation rate=0.00113715
2017-06-29 00:41:00.670915: I tensorflow/core/common_runtime/gpu/pool_allocator.cc:247] PoolAllocator: After 280338286 get requests, put_count=280338284 evicted_count=319000 eviction_rate=0.00113791 and unsatisfied allocation rate=0.0011388
2017-06-29 00:47:50.719474: I tensorflow/core/common_runtime/gpu/pool_allocator.cc:247] PoolAllocator: After 288711833 get requests, put_count=288711829 evicted_count=329000 eviction_rate=0.00113954 and unsatisfied allocation rate=0.00114041
2017-06-29 00:54:42.493993: I tensorflow/core/common_runtime/gpu/pool_allocator.cc:247] PoolAllocator: After 297180027 get requests, put_count=297180027 evicted_count=339000 eviction_rate=0.00114072 and unsatisfied allocation rate=0.00114155
2017-06-29 01:01:39.776401: I tensorflow/core/common_runtime/gpu/pool_allocator.cc:247] PoolAllocator: After 305704077 get requests, put_count=305704072 evicted_count=349000 eviction_rate=0.00114163 and unsatisfied allocation rate=0.00114245
2017-06-29 01:08:36.260053: I tensorflow/core/common_runtime/gpu/pool_allocator.cc:247] PoolAllocator: After 314189822 get requests, put_count=314189821 evicted_count=359000 eviction_rate=0.00114262 and unsatisfied allocation rate=0.00114341
2017-06-29 01:15:27.595907: I tensorflow/core/common_runtime/gpu/pool_allocator.cc:247] PoolAllocator: After 322609984 get requests, put_count=322609985 evicted_count=369000 eviction_rate=0.0011438 and unsatisfied allocation rate=0.00114456
2017-06-29 01:22:11.334977: I tensorflow/core/common_runtime/gpu/pool_allocator.cc:247] PoolAllocator: After 330865285 get requests, put_count=330865281 evicted_count=379000 eviction_rate=0.00114548 and unsatisfied allocation rate=0.00114624
2017-06-29 01:28:59.707043: I tensorflow/core/common_runtime/gpu/pool_allocator.cc:247] PoolAllocator: After 339209642 get requests, put_count=339209641 evicted_count=389000 eviction_rate=0.00114678 and unsatisfied allocation rate=0.00114751
2017-06-29 01:35:56.214862: I tensorflow/core/common_runtime/gpu/pool_allocator.cc:247] PoolAllocator: After 347713005 get requests, put_count=347713000 evicted_count=399000 eviction_rate=0.0011475 and unsatisfied allocation rate=0.00114822
