2017-10-04 11:24:36.813683: W tensorflow/core/platform/cpu_feature_guard.cc:45] The TensorFlow library wasn't compiled to use SSE4.1 instructions, but these are available on your machine and could speed up CPU computations.
2017-10-04 11:24:36.813708: W tensorflow/core/platform/cpu_feature_guard.cc:45] The TensorFlow library wasn't compiled to use SSE4.2 instructions, but these are available on your machine and could speed up CPU computations.
2017-10-04 11:24:36.813712: W tensorflow/core/platform/cpu_feature_guard.cc:45] The TensorFlow library wasn't compiled to use AVX instructions, but these are available on your machine and could speed up CPU computations.
2017-10-04 11:24:36.813714: W tensorflow/core/platform/cpu_feature_guard.cc:45] The TensorFlow library wasn't compiled to use AVX2 instructions, but these are available on your machine and could speed up CPU computations.
2017-10-04 11:24:36.813717: W tensorflow/core/platform/cpu_feature_guard.cc:45] The TensorFlow library wasn't compiled to use FMA instructions, but these are available on your machine and could speed up CPU computations.
2017-10-04 11:24:38.821444: I tensorflow/stream_executor/cuda/cuda_gpu_executor.cc:893] successful NUMA node read from SysFS had negative value (-1), but there must be at least one NUMA node, so returning NUMA node zero
2017-10-04 11:24:38.821863: I tensorflow/core/common_runtime/gpu/gpu_device.cc:940] Found device 0 with properties: 
name: Tesla K40c
major: 3 minor: 5 memoryClockRate (GHz) 0.745
pciBusID 0000:04:00.0
Total memory: 11.17GiB
Free memory: 11.10GiB
2017-10-04 11:24:38.821875: I tensorflow/core/common_runtime/gpu/gpu_device.cc:961] DMA: 0 
2017-10-04 11:24:38.821879: I tensorflow/core/common_runtime/gpu/gpu_device.cc:971] 0:   Y 
2017-10-04 11:24:38.821886: I tensorflow/core/common_runtime/gpu/gpu_device.cc:1030] Creating TensorFlow device (/gpu:0) -> (device: 0, name: Tesla K40c, pci bus id: 0000:04:00.0)
2017-10-04 11:24:39.475582: I tensorflow/core/common_runtime/gpu/pool_allocator.cc:247] PoolAllocator: After 2811 get requests, put_count=2471 evicted_count=1000 eviction_rate=0.404694 and unsatisfied allocation rate=0.512273
2017-10-04 11:24:39.475609: I tensorflow/core/common_runtime/gpu/pool_allocator.cc:259] Raising pool_size_limit_ from 100 to 110
2017-10-04 11:24:42.007597: I tensorflow/core/common_runtime/gpu/pool_allocator.cc:247] PoolAllocator: After 2779 get requests, put_count=3093 evicted_count=1000 eviction_rate=0.323311 and unsatisfied allocation rate=0.255128
2017-10-04 11:24:42.007619: I tensorflow/core/common_runtime/gpu/pool_allocator.cc:259] Raising pool_size_limit_ from 256 to 281
2017-10-04 11:24:47.501118: I tensorflow/core/common_runtime/gpu/pool_allocator.cc:247] PoolAllocator: After 15443 get requests, put_count=15407 evicted_count=1000 eviction_rate=0.0649056 and unsatisfied allocation rate=0.0709059
2017-10-04 11:24:47.501144: I tensorflow/core/common_runtime/gpu/pool_allocator.cc:259] Raising pool_size_limit_ from 655 to 720
2017-10-04 11:28:26.114656: I tensorflow/core/common_runtime/gpu/pool_allocator.cc:247] PoolAllocator: After 1778243 get requests, put_count=1778216 evicted_count=3000 eviction_rate=0.00168708 and unsatisfied allocation rate=0.00177366
2017-10-04 11:36:08.517655: I tensorflow/core/common_runtime/gpu/pool_allocator.cc:247] PoolAllocator: After 7055682 get requests, put_count=7055710 evicted_count=13000 eviction_rate=0.00184248 and unsatisfied allocation rate=0.00185652
