[iter]    0
[loss]    9121.5698
[trn_acc] 0.4800
[val_acc] 0.5340
[val_same_acc] 0.4860
[val_mean_acc] 0.5100

[iter]    1
[loss]    8596.4317
[trn_acc] 0.4400
[val_acc] 0.4980
[val_same_acc] 0.4700
[val_mean_acc] 0.4840

[iter]    2
[loss]    8362.1341
[trn_acc] 0.5200
[val_acc] 0.4940
[val_same_acc] 0.5060
[val_mean_acc] 0.5000

[iter]    3
[loss]    8191.1615
[trn_acc] 0.4400
[val_acc] 0.4760
[val_same_acc] 0.5380
[val_mean_acc] 0.5070

[iter]    4
[loss]    8033.2204
[trn_acc] 0.4900
[val_acc] 0.5320
[val_same_acc] 0.5100
[val_mean_acc] 0.5210

[iter]    5
[loss]    7834.7932
[trn_acc] 0.4900
[val_acc] 0.5020
[val_same_acc] 0.5180
[val_mean_acc] 0.5100

[iter]    6
[loss]    7521.2041
[trn_acc] 0.4900
[val_acc] 0.4980
[val_same_acc] 0.5100
[val_mean_acc] 0.5040

[iter]    7
[loss]    7058.4332
[trn_acc] 0.5200
[val_acc] 0.5100
[val_same_acc] 0.5220
[val_mean_acc] 0.5160

[iter]    8
[loss]    6350.5344
[trn_acc] 0.4800
[val_acc] 0.5040
[val_same_acc] 0.4960
[val_mean_acc] 0.5000

[iter]    9
[loss]    5211.5143
[trn_acc] 0.5800
[val_acc] 0.5120
[val_same_acc] 0.4840
[val_mean_acc] 0.4980

[iter]    10
[loss]    3890.8448
[trn_acc] 0.4800
[val_acc] 0.5000
[val_same_acc] 0.5360
[val_mean_acc] 0.5180

[iter]    11
[loss]    2717.4924
[trn_acc] 0.5900
[val_acc] 0.4800
[val_same_acc] 0.5480
[val_mean_acc] 0.5140

[iter]    12
[loss]    1844.9926
[trn_acc] 0.6100
[val_acc] 0.4800
[val_same_acc] 0.5300
[val_mean_acc] 0.5050

[iter]    13
[loss]    1285.4981
[trn_acc] 0.5500
[val_acc] 0.4800
[val_same_acc] 0.5520
[val_mean_acc] 0.5160

[iter]    14
[loss]    926.0993
[trn_acc] 0.5200
[val_acc] 0.4720
[val_same_acc] 0.5420
[val_mean_acc] 0.5070

[iter]    15
[loss]    721.7541
[trn_acc] 0.5500
[val_acc] 0.4860
[val_same_acc] 0.5620
[val_mean_acc] 0.5240

[iter]    16
[loss]    577.7517
[trn_acc] 0.6500
[val_acc] 0.4800
[val_same_acc] 0.5720
[val_mean_acc] 0.5260

[iter]    17
[loss]    477.9074
[trn_acc] 0.6200
[val_acc] 0.4900
[val_same_acc] 0.5720
[val_mean_acc] 0.5310

[iter]    18
[loss]    415.8692
[trn_acc] 0.5900
[val_acc] 0.4740
[val_same_acc] 0.5880
[val_mean_acc] 0.5310

[iter]    19
[loss]    355.7069
[trn_acc] 0.5600
[val_acc] 0.4860
[val_same_acc] 0.5680
[val_mean_acc] 0.5270

[iter]    20
[loss]    291.6137
[trn_acc] 0.6700
[val_acc] 0.4900
[val_same_acc] 0.5780
[val_mean_acc] 0.5340

[iter]    21
[loss]    266.7611
[trn_acc] 0.6100
[val_acc] 0.4740
[val_same_acc] 0.5940
[val_mean_acc] 0.5340

[iter]    22
[loss]    233.5099
[trn_acc] 0.6300
[val_acc] 0.4760
[val_same_acc] 0.5800
[val_mean_acc] 0.5280

[iter]    23
[loss]    221.5405
[trn_acc] 0.6900
[val_acc] 0.4800
[val_same_acc] 0.5880
[val_mean_acc] 0.5340

[iter]    24
[loss]    190.9251
[trn_acc] 0.6300
[val_acc] 0.4780
[val_same_acc] 0.5780
[val_mean_acc] 0.5280

[iter]    25
[loss]    174.8087
[trn_acc] 0.6800
[val_acc] 0.4840
[val_same_acc] 0.6040
[val_mean_acc] 0.5440

[iter]    26
[loss]    155.2299
[trn_acc] 0.6000
[val_acc] 0.4900
[val_same_acc] 0.5940
[val_mean_acc] 0.5420

[iter]    27
[loss]    170.9839
[trn_acc] 0.6700
[val_acc] 0.4800
[val_same_acc] 0.5900
[val_mean_acc] 0.5350

[iter]    28
[loss]    150.8170
[trn_acc] 0.6700
[val_acc] 0.4640
[val_same_acc] 0.5880
[val_mean_acc] 0.5260

[iter]    29
[loss]    126.4354
[trn_acc] 0.7100
[val_acc] 0.4860
[val_same_acc] 0.5860
[val_mean_acc] 0.5360

[iter]    30
[loss]    125.8232
[trn_acc] 0.5800
[val_acc] 0.4780
[val_same_acc] 0.6000
[val_mean_acc] 0.5390

[iter]    31
[loss]    115.4553
[trn_acc] 0.6900
[val_acc] 0.4740
[val_same_acc] 0.5960
[val_mean_acc] 0.5350

[iter]    32
[loss]    127.7470
[trn_acc] 0.6900
[val_acc] 0.4700
[val_same_acc] 0.5660
[val_mean_acc] 0.5180

[iter]    33
[loss]    127.3676
[trn_acc] 0.6300
[val_acc] 0.4700
[val_same_acc] 0.5660
[val_mean_acc] 0.5180

[iter]    34
[loss]    100.0206
[trn_acc] 0.6500
[val_acc] 0.4980
[val_same_acc] 0.6040
[val_mean_acc] 0.5510

[iter]    35
[loss]    98.9350
[trn_acc] 0.6700
[val_acc] 0.4800
[val_same_acc] 0.6020
[val_mean_acc] 0.5410

[iter]    36
[loss]    101.3828
[trn_acc] 0.6600
[val_acc] 0.4840
[val_same_acc] 0.6120
[val_mean_acc] 0.5480

[iter]    37
[loss]    122.1646
[trn_acc] 0.7100
[val_acc] 0.4900
[val_same_acc] 0.5980
[val_mean_acc] 0.5440

[iter]    38
[loss]    107.2714
[trn_acc] 0.7300
[val_acc] 0.4800
[val_same_acc] 0.6000
[val_mean_acc] 0.5400

[iter]    39
[loss]    90.9811
[trn_acc] 0.6600
[val_acc] 0.4720
[val_same_acc] 0.5940
[val_mean_acc] 0.5330

[iter]    40
[loss]    76.3670
[trn_acc] 0.7200
[val_acc] 0.4900
[val_same_acc] 0.6060
[val_mean_acc] 0.5480

[iter]    41
[loss]    72.7701
[trn_acc] 0.6700
[val_acc] 0.4960
[val_same_acc] 0.6120
[val_mean_acc] 0.5540

[iter]    42
[loss]    70.1752
[trn_acc] 0.7200
[val_acc] 0.4880
[val_same_acc] 0.6100
[val_mean_acc] 0.5490

[iter]    43
[loss]    72.6890
[trn_acc] 0.7200
[val_acc] 0.4980
[val_same_acc] 0.5960
[val_mean_acc] 0.5470

[iter]    44
[loss]    383.0838
[trn_acc] 0.7200
[val_acc] 0.4940
[val_same_acc] 0.5980
[val_mean_acc] 0.5460

[iter]    45
[loss]    293.7472
[trn_acc] 0.7600
[val_acc] 0.4860
[val_same_acc] 0.6060
[val_mean_acc] 0.5460

[iter]    46
[loss]    94.3423
[trn_acc] 0.6800
[val_acc] 0.5020
[val_same_acc] 0.6020
[val_mean_acc] 0.5520

[iter]    47
[loss]    80.5273
[trn_acc] 0.8500
[val_acc] 0.5040
[val_same_acc] 0.6260
[val_mean_acc] 0.5650

[iter]    48
[loss]    73.8427
[trn_acc] 0.6200
[val_acc] 0.4940
[val_same_acc] 0.6320
[val_mean_acc] 0.5630

[iter]    49
[loss]    68.8929
[trn_acc] 0.6900
[val_acc] 0.4920
[val_same_acc] 0.6140
[val_mean_acc] 0.5530

[iter]    50
[loss]    66.4001
[trn_acc] 0.7500
[val_acc] 0.4940
[val_same_acc] 0.6160
[val_mean_acc] 0.5550

[iter]    51
[loss]    64.1641
[trn_acc] 0.7700
[val_acc] 0.5020
[val_same_acc] 0.6160
[val_mean_acc] 0.5590

[iter]    52
[loss]    62.2577
[trn_acc] 0.7500
[val_acc] 0.4800
[val_same_acc] 0.6180
[val_mean_acc] 0.5490

[iter]    53
[loss]    62.1938
[trn_acc] 0.7500
[val_acc] 0.5060
[val_same_acc] 0.6120
[val_mean_acc] 0.5590

[iter]    54
[loss]    58.7183
[trn_acc] 0.7900
[val_acc] 0.5040
[val_same_acc] 0.6240
[val_mean_acc] 0.5640

[iter]    55
[loss]    58.1785
[trn_acc] 0.6700
[val_acc] 0.4960
[val_same_acc] 0.6160
[val_mean_acc] 0.5560

[iter]    56
[loss]    58.9665
[trn_acc] 0.7800
[val_acc] 0.4960
[val_same_acc] 0.6160
[val_mean_acc] 0.5560

[iter]    57
[loss]    57.8064
[trn_acc] 0.7400
[val_acc] 0.4920
[val_same_acc] 0.6300
[val_mean_acc] 0.5610

[iter]    58
[loss]    109.7854
[trn_acc] 0.7700
[val_acc] 0.4980
[val_same_acc] 0.6180
[val_mean_acc] 0.5580

[iter]    59
[loss]    61.4308
[trn_acc] 0.7700
[val_acc] 0.4900
[val_same_acc] 0.6000
[val_mean_acc] 0.5450

[iter]    60
[loss]    55.8843
[trn_acc] 0.7600
[val_acc] 0.4760
[val_same_acc] 0.6260
[val_mean_acc] 0.5510

[iter]    61
[loss]    53.4452
[trn_acc] 0.7600
[val_acc] 0.4780
[val_same_acc] 0.6060
[val_mean_acc] 0.5420

[iter]    62
[loss]    52.6674
[trn_acc] 0.7300
[val_acc] 0.4760
[val_same_acc] 0.6000
[val_mean_acc] 0.5380

[iter]    63
[loss]    51.5548
[trn_acc] 0.7800
[val_acc] 0.4840
[val_same_acc] 0.6020
[val_mean_acc] 0.5430

[iter]    64
[loss]    52.6103
[trn_acc] 0.7200
[val_acc] 0.4900
[val_same_acc] 0.6180
[val_mean_acc] 0.5540

[iter]    65
[loss]    51.8881
[trn_acc] 0.7400
[val_acc] 0.4860
[val_same_acc] 0.6240
[val_mean_acc] 0.5550

[iter]    66
[loss]    53.9010
[trn_acc] 0.7200
[val_acc] 0.4880
[val_same_acc] 0.6160
[val_mean_acc] 0.5520

[iter]    67
[loss]    138.0561
[trn_acc] 0.8000
[val_acc] 0.4740
[val_same_acc] 0.6180
[val_mean_acc] 0.5460

[iter]    68
[loss]    60.5772
[trn_acc] 0.7800
[val_acc] 0.4940
[val_same_acc] 0.6280
[val_mean_acc] 0.5610

[iter]    69
[loss]    50.8816
[trn_acc] 0.7800
[val_acc] 0.4860
[val_same_acc] 0.5920
[val_mean_acc] 0.5390

[iter]    70
[loss]    48.5581
[trn_acc] 0.8700
[val_acc] 0.4920
[val_same_acc] 0.6200
[val_mean_acc] 0.5560

[iter]    71
[loss]    48.4778
[trn_acc] 0.7500
[val_acc] 0.4860
[val_same_acc] 0.6200
[val_mean_acc] 0.5530

[iter]    72
[loss]    47.4017
[trn_acc] 0.7800
[val_acc] 0.4920
[val_same_acc] 0.6240
[val_mean_acc] 0.5580

[iter]    73
[loss]    46.6118
[trn_acc] 0.8100
[val_acc] 0.4920
[val_same_acc] 0.6000
[val_mean_acc] 0.5460

[iter]    74
[loss]    46.3644
[trn_acc] 0.8500
[val_acc] 0.4920
[val_same_acc] 0.5980
[val_mean_acc] 0.5450

[iter]    75
[loss]    45.7583
[trn_acc] 0.7100
[val_acc] 0.4900
[val_same_acc] 0.6300
[val_mean_acc] 0.5600

[iter]    76
[loss]    44.3876
[trn_acc] 0.8100
[val_acc] 0.4900
[val_same_acc] 0.6140
[val_mean_acc] 0.5520

[iter]    77
[loss]    44.6857
[trn_acc] 0.8300
[val_acc] 0.4960
[val_same_acc] 0.6100
[val_mean_acc] 0.5530

[iter]    78
[loss]    43.4665
[trn_acc] 0.8100
[val_acc] 0.5000
[val_same_acc] 0.6260
[val_mean_acc] 0.5630

[iter]    79
[loss]    43.8274
[trn_acc] 0.8200
[val_acc] 0.4940
[val_same_acc] 0.6400
[val_mean_acc] 0.5670

[iter]    80
[loss]    43.6846
[trn_acc] 0.8700
[val_acc] 0.4900
[val_same_acc] 0.6340
[val_mean_acc] 0.5620

[iter]    81
[loss]    43.1447
[trn_acc] 0.8400
[val_acc] 0.4900
[val_same_acc] 0.6220
[val_mean_acc] 0.5560

[iter]    82
[loss]    42.8852
[trn_acc] 0.8300
[val_acc] 0.4920
[val_same_acc] 0.6400
[val_mean_acc] 0.5660

[iter]    83
[loss]    41.6404
[trn_acc] 0.7500
[val_acc] 0.4920
[val_same_acc] 0.6420
[val_mean_acc] 0.5670

[iter]    84
[loss]    41.0474
[trn_acc] 0.7900
[val_acc] 0.4940
[val_same_acc] 0.6280
[val_mean_acc] 0.5610

[iter]    85
[loss]    41.0195
[trn_acc] 0.7900
[val_acc] 0.4960
[val_same_acc] 0.6340
[val_mean_acc] 0.5650

[iter]    86
[loss]    886.4307
[trn_acc] 0.7800
[val_acc] 0.4980
[val_same_acc] 0.6200
[val_mean_acc] 0.5590

[iter]    87
[loss]    175.7239
[trn_acc] 0.8200
[val_acc] 0.4920
[val_same_acc] 0.6140
[val_mean_acc] 0.5530

[iter]    88
[loss]    73.2576
[trn_acc] 0.8300
[val_acc] 0.4900
[val_same_acc] 0.6180
[val_mean_acc] 0.5540

[iter]    89
[loss]    58.9187
[trn_acc] 0.8500
[val_acc] 0.4920
[val_same_acc] 0.6380
[val_mean_acc] 0.5650

[iter]    90
[loss]    52.6764
[trn_acc] 0.8500
[val_acc] 0.4940
[val_same_acc] 0.6240
[val_mean_acc] 0.5590

[iter]    91
[loss]    49.6132
[trn_acc] 0.8600
[val_acc] 0.4880
[val_same_acc] 0.6320
[val_mean_acc] 0.5600

[iter]    92
[loss]    46.7263
[trn_acc] 0.8700
[val_acc] 0.4900
[val_same_acc] 0.6440
[val_mean_acc] 0.5670

[iter]    93
[loss]    44.6879
[trn_acc] 0.8400
[val_acc] 0.4920
[val_same_acc] 0.6380
[val_mean_acc] 0.5650

[iter]    94
[loss]    44.0456
[trn_acc] 0.7900
[val_acc] 0.4900
[val_same_acc] 0.6220
[val_mean_acc] 0.5560

[iter]    95
[loss]    42.7346
[trn_acc] 0.8300
[val_acc] 0.4880
[val_same_acc] 0.6300
[val_mean_acc] 0.5590

[iter]    96
[loss]    41.3788
[trn_acc] 0.8700
[val_acc] 0.4920
[val_same_acc] 0.6400
[val_mean_acc] 0.5660

[iter]    97
[loss]    42.1651
[trn_acc] 0.9100
[val_acc] 0.4940
[val_same_acc] 0.6340
[val_mean_acc] 0.5640

[iter]    98
[loss]    42.3693
[trn_acc] 0.8600
[val_acc] 0.4920
[val_same_acc] 0.6240
[val_mean_acc] 0.5580

[iter]    99
[loss]    52.4513
[trn_acc] 0.8500
[val_acc] 0.4920
[val_same_acc] 0.6220
[val_mean_acc] 0.5570

