2017-10-11 16:31:28.010828: W tensorflow/core/platform/cpu_feature_guard.cc:45] The TensorFlow library wasn't compiled to use SSE4.1 instructions, but these are available on your machine and could speed up CPU computations.
2017-10-11 16:31:28.010852: W tensorflow/core/platform/cpu_feature_guard.cc:45] The TensorFlow library wasn't compiled to use SSE4.2 instructions, but these are available on your machine and could speed up CPU computations.
2017-10-11 16:31:28.010856: W tensorflow/core/platform/cpu_feature_guard.cc:45] The TensorFlow library wasn't compiled to use AVX instructions, but these are available on your machine and could speed up CPU computations.
2017-10-11 16:31:28.010858: W tensorflow/core/platform/cpu_feature_guard.cc:45] The TensorFlow library wasn't compiled to use AVX2 instructions, but these are available on your machine and could speed up CPU computations.
2017-10-11 16:31:28.010861: W tensorflow/core/platform/cpu_feature_guard.cc:45] The TensorFlow library wasn't compiled to use FMA instructions, but these are available on your machine and could speed up CPU computations.
2017-10-11 16:31:30.010835: I tensorflow/stream_executor/cuda/cuda_gpu_executor.cc:893] successful NUMA node read from SysFS had negative value (-1), but there must be at least one NUMA node, so returning NUMA node zero
2017-10-11 16:31:30.011232: I tensorflow/core/common_runtime/gpu/gpu_device.cc:940] Found device 0 with properties: 
name: Tesla K40c
major: 3 minor: 5 memoryClockRate (GHz) 0.745
pciBusID 0000:04:00.0
Total memory: 11.17GiB
Free memory: 11.10GiB
2017-10-11 16:31:30.011242: I tensorflow/core/common_runtime/gpu/gpu_device.cc:961] DMA: 0 
2017-10-11 16:31:30.011246: I tensorflow/core/common_runtime/gpu/gpu_device.cc:971] 0:   Y 
2017-10-11 16:31:30.011253: I tensorflow/core/common_runtime/gpu/gpu_device.cc:1030] Creating TensorFlow device (/gpu:0) -> (device: 0, name: Tesla K40c, pci bus id: 0000:04:00.0)
2017-10-11 16:31:30.690917: I tensorflow/core/common_runtime/gpu/pool_allocator.cc:247] PoolAllocator: After 3372 get requests, put_count=3042 evicted_count=1000 eviction_rate=0.328731 and unsatisfied allocation rate=0.424081
2017-10-11 16:31:30.690940: I tensorflow/core/common_runtime/gpu/pool_allocator.cc:259] Raising pool_size_limit_ from 100 to 110
2017-10-11 16:31:33.269346: I tensorflow/core/common_runtime/gpu/pool_allocator.cc:247] PoolAllocator: After 4612 get requests, put_count=4609 evicted_count=1000 eviction_rate=0.216967 and unsatisfied allocation rate=0.222463
2017-10-11 16:31:33.269370: I tensorflow/core/common_runtime/gpu/pool_allocator.cc:259] Raising pool_size_limit_ from 256 to 281
2017-10-11 16:33:30.413888: I tensorflow/core/common_runtime/gpu/pool_allocator.cc:247] PoolAllocator: After 657501 get requests, put_count=657499 evicted_count=1000 eviction_rate=0.00152091 and unsatisfied allocation rate=0.00160608
