2017-09-26 07:52:50.329830: W tensorflow/core/platform/cpu_feature_guard.cc:45] The TensorFlow library wasn't compiled to use SSE4.1 instructions, but these are available on your machine and could speed up CPU computations.
2017-09-26 07:52:50.329856: W tensorflow/core/platform/cpu_feature_guard.cc:45] The TensorFlow library wasn't compiled to use SSE4.2 instructions, but these are available on your machine and could speed up CPU computations.
2017-09-26 07:52:50.329859: W tensorflow/core/platform/cpu_feature_guard.cc:45] The TensorFlow library wasn't compiled to use AVX instructions, but these are available on your machine and could speed up CPU computations.
2017-09-26 07:52:50.329862: W tensorflow/core/platform/cpu_feature_guard.cc:45] The TensorFlow library wasn't compiled to use AVX2 instructions, but these are available on your machine and could speed up CPU computations.
2017-09-26 07:52:50.329864: W tensorflow/core/platform/cpu_feature_guard.cc:45] The TensorFlow library wasn't compiled to use FMA instructions, but these are available on your machine and could speed up CPU computations.
2017-09-26 07:52:52.358039: I tensorflow/stream_executor/cuda/cuda_gpu_executor.cc:893] successful NUMA node read from SysFS had negative value (-1), but there must be at least one NUMA node, so returning NUMA node zero
2017-09-26 07:52:52.358454: I tensorflow/core/common_runtime/gpu/gpu_device.cc:940] Found device 0 with properties: 
name: Tesla K40c
major: 3 minor: 5 memoryClockRate (GHz) 0.745
pciBusID 0000:04:00.0
Total memory: 11.17GiB
Free memory: 11.10GiB
2017-09-26 07:52:52.358465: I tensorflow/core/common_runtime/gpu/gpu_device.cc:961] DMA: 0 
2017-09-26 07:52:52.358468: I tensorflow/core/common_runtime/gpu/gpu_device.cc:971] 0:   Y 
2017-09-26 07:52:52.358475: I tensorflow/core/common_runtime/gpu/gpu_device.cc:1030] Creating TensorFlow device (/gpu:0) -> (device: 0, name: Tesla K40c, pci bus id: 0000:04:00.0)
2017-09-26 07:52:53.006771: I tensorflow/core/common_runtime/gpu/pool_allocator.cc:247] PoolAllocator: After 4264 get requests, put_count=2929 evicted_count=1000 eviction_rate=0.341413 and unsatisfied allocation rate=0.57106
2017-09-26 07:52:53.006796: I tensorflow/core/common_runtime/gpu/pool_allocator.cc:259] Raising pool_size_limit_ from 100 to 110
2017-09-26 07:52:54.266860: I tensorflow/core/common_runtime/gpu/pool_allocator.cc:247] PoolAllocator: After 4691 get requests, put_count=3348 evicted_count=1000 eviction_rate=0.298686 and unsatisfied allocation rate=0.50437
2017-09-26 07:52:54.266885: I tensorflow/core/common_runtime/gpu/pool_allocator.cc:259] Raising pool_size_limit_ from 256 to 281
2017-09-26 07:52:55.669950: I tensorflow/core/common_runtime/gpu/pool_allocator.cc:247] PoolAllocator: After 4519 get requests, put_count=3701 evicted_count=1000 eviction_rate=0.270197 and unsatisfied allocation rate=0.413145
2017-09-26 07:52:55.669974: I tensorflow/core/common_runtime/gpu/pool_allocator.cc:259] Raising pool_size_limit_ from 542 to 596
2017-09-26 07:52:57.338546: I tensorflow/core/common_runtime/gpu/pool_allocator.cc:247] PoolAllocator: After 5638 get requests, put_count=6258 evicted_count=2000 eviction_rate=0.319591 and unsatisfied allocation rate=0.261618
2017-09-26 07:52:57.338570: I tensorflow/core/common_runtime/gpu/pool_allocator.cc:259] Raising pool_size_limit_ from 1053 to 1158
2017-09-26 07:53:50.685318: I tensorflow/core/common_runtime/gpu/pool_allocator.cc:247] PoolAllocator: After 725152 get requests, put_count=725155 evicted_count=1000 eviction_rate=0.00137902 and unsatisfied allocation rate=0.0017155
2017-09-26 07:59:25.318248: I tensorflow/core/common_runtime/gpu/pool_allocator.cc:247] PoolAllocator: After 6558382 get requests, put_count=6558391 evicted_count=11000 eviction_rate=0.00167724 and unsatisfied allocation rate=0.00171353
2017-09-26 08:05:23.668225: I tensorflow/core/common_runtime/gpu/pool_allocator.cc:247] PoolAllocator: After 12801022 get requests, put_count=12801031 evicted_count=21000 eviction_rate=0.00164049 and unsatisfied allocation rate=0.00165909
2017-09-26 08:10:58.970875: I tensorflow/core/common_runtime/gpu/pool_allocator.cc:247] PoolAllocator: After 18645429 get requests, put_count=18645426 evicted_count=31000 eviction_rate=0.00166261 and unsatisfied allocation rate=0.00167601
2017-09-26 08:16:43.805882: I tensorflow/core/common_runtime/gpu/pool_allocator.cc:247] PoolAllocator: After 24647765 get requests, put_count=24647774 evicted_count=41000 eviction_rate=0.00166344 and unsatisfied allocation rate=0.00167309
2017-09-26 08:22:17.834671: I tensorflow/core/common_runtime/gpu/pool_allocator.cc:247] PoolAllocator: After 30465642 get requests, put_count=30465635 evicted_count=51000 eviction_rate=0.00167402 and unsatisfied allocation rate=0.00168235
2017-09-26 08:28:04.226956: I tensorflow/core/common_runtime/gpu/pool_allocator.cc:247] PoolAllocator: After 36505357 get requests, put_count=36505365 evicted_count=61000 eviction_rate=0.00167099 and unsatisfied allocation rate=0.00167753
2017-09-26 08:33:59.721448: I tensorflow/core/common_runtime/gpu/pool_allocator.cc:247] PoolAllocator: After 42694662 get requests, put_count=42694665 evicted_count=71000 eviction_rate=0.00166297 and unsatisfied allocation rate=0.00166869
2017-09-26 08:39:36.980135: I tensorflow/core/common_runtime/gpu/pool_allocator.cc:247] PoolAllocator: After 48565416 get requests, put_count=48565423 evicted_count=81000 eviction_rate=0.00166785 and unsatisfied allocation rate=0.0016728
2017-09-26 08:45:04.820530: I tensorflow/core/common_runtime/gpu/pool_allocator.cc:247] PoolAllocator: After 54267179 get requests, put_count=54267188 evicted_count=91000 eviction_rate=0.00167689 and unsatisfied allocation rate=0.00168127
2017-09-26 08:50:47.876689: I tensorflow/core/common_runtime/gpu/pool_allocator.cc:247] PoolAllocator: After 60236143 get requests, put_count=60236150 evicted_count=101000 eviction_rate=0.00167673 and unsatisfied allocation rate=0.00168072
2017-09-26 08:56:24.446373: I tensorflow/core/common_runtime/gpu/pool_allocator.cc:247] PoolAllocator: After 66094656 get requests, put_count=66094661 evicted_count=111000 eviction_rate=0.00167941 and unsatisfied allocation rate=0.00168307
2017-09-26 09:02:32.557294: I tensorflow/core/common_runtime/gpu/pool_allocator.cc:247] PoolAllocator: After 72503119 get requests, put_count=72503030 evicted_count=121000 eviction_rate=0.0016689 and unsatisfied allocation rate=0.00167353
2017-09-26 09:08:25.948940: I tensorflow/core/common_runtime/gpu/pool_allocator.cc:247] PoolAllocator: After 78649981 get requests, put_count=78649988 evicted_count=131000 eviction_rate=0.00166561 and unsatisfied allocation rate=0.00166866
2017-09-26 09:14:24.800482: I tensorflow/core/common_runtime/gpu/pool_allocator.cc:247] PoolAllocator: After 84899710 get requests, put_count=84899720 evicted_count=141000 eviction_rate=0.00166078 and unsatisfied allocation rate=0.00166357
2017-09-26 09:20:28.344986: I tensorflow/core/common_runtime/gpu/pool_allocator.cc:247] PoolAllocator: After 91226279 get requests, put_count=91226287 evicted_count=151000 eviction_rate=0.00165522 and unsatisfied allocation rate=0.00165784
2017-09-26 09:26:10.490157: I tensorflow/core/common_runtime/gpu/pool_allocator.cc:247] PoolAllocator: After 97184450 get requests, put_count=97184455 evicted_count=161000 eviction_rate=0.00165664 and unsatisfied allocation rate=0.00165913
2017-09-26 09:31:55.098153: I tensorflow/core/common_runtime/gpu/pool_allocator.cc:247] PoolAllocator: After 103184877 get requests, put_count=103184756 evicted_count=171000 eviction_rate=0.00165722 and unsatisfied allocation rate=0.00166079
2017-09-26 09:37:36.483246: I tensorflow/core/common_runtime/gpu/pool_allocator.cc:247] PoolAllocator: After 109125176 get requests, put_count=109125180 evicted_count=181000 eviction_rate=0.00165865 and unsatisfied allocation rate=0.00166087
2017-09-26 09:43:19.444924: I tensorflow/core/common_runtime/gpu/pool_allocator.cc:247] PoolAllocator: After 115098617 get requests, put_count=115098623 evicted_count=191000 eviction_rate=0.00165945 and unsatisfied allocation rate=0.00166154
2017-09-26 09:49:05.738983: I tensorflow/core/common_runtime/gpu/pool_allocator.cc:247] PoolAllocator: After 121126426 get requests, put_count=121126436 evicted_count=201000 eviction_rate=0.00165942 and unsatisfied allocation rate=0.00166138
2017-09-26 09:55:00.654372: I tensorflow/core/common_runtime/gpu/pool_allocator.cc:247] PoolAllocator: After 127311623 get requests, put_count=127311627 evicted_count=211000 eviction_rate=0.00165735 and unsatisfied allocation rate=0.00165926
2017-09-26 10:01:02.174571: I tensorflow/core/common_runtime/gpu/pool_allocator.cc:247] PoolAllocator: After 133604656 get requests, put_count=133604664 evicted_count=221000 eviction_rate=0.00165413 and unsatisfied allocation rate=0.00165592
2017-09-26 10:06:57.519755: I tensorflow/core/common_runtime/gpu/pool_allocator.cc:247] PoolAllocator: After 139793794 get requests, put_count=139793802 evicted_count=231000 eviction_rate=0.00165243 and unsatisfied allocation rate=0.00165414
2017-09-26 10:12:39.274504: I tensorflow/core/common_runtime/gpu/pool_allocator.cc:247] PoolAllocator: After 145742908 get requests, put_count=145742914 evicted_count=241000 eviction_rate=0.0016536 and unsatisfied allocation rate=0.00165525
2017-09-26 10:18:37.846809: I tensorflow/core/common_runtime/gpu/pool_allocator.cc:247] PoolAllocator: After 151981536 get requests, put_count=151981542 evicted_count=251000 eviction_rate=0.00165152 and unsatisfied allocation rate=0.0016531
2017-09-26 10:24:27.523180: I tensorflow/core/common_runtime/gpu/pool_allocator.cc:247] PoolAllocator: After 158071126 get requests, put_count=158071130 evicted_count=261000 eviction_rate=0.00165116 and unsatisfied allocation rate=0.00165269
2017-09-26 10:30:30.634415: I tensorflow/core/common_runtime/gpu/pool_allocator.cc:247] PoolAllocator: After 164393095 get requests, put_count=164393097 evicted_count=271000 eviction_rate=0.00164849 and unsatisfied allocation rate=0.00164998
2017-09-26 10:36:24.124152: I tensorflow/core/common_runtime/gpu/pool_allocator.cc:247] PoolAllocator: After 170541761 get requests, put_count=170541766 evicted_count=281000 eviction_rate=0.00164769 and unsatisfied allocation rate=0.00164911
2017-09-26 10:42:13.707496: I tensorflow/core/common_runtime/gpu/pool_allocator.cc:247] PoolAllocator: After 176633663 get requests, put_count=176633666 evicted_count=291000 eviction_rate=0.00164748 and unsatisfied allocation rate=0.00164886
2017-09-26 10:47:58.940523: I tensorflow/core/common_runtime/gpu/pool_allocator.cc:247] PoolAllocator: After 182644325 get requests, put_count=182644333 evicted_count=301000 eviction_rate=0.00164801 and unsatisfied allocation rate=0.00164932
2017-09-26 10:53:47.055797: I tensorflow/core/common_runtime/gpu/pool_allocator.cc:247] PoolAllocator: After 188706275 get requests, put_count=188706285 evicted_count=311000 eviction_rate=0.00164806 and unsatisfied allocation rate=0.00164932
2017-09-26 10:59:23.992878: I tensorflow/core/common_runtime/gpu/pool_allocator.cc:247] PoolAllocator: After 194568641 get requests, put_count=194568651 evicted_count=321000 eviction_rate=0.0016498 and unsatisfied allocation rate=0.00165102
2017-09-26 11:05:13.759384: I tensorflow/core/common_runtime/gpu/pool_allocator.cc:247] PoolAllocator: After 200649839 get requests, put_count=200649842 evicted_count=331000 eviction_rate=0.00164964 and unsatisfied allocation rate=0.00165086
2017-09-26 11:11:05.126310: I tensorflow/core/common_runtime/gpu/pool_allocator.cc:247] PoolAllocator: After 206764463 get requests, put_count=206764467 evicted_count=341000 eviction_rate=0.00164922 and unsatisfied allocation rate=0.00165039
2017-09-26 11:17:03.850497: I tensorflow/core/common_runtime/gpu/pool_allocator.cc:247] PoolAllocator: After 213004993 get requests, put_count=213004999 evicted_count=351000 eviction_rate=0.00164785 and unsatisfied allocation rate=0.00164898
2017-09-26 11:22:52.832520: I tensorflow/core/common_runtime/gpu/pool_allocator.cc:247] PoolAllocator: After 219085184 get requests, put_count=219085194 evicted_count=361000 eviction_rate=0.00164776 and unsatisfied allocation rate=0.00164884
2017-09-26 11:28:43.719114: I tensorflow/core/common_runtime/gpu/pool_allocator.cc:247] PoolAllocator: After 225197812 get requests, put_count=225197814 evicted_count=371000 eviction_rate=0.00164744 and unsatisfied allocation rate=0.00164853
2017-09-26 11:34:03.959549: I tensorflow/core/common_runtime/gpu/pool_allocator.cc:247] PoolAllocator: After 230781672 get requests, put_count=230781679 evicted_count=381000 eviction_rate=0.00165091 and unsatisfied allocation rate=0.00165195
2017-09-26 11:39:26.957480: I tensorflow/core/common_runtime/gpu/pool_allocator.cc:247] PoolAllocator: After 236404209 get requests, put_count=236404219 evicted_count=391000 eviction_rate=0.00165395 and unsatisfied allocation rate=0.00165495
2017-09-26 11:45:07.615075: I tensorflow/core/common_runtime/gpu/pool_allocator.cc:247] PoolAllocator: After 242335882 get requests, put_count=242335891 evicted_count=401000 eviction_rate=0.00165473 and unsatisfied allocation rate=0.00165571
2017-09-26 11:51:02.944179: I tensorflow/core/common_runtime/gpu/pool_allocator.cc:247] PoolAllocator: After 248523060 get requests, put_count=248523069 evicted_count=411000 eviction_rate=0.00165377 and unsatisfied allocation rate=0.00165473
2017-09-26 11:57:01.584322: I tensorflow/core/common_runtime/gpu/pool_allocator.cc:247] PoolAllocator: After 254768398 get requests, put_count=254768400 evicted_count=421000 eviction_rate=0.00165248 and unsatisfied allocation rate=0.00165344
2017-09-26 12:02:41.426004: I tensorflow/core/common_runtime/gpu/pool_allocator.cc:247] PoolAllocator: After 260691390 get requests, put_count=260691400 evicted_count=431000 eviction_rate=0.0016533 and unsatisfied allocation rate=0.0016542
2017-09-26 12:08:25.591173: I tensorflow/core/common_runtime/gpu/pool_allocator.cc:247] PoolAllocator: After 266683793 get requests, put_count=266683798 evicted_count=441000 eviction_rate=0.00165364 and unsatisfied allocation rate=0.00165455
2017-09-26 12:14:12.399954: I tensorflow/core/common_runtime/gpu/pool_allocator.cc:247] PoolAllocator: After 272723284 get requests, put_count=272723289 evicted_count=451000 eviction_rate=0.00165369 and unsatisfied allocation rate=0.00165458
2017-09-26 12:19:50.984479: I tensorflow/core/common_runtime/gpu/pool_allocator.cc:247] PoolAllocator: After 278624828 get requests, put_count=278624787 evicted_count=461000 eviction_rate=0.00165455 and unsatisfied allocation rate=0.00165559
2017-09-26 12:25:56.504679: I tensorflow/core/common_runtime/gpu/pool_allocator.cc:247] PoolAllocator: After 284992778 get requests, put_count=284992660 evicted_count=471000 eviction_rate=0.00165267 and unsatisfied allocation rate=0.00165395
2017-09-26 12:31:47.610945: I tensorflow/core/common_runtime/gpu/pool_allocator.cc:247] PoolAllocator: After 291102959 get requests, put_count=291102968 evicted_count=481000 eviction_rate=0.00165234 and unsatisfied allocation rate=0.00165315
2017-09-26 12:37:02.229091: I tensorflow/core/common_runtime/gpu/pool_allocator.cc:247] PoolAllocator: After 296585078 get requests, put_count=296585087 evicted_count=491000 eviction_rate=0.00165551 and unsatisfied allocation rate=0.00165631
2017-09-26 12:42:55.627984: I tensorflow/core/common_runtime/gpu/pool_allocator.cc:247] PoolAllocator: After 302735137 get requests, put_count=302735142 evicted_count=501000 eviction_rate=0.00165491 and unsatisfied allocation rate=0.00165571
2017-09-26 12:48:45.767809: I tensorflow/core/common_runtime/gpu/pool_allocator.cc:247] PoolAllocator: After 308836533 get requests, put_count=308836543 evicted_count=511000 eviction_rate=0.0016546 and unsatisfied allocation rate=0.00165536
2017-09-26 12:54:45.050395: I tensorflow/core/common_runtime/gpu/pool_allocator.cc:247] PoolAllocator: After 315094714 get requests, put_count=315094719 evicted_count=521000 eviction_rate=0.00165347 and unsatisfied allocation rate=0.00165424
2017-09-26 13:00:36.561660: I tensorflow/core/common_runtime/gpu/pool_allocator.cc:247] PoolAllocator: After 321217648 get requests, put_count=321217656 evicted_count=531000 eviction_rate=0.00165308 and unsatisfied allocation rate=0.00165383
2017-09-26 13:06:39.915111: I tensorflow/core/common_runtime/gpu/pool_allocator.cc:247] PoolAllocator: After 327542686 get requests, put_count=327542694 evicted_count=541000 eviction_rate=0.00165169 and unsatisfied allocation rate=0.00165242
2017-09-26 13:12:20.629140: I tensorflow/core/common_runtime/gpu/pool_allocator.cc:247] PoolAllocator: After 333476937 get requests, put_count=333476946 evicted_count=551000 eviction_rate=0.00165229 and unsatisfied allocation rate=0.001653
2017-09-26 13:18:17.072414: I tensorflow/core/common_runtime/gpu/pool_allocator.cc:247] PoolAllocator: After 339679695 get requests, put_count=339679697 evicted_count=561000 eviction_rate=0.00165156 and unsatisfied allocation rate=0.00165228
2017-09-26 13:24:10.587567: I tensorflow/core/common_runtime/gpu/pool_allocator.cc:247] PoolAllocator: After 345837884 get requests, put_count=345837891 evicted_count=571000 eviction_rate=0.00165106 and unsatisfied allocation rate=0.00165176
